2025-05-31 16:16:27,915 - root - INFO - === 游戏日志系统启动 ===
2025-05-31 16:16:27,916 - root - INFO - 时间戳: 20250531_161627
2025-05-31 16:16:27,916 - root - INFO - 调试模式: 关闭
2025-05-31 16:16:27,916 - __main__ - INFO - 正在加载配置文件...
2025-05-31 16:16:27,917 - __main__ - INFO - 正在初始化第 1 轮游戏...
2025-05-31 16:16:27,919 - root - INFO - === 游戏日志系统启动 ===
2025-05-31 16:16:27,919 - root - INFO - === 游戏日志系统启动 ===
2025-05-31 16:16:27,919 - root - INFO - 时间戳: 20250531_161627
2025-05-31 16:16:27,919 - root - INFO - 时间戳: 20250531_161627
2025-05-31 16:16:27,920 - root - INFO - 调试模式: 关闭
2025-05-31 16:16:27,920 - root - INFO - 调试模式: 关闭
2025-05-31 16:16:27,921 - __main__ - INFO - 游戏开始...
2025-05-31 16:16:27,921 - __main__ - INFO - 游戏开始...
2025-05-31 16:16:40,306 - httpx - INFO - HTTP Request: POST https://api.toiotech.com/v1/chat/completions "HTTP/1.1 200 OK"
2025-05-31 16:16:40,306 - httpx - INFO - HTTP Request: POST https://api.toiotech.com/v1/chat/completions "HTTP/1.1 200 OK"
2025-05-31 16:16:50,334 - httpx - INFO - HTTP Request: POST https://api.toiotech.com/v1/chat/completions "HTTP/1.1 200 OK"
2025-05-31 16:16:50,334 - httpx - INFO - HTTP Request: POST https://api.toiotech.com/v1/chat/completions "HTTP/1.1 200 OK"
2025-05-31 16:17:00,223 - httpx - INFO - HTTP Request: POST https://api.toiotech.com/v1/chat/completions "HTTP/1.1 200 OK"
2025-05-31 16:17:00,223 - httpx - INFO - HTTP Request: POST https://api.toiotech.com/v1/chat/completions "HTTP/1.1 200 OK"
2025-05-31 16:17:02,824 - httpx - INFO - HTTP Request: POST https://api.toiotech.com/v1/chat/completions "HTTP/1.1 200 OK"
2025-05-31 16:17:02,824 - httpx - INFO - HTTP Request: POST https://api.toiotech.com/v1/chat/completions "HTTP/1.1 200 OK"
2025-05-31 16:17:02,825 - game.roles - INFO - 预言家查验了玩家 player1，结果是狼人
2025-05-31 16:17:02,825 - game.roles - INFO - 预言家查验了玩家 player1，结果是狼人
2025-05-31 16:17:02,826 - root - INFO - 能力使用: 玩家player3使用查验 正确
2025-05-31 16:17:02,826 - root - INFO - 能力使用: 玩家player3使用查验 正确
2025-05-31 16:17:13,304 - httpx - INFO - HTTP Request: POST https://api.toiotech.com/v1/chat/completions "HTTP/1.1 200 OK"
2025-05-31 16:17:13,304 - httpx - INFO - HTTP Request: POST https://api.toiotech.com/v1/chat/completions "HTTP/1.1 200 OK"
