2025-05-31 17:08:51,181 - root - INFO - === 游戏日志系统启动 ===
2025-05-31 17:08:51,181 - root - INFO - 时间戳: 20250531_170851
2025-05-31 17:08:51,182 - root - INFO - 调试模式: 关闭
2025-05-31 17:08:51,182 - __main__ - INFO - 正在加载配置文件...
2025-05-31 17:08:51,183 - __main__ - INFO - 正在初始化第 1 轮游戏...
2025-05-31 17:08:51,185 - root - INFO - === 游戏日志系统启动 ===
2025-05-31 17:08:51,185 - root - INFO - === 游戏日志系统启动 ===
2025-05-31 17:08:51,185 - root - INFO - 时间戳: 20250531_170851
2025-05-31 17:08:51,185 - root - INFO - 时间戳: 20250531_170851
2025-05-31 17:08:51,196 - root - INFO - 调试模式: 关闭
2025-05-31 17:08:51,196 - root - INFO - 调试模式: 关闭
2025-05-31 17:08:51,198 - __main__ - INFO - 游戏开始...
2025-05-31 17:08:51,198 - __main__ - INFO - 游戏开始...
2025-05-31 17:09:03,298 - httpx - INFO - HTTP Request: POST https://api.toiotech.com/v1/chat/completions "HTTP/1.1 200 OK"
2025-05-31 17:09:03,298 - httpx - INFO - HTTP Request: POST https://api.toiotech.com/v1/chat/completions "HTTP/1.1 200 OK"
2025-05-31 17:09:11,580 - httpx - INFO - HTTP Request: POST https://api.toiotech.com/v1/chat/completions "HTTP/1.1 200 OK"
2025-05-31 17:09:11,580 - httpx - INFO - HTTP Request: POST https://api.toiotech.com/v1/chat/completions "HTTP/1.1 200 OK"
2025-05-31 17:09:20,038 - httpx - INFO - HTTP Request: POST https://api.toiotech.com/v1/chat/completions "HTTP/1.1 200 OK"
2025-05-31 17:09:20,038 - httpx - INFO - HTTP Request: POST https://api.toiotech.com/v1/chat/completions "HTTP/1.1 200 OK"
2025-05-31 17:09:22,824 - httpx - INFO - HTTP Request: POST https://api.toiotech.com/v1/chat/completions "HTTP/1.1 200 OK"
2025-05-31 17:09:22,824 - httpx - INFO - HTTP Request: POST https://api.toiotech.com/v1/chat/completions "HTTP/1.1 200 OK"
2025-05-31 17:09:22,825 - game.roles - INFO - 预言家查验了玩家 player1，结果是狼人
2025-05-31 17:09:22,825 - game.roles - INFO - 预言家查验了玩家 player1，结果是狼人
2025-05-31 17:09:22,826 - root - INFO - 能力使用: 玩家player3使用查验 正确
2025-05-31 17:09:22,826 - root - INFO - 能力使用: 玩家player3使用查验 正确
2025-05-31 17:09:35,728 - httpx - INFO - HTTP Request: POST https://api.toiotech.com/v1/chat/completions "HTTP/1.1 200 OK"
2025-05-31 17:09:35,728 - httpx - INFO - HTTP Request: POST https://api.toiotech.com/v1/chat/completions "HTTP/1.1 200 OK"
2025-05-31 17:09:45,781 - httpx - INFO - HTTP Request: POST https://api.toiotech.com/v1/chat/completions "HTTP/1.1 200 OK"
2025-05-31 17:09:45,781 - httpx - INFO - HTTP Request: POST https://api.toiotech.com/v1/chat/completions "HTTP/1.1 200 OK"
2025-05-31 17:09:51,135 - httpx - INFO - HTTP Request: POST https://api.toiotech.com/v1/chat/completions "HTTP/1.1 200 OK"
2025-05-31 17:09:51,135 - httpx - INFO - HTTP Request: POST https://api.toiotech.com/v1/chat/completions "HTTP/1.1 200 OK"
2025-05-31 17:10:03,082 - httpx - INFO - HTTP Request: POST https://api.toiotech.com/v1/chat/completions "HTTP/1.1 200 OK"
2025-05-31 17:10:03,082 - httpx - INFO - HTTP Request: POST https://api.toiotech.com/v1/chat/completions "HTTP/1.1 200 OK"
2025-05-31 17:10:09,757 - httpx - INFO - HTTP Request: POST https://api.toiotech.com/v1/chat/completions "HTTP/1.1 200 OK"
2025-05-31 17:10:09,757 - httpx - INFO - HTTP Request: POST https://api.toiotech.com/v1/chat/completions "HTTP/1.1 200 OK"
2025-05-31 17:10:23,277 - httpx - INFO - HTTP Request: POST https://api.toiotech.com/v1/chat/completions "HTTP/1.1 200 OK"
2025-05-31 17:10:23,277 - httpx - INFO - HTTP Request: POST https://api.toiotech.com/v1/chat/completions "HTTP/1.1 200 OK"
