2025-05-31 17:10:59,845 - root - INFO - === 游戏日志系统启动 ===
2025-05-31 17:10:59,845 - root - INFO - 时间戳: 20250531_171059
2025-05-31 17:10:59,845 - root - INFO - 调试模式: 关闭
2025-05-31 17:10:59,845 - __main__ - INFO - 正在加载配置文件...
2025-05-31 17:10:59,846 - __main__ - INFO - 正在初始化第 1 轮游戏...
2025-05-31 17:10:59,848 - root - INFO - === 游戏日志系统启动 ===
2025-05-31 17:10:59,848 - root - INFO - === 游戏日志系统启动 ===
2025-05-31 17:10:59,849 - root - INFO - 时间戳: 20250531_171059
2025-05-31 17:10:59,849 - root - INFO - 时间戳: 20250531_171059
2025-05-31 17:10:59,859 - root - INFO - 调试模式: 关闭
2025-05-31 17:10:59,859 - root - INFO - 调试模式: 关闭
2025-05-31 17:10:59,861 - __main__ - INFO - 游戏开始...
2025-05-31 17:10:59,861 - __main__ - INFO - 游戏开始...
2025-05-31 17:11:19,216 - httpx - INFO - HTTP Request: POST https://api.toiotech.com/v1/chat/completions "HTTP/1.1 200 OK"
2025-05-31 17:11:19,216 - httpx - INFO - HTTP Request: POST https://api.toiotech.com/v1/chat/completions "HTTP/1.1 200 OK"
2025-05-31 17:11:27,264 - httpx - INFO - HTTP Request: POST https://api.toiotech.com/v1/chat/completions "HTTP/1.1 200 OK"
2025-05-31 17:11:27,264 - httpx - INFO - HTTP Request: POST https://api.toiotech.com/v1/chat/completions "HTTP/1.1 200 OK"
2025-05-31 17:11:37,451 - httpx - INFO - HTTP Request: POST https://api.toiotech.com/v1/chat/completions "HTTP/1.1 200 OK"
2025-05-31 17:11:37,451 - httpx - INFO - HTTP Request: POST https://api.toiotech.com/v1/chat/completions "HTTP/1.1 200 OK"
2025-05-31 17:11:40,003 - httpx - INFO - HTTP Request: POST https://api.toiotech.com/v1/chat/completions "HTTP/1.1 200 OK"
2025-05-31 17:11:40,003 - httpx - INFO - HTTP Request: POST https://api.toiotech.com/v1/chat/completions "HTTP/1.1 200 OK"
2025-05-31 17:11:40,004 - game.roles - INFO - 预言家查验了玩家 player1，结果是狼人
2025-05-31 17:11:40,004 - game.roles - INFO - 预言家查验了玩家 player1，结果是狼人
2025-05-31 17:11:40,005 - root - INFO - 能力使用: 玩家player3使用查验 正确
2025-05-31 17:11:40,005 - root - INFO - 能力使用: 玩家player3使用查验 正确
