2025-05-31 14:05:43,150 - root - INFO - === 游戏日志系统启动 ===
2025-05-31 14:05:43,150 - root - INFO - 时间戳: 20250531_140543
2025-05-31 14:05:43,150 - root - INFO - 调试模式: 关闭
2025-05-31 14:05:43,150 - __main__ - INFO - 正在加载配置文件...
2025-05-31 14:05:43,151 - __main__ - INFO - 正在初始化第 1 轮游戏...
2025-05-31 14:05:43,153 - root - INFO - === 游戏日志系统启动 ===
2025-05-31 14:05:43,153 - root - INFO - === 游戏日志系统启动 ===
2025-05-31 14:05:43,154 - root - INFO - 时间戳: 20250531_140543
2025-05-31 14:05:43,154 - root - INFO - 时间戳: 20250531_140543
2025-05-31 14:05:43,155 - root - INFO - 调试模式: 关闭
2025-05-31 14:05:43,155 - root - INFO - 调试模式: 关闭
2025-05-31 14:05:43,156 - __main__ - INFO - 游戏开始...
2025-05-31 14:05:43,156 - __main__ - INFO - 游戏开始...
2025-05-31 14:05:57,902 - httpx - INFO - HTTP Request: POST https://api.toiotech.com/v1/chat/completions "HTTP/1.1 200 OK"
2025-05-31 14:05:57,902 - httpx - INFO - HTTP Request: POST https://api.toiotech.com/v1/chat/completions "HTTP/1.1 200 OK"
2025-05-31 14:06:07,043 - httpx - INFO - HTTP Request: POST https://api.toiotech.com/v1/chat/completions "HTTP/1.1 200 OK"
2025-05-31 14:06:07,043 - httpx - INFO - HTTP Request: POST https://api.toiotech.com/v1/chat/completions "HTTP/1.1 200 OK"
2025-05-31 14:06:15,725 - httpx - INFO - HTTP Request: POST https://api.toiotech.com/v1/chat/completions "HTTP/1.1 200 OK"
2025-05-31 14:06:15,725 - httpx - INFO - HTTP Request: POST https://api.toiotech.com/v1/chat/completions "HTTP/1.1 200 OK"
2025-05-31 14:06:19,187 - httpx - INFO - HTTP Request: POST https://api.toiotech.com/v1/chat/completions "HTTP/1.1 200 OK"
2025-05-31 14:06:19,187 - httpx - INFO - HTTP Request: POST https://api.toiotech.com/v1/chat/completions "HTTP/1.1 200 OK"
2025-05-31 14:06:19,189 - game.roles - INFO - 预言家查验了玩家 player1，结果是狼人
2025-05-31 14:06:19,189 - game.roles - INFO - 预言家查验了玩家 player1，结果是狼人
2025-05-31 14:06:19,190 - root - INFO - 能力使用: 玩家player3使用查验 正确
2025-05-31 14:06:19,190 - root - INFO - 能力使用: 玩家player3使用查验 正确
2025-05-31 14:06:30,654 - httpx - INFO - HTTP Request: POST https://api.toiotech.com/v1/chat/completions "HTTP/1.1 200 OK"
2025-05-31 14:06:30,654 - httpx - INFO - HTTP Request: POST https://api.toiotech.com/v1/chat/completions "HTTP/1.1 200 OK"
2025-05-31 14:06:37,944 - httpx - INFO - HTTP Request: POST https://api.toiotech.com/v1/chat/completions "HTTP/1.1 200 OK"
2025-05-31 14:06:37,944 - httpx - INFO - HTTP Request: POST https://api.toiotech.com/v1/chat/completions "HTTP/1.1 200 OK"
2025-05-31 14:06:45,264 - httpx - INFO - HTTP Request: POST https://api.toiotech.com/v1/chat/completions "HTTP/1.1 200 OK"
2025-05-31 14:06:45,264 - httpx - INFO - HTTP Request: POST https://api.toiotech.com/v1/chat/completions "HTTP/1.1 200 OK"
2025-05-31 14:06:57,771 - httpx - INFO - HTTP Request: POST https://api.toiotech.com/v1/chat/completions "HTTP/1.1 200 OK"
2025-05-31 14:06:57,771 - httpx - INFO - HTTP Request: POST https://api.toiotech.com/v1/chat/completions "HTTP/1.1 200 OK"
2025-05-31 14:07:05,786 - httpx - INFO - HTTP Request: POST https://api.toiotech.com/v1/chat/completions "HTTP/1.1 200 OK"
2025-05-31 14:07:05,786 - httpx - INFO - HTTP Request: POST https://api.toiotech.com/v1/chat/completions "HTTP/1.1 200 OK"
2025-05-31 14:07:20,910 - httpx - INFO - HTTP Request: POST https://api.toiotech.com/v1/chat/completions "HTTP/1.1 200 OK"
2025-05-31 14:07:20,910 - httpx - INFO - HTTP Request: POST https://api.toiotech.com/v1/chat/completions "HTTP/1.1 200 OK"
2025-05-31 14:08:11,352 - httpx - INFO - HTTP Request: POST https://api.toiotech.com/v1/chat/completions "HTTP/1.1 200 OK"
2025-05-31 14:08:11,352 - httpx - INFO - HTTP Request: POST https://api.toiotech.com/v1/chat/completions "HTTP/1.1 200 OK"
2025-05-31 14:08:58,272 - httpx - INFO - HTTP Request: POST https://api.toiotech.com/v1/chat/completions "HTTP/1.1 200 OK"
2025-05-31 14:08:58,272 - httpx - INFO - HTTP Request: POST https://api.toiotech.com/v1/chat/completions "HTTP/1.1 200 OK"
2025-05-31 14:09:09,699 - httpx - INFO - HTTP Request: POST https://api.toiotech.com/v1/chat/completions "HTTP/1.1 200 OK"
2025-05-31 14:09:09,699 - httpx - INFO - HTTP Request: POST https://api.toiotech.com/v1/chat/completions "HTTP/1.1 200 OK"
2025-05-31 14:09:17,662 - httpx - INFO - HTTP Request: POST https://api.toiotech.com/v1/chat/completions "HTTP/1.1 200 OK"
2025-05-31 14:09:17,662 - httpx - INFO - HTTP Request: POST https://api.toiotech.com/v1/chat/completions "HTTP/1.1 200 OK"
2025-05-31 14:09:24,854 - httpx - INFO - HTTP Request: POST https://api.toiotech.com/v1/chat/completions "HTTP/1.1 200 OK"
2025-05-31 14:09:24,854 - httpx - INFO - HTTP Request: POST https://api.toiotech.com/v1/chat/completions "HTTP/1.1 200 OK"
2025-05-31 14:09:42,920 - httpx - INFO - HTTP Request: POST https://api.toiotech.com/v1/chat/completions "HTTP/1.1 200 OK"
2025-05-31 14:09:42,920 - httpx - INFO - HTTP Request: POST https://api.toiotech.com/v1/chat/completions "HTTP/1.1 200 OK"
2025-05-31 14:09:50,679 - httpx - INFO - HTTP Request: POST https://api.toiotech.com/v1/chat/completions "HTTP/1.1 200 OK"
2025-05-31 14:09:50,679 - httpx - INFO - HTTP Request: POST https://api.toiotech.com/v1/chat/completions "HTTP/1.1 200 OK"
2025-05-31 14:10:06,656 - httpx - INFO - HTTP Request: POST https://api.toiotech.com/v1/chat/completions "HTTP/1.1 200 OK"
2025-05-31 14:10:06,656 - httpx - INFO - HTTP Request: POST https://api.toiotech.com/v1/chat/completions "HTTP/1.1 200 OK"
2025-05-31 14:10:58,951 - httpx - INFO - HTTP Request: POST https://api.toiotech.com/v1/chat/completions "HTTP/1.1 200 OK"
2025-05-31 14:10:58,951 - httpx - INFO - HTTP Request: POST https://api.toiotech.com/v1/chat/completions "HTTP/1.1 200 OK"
2025-05-31 14:11:50,322 - httpx - INFO - HTTP Request: POST https://api.toiotech.com/v1/chat/completions "HTTP/1.1 200 OK"
2025-05-31 14:11:50,322 - httpx - INFO - HTTP Request: POST https://api.toiotech.com/v1/chat/completions "HTTP/1.1 200 OK"
2025-05-31 14:11:50,828 - root - INFO - 
=== 第 1 回合讨论记录 ===
2025-05-31 14:11:50,828 - root - INFO - 
=== 第 1 回合讨论记录 ===
2025-05-31 14:11:50,830 - root - INFO - 张大胆: 【缓缓站起身，双手撑在桌面上，目光凝重地环视全场】各位，我觉得现在局势确实有些微妙。【手指轻轻敲击桌面】王智的表现确实值得关注，【皱眉做思考状】他那种若即若离的态度让人很难判断。【突然转向钱强方向】不过我更在意的是钱强刚才的发言，【假装不经意地整理袖口】他一直在试图主导讨论方向，【眼神突然锐利】这种过于积极的姿态反而显得刻意。【轻咳一声，身体微微前倾】至于赵灵...【若有所思地摸了摸下巴】她的发言确实滴水不漏，【突然露出困惑的表情】但正是这种完美才让人不安。【双手交叉抱胸】我觉得我们应该更关注那些试图掌控话语权的人，【目光扫过李勇时微微点头】毕竟真正的威胁往往藏在最显眼的地方。【坐回椅子上，手指无意识地敲击扶手】建议今晚重点观察钱强和王智的动向。
2025-05-31 14:11:50,830 - root - INFO - 张大胆: 【缓缓站起身，双手撑在桌面上，目光凝重地环视全场】各位，我觉得现在局势确实有些微妙。【手指轻轻敲击桌面】王智的表现确实值得关注，【皱眉做思考状】他那种若即若离的态度让人很难判断。【突然转向钱强方向】不过我更在意的是钱强刚才的发言，【假装不经意地整理袖口】他一直在试图主导讨论方向，【眼神突然锐利】这种过于积极的姿态反而显得刻意。【轻咳一声，身体微微前倾】至于赵灵...【若有所思地摸了摸下巴】她的发言确实滴水不漏，【突然露出困惑的表情】但正是这种完美才让人不安。【双手交叉抱胸】我觉得我们应该更关注那些试图掌控话语权的人，【目光扫过李勇时微微点头】毕竟真正的威胁往往藏在最显眼的地方。【坐回椅子上，手指无意识地敲击扶手】建议今晚重点观察钱强和王智的动向。
2025-05-31 14:11:50,830 - root - INFO - 李勇: 【缓缓站起身，环视众人】各位，我来说说我的看法。【手指轻轻敲击桌面】首先王智的表现确实有点奇怪，【皱眉思考】他一直在观察别人，但自己发言却很谨慎。【突然提高音量】不过我更在意的是钱强！【身体微微前倾】他今天全程都在带节奏，【眼神锐利地扫过】而且总是试图把话题引向特定的人。【假装不经意地瞥了眼队友】至于赵灵...【摸着下巴】她虽然话少，但每次发言都很有分量。【突然拍桌】我觉得钱强这种过于活跃的人更值得警惕！【压低声音】你们觉得呢？
2025-05-31 14:11:50,830 - root - INFO - 李勇: 【缓缓站起身，环视众人】各位，我来说说我的看法。【手指轻轻敲击桌面】首先王智的表现确实有点奇怪，【皱眉思考】他一直在观察别人，但自己发言却很谨慎。【突然提高音量】不过我更在意的是钱强！【身体微微前倾】他今天全程都在带节奏，【眼神锐利地扫过】而且总是试图把话题引向特定的人。【假装不经意地瞥了眼队友】至于赵灵...【摸着下巴】她虽然话少，但每次发言都很有分量。【突然拍桌】我觉得钱强这种过于活跃的人更值得警惕！【压低声音】你们觉得呢？
2025-05-31 14:11:50,830 - root - INFO - 王智: 各位，听我说【双手在空中挥舞，眼神严肃且专注】！我是预言家，第一晚查验了张大胆，他是狼人。目前游戏才第一回合，大家都还没发言，不好从行为和发言上判断其他人的可疑之处。但既然我查出张大胆是狼人，那我们这局形势严峻啊【眉头紧皱，神情凝重】。张大胆肯定有狼队友，接下来大家发言要谨慎，仔细思考每个人话语里有没有漏洞。狼人肯定会想法子混淆视听，误导我们投票。所以我们好人一定要团结，不能被狼人牵着鼻子走，从现在开始，我们就要小心谨慎，争取在后面的回合里找出剩余狼人，获得胜利【握拳，语气坚定】。 
2025-05-31 14:11:50,830 - root - INFO - 王智: 各位，听我说【双手在空中挥舞，眼神严肃且专注】！我是预言家，第一晚查验了张大胆，他是狼人。目前游戏才第一回合，大家都还没发言，不好从行为和发言上判断其他人的可疑之处。但既然我查出张大胆是狼人，那我们这局形势严峻啊【眉头紧皱，神情凝重】。张大胆肯定有狼队友，接下来大家发言要谨慎，仔细思考每个人话语里有没有漏洞。狼人肯定会想法子混淆视听，误导我们投票。所以我们好人一定要团结，不能被狼人牵着鼻子走，从现在开始，我们就要小心谨慎，争取在后面的回合里找出剩余狼人，获得胜利【握拳，语气坚定】。 
2025-05-31 14:11:50,830 - root - INFO - 赵灵: 【轻轻托着下巴，眼神若有所思地扫视着在场众人】王智的发言确实很有说服力，但作为女巫，我必须保持冷静和谨慎。【手指无意识地敲击着桌面，眉头微蹙】预言家身份在第一轮就跳出来，虽然勇气可嘉，但也可能是狼人悍跳的套路。【突然坐直身体，目光锐利地看向王智】我注意到他发言时虽然语气坚定，但眼神有些飘忽，而且对张大胆的指控太过笃定，这让我有些怀疑。【缓缓站起身，双手交叉抱胸】作为女巫，我手里握着救人的解药和杀人的毒药，必须慎重使用。【踱步到窗边，望着窗外沉思】建议张大胆尽快出来自证清白，如果王智真的是预言家，我们自然要相信他；但如果他是狼人悍跳，那真正的预言家可能还藏在暗处。【转身面对众人，语气坚定】我建议这轮先不要急着投票，让大家多发言，看看有没有更多线索浮现。【嘴角微微上扬】毕竟，女巫的毒药可是很珍贵的，我可不想浪费在好人身上。
2025-05-31 14:11:50,830 - root - INFO - 赵灵: 【轻轻托着下巴，眼神若有所思地扫视着在场众人】王智的发言确实很有说服力，但作为女巫，我必须保持冷静和谨慎。【手指无意识地敲击着桌面，眉头微蹙】预言家身份在第一轮就跳出来，虽然勇气可嘉，但也可能是狼人悍跳的套路。【突然坐直身体，目光锐利地看向王智】我注意到他发言时虽然语气坚定，但眼神有些飘忽，而且对张大胆的指控太过笃定，这让我有些怀疑。【缓缓站起身，双手交叉抱胸】作为女巫，我手里握着救人的解药和杀人的毒药，必须慎重使用。【踱步到窗边，望着窗外沉思】建议张大胆尽快出来自证清白，如果王智真的是预言家，我们自然要相信他；但如果他是狼人悍跳，那真正的预言家可能还藏在暗处。【转身面对众人，语气坚定】我建议这轮先不要急着投票，让大家多发言，看看有没有更多线索浮现。【嘴角微微上扬】毕竟，女巫的毒药可是很珍贵的，我可不想浪费在好人身上。
2025-05-31 14:11:50,833 - root - INFO - 钱强: 【双手抱胸，在房间里来回踱步，眼神警惕地打量着众人】听了王智和赵灵的发言，我觉得这局势挺复杂啊。王智跳预言家指认张大胆是狼人，发言看似条理清晰，可正如赵灵所说，他眼神飘忽、指控又太笃定，确实可疑。赵灵作为女巫，发言谨慎也合理。但也不能完全排除她是狼人在搅混水。【突然停下脚步，眉头拧成川字】我觉得张大胆必须赶紧出来回应，给我们一个说法。目前这局面，各方都有可能在隐藏身份，我们好人若想取胜，得更加小心，不能轻易相信任何一人。大家都要认真听彼此发言，从细节里找破绽。我作为猎人，要是被狼人陷害，定不会让狼人好过，我的猎枪可正等着给狼人致命一击呢【眼神坚定，紧握着拳头】。所以这轮投票，确实不宜仓促，必须谨慎再谨慎。 
2025-05-31 14:11:50,833 - root - INFO - 钱强: 【双手抱胸，在房间里来回踱步，眼神警惕地打量着众人】听了王智和赵灵的发言，我觉得这局势挺复杂啊。王智跳预言家指认张大胆是狼人，发言看似条理清晰，可正如赵灵所说，他眼神飘忽、指控又太笃定，确实可疑。赵灵作为女巫，发言谨慎也合理。但也不能完全排除她是狼人在搅混水。【突然停下脚步，眉头拧成川字】我觉得张大胆必须赶紧出来回应，给我们一个说法。目前这局面，各方都有可能在隐藏身份，我们好人若想取胜，得更加小心，不能轻易相信任何一人。大家都要认真听彼此发言，从细节里找破绽。我作为猎人，要是被狼人陷害，定不会让狼人好过，我的猎枪可正等着给狼人致命一击呢【眼神坚定，紧握着拳头】。所以这轮投票，确实不宜仓促，必须谨慎再谨慎。 
2025-05-31 14:11:50,833 - root - INFO - 孙一: 【缓缓站起身，双手撑着桌面，目光在众人脸上来回扫视】各位，作为守卫，我一直在默默观察局势。【手指轻轻敲击桌面，眉头微蹙】王智跳预言家的行为确实有些突兀，他发言时虽然语气坚定，但【突然眯起眼睛】我注意到他提到张大胆是狼人时，右手不自觉地摸了下鼻子，这可是典型的说谎微表情。【转身面向赵灵，微微颔首】不过赵灵女巫的发言很谨慎，她提出让张大胆自证清白这点很合理。【突然拍了下桌子】但钱强的发言让我很在意！【双手抱胸，身体微微前倾】他说自己是猎人，可全程都在附和赵灵的观点，完全没有自己的独立判断。【冷笑一声】而且他提到"猎枪"时眼神闪烁，右手一直插在口袋里，这可不像是猎人该有的坦荡作风。【踱步到窗边，又突然转身】我建议这轮先不要急着投票，但必须重点关注钱强和王智的发言矛盾点。【握紧拳头】作为守卫，我今晚会保护好真正的预言家，但前提是我们得先找出谁在说谎！【目光锐利地扫视全场】张大胆到现在还没发言也很可疑，我建议下一位发言者重点分析下这个情况。
2025-05-31 14:11:50,833 - root - INFO - 孙一: 【缓缓站起身，双手撑着桌面，目光在众人脸上来回扫视】各位，作为守卫，我一直在默默观察局势。【手指轻轻敲击桌面，眉头微蹙】王智跳预言家的行为确实有些突兀，他发言时虽然语气坚定，但【突然眯起眼睛】我注意到他提到张大胆是狼人时，右手不自觉地摸了下鼻子，这可是典型的说谎微表情。【转身面向赵灵，微微颔首】不过赵灵女巫的发言很谨慎，她提出让张大胆自证清白这点很合理。【突然拍了下桌子】但钱强的发言让我很在意！【双手抱胸，身体微微前倾】他说自己是猎人，可全程都在附和赵灵的观点，完全没有自己的独立判断。【冷笑一声】而且他提到"猎枪"时眼神闪烁，右手一直插在口袋里，这可不像是猎人该有的坦荡作风。【踱步到窗边，又突然转身】我建议这轮先不要急着投票，但必须重点关注钱强和王智的发言矛盾点。【握紧拳头】作为守卫，我今晚会保护好真正的预言家，但前提是我们得先找出谁在说谎！【目光锐利地扫视全场】张大胆到现在还没发言也很可疑，我建议下一位发言者重点分析下这个情况。
2025-05-31 14:11:50,835 - root - INFO - 周二: 

【手指无意识地搓着衣角，眉头微微皱起，眼神在众人脸上一一扫过】各位，我仔细听了前面几位的发言，这局的水确实有点深。先说说王智——他跳预言家指认张大胆是狼人，发言时虽然握拳强调“团结”，但孙一提到的“摸鼻子”细节我也注意到了【突然停下脚步，双手撑在桌沿，身体前倾，目光灼灼地看向王智】，刚才他说“张大胆是狼人”时，右手确实快速蹭了下鼻尖，这在心理学里可是典型的说谎信号。再加上赵灵说他“眼神飘忽”，我这会越想越不对——真正的预言家第一晚验人后，应该是急切又笃定的，可王智的表情里总像藏着点不安。  

【转身看向赵灵，手指轻轻敲了敲桌面】赵灵跳女巫的发言倒是稳妥，她提到“毒药珍贵”时嘴角那抹微扬的笑，倒像个真女巫在权衡利弊。不过【突然眯起眼，指尖点了点太阳穴】，女巫通常首夜会救人，她没提救了谁，这点暂时存疑，但至少逻辑自洽，比王智的“空口跳”更有可信度。  

【快步走到钱强面前，目光紧盯着他插在口袋里的右手】钱强说自己是猎人，可全程都在“附和”赵灵的观点，连“猎枪等着狼人”这句话都说得底气不足——刚才他提到“猎枪”时，眼神往左边飘了一瞬，右手在口袋里攥成拳头，这哪像猎人该有的坦荡？猎人就算隐藏身份，也该带点“老子不怕死”的狠劲，他倒像在找安全感。  

【又转向孙一，微微点头】孙一作为守卫，指出钱强“没有独立判断”这点我认同，但【忽然退后两步，抱臂皱眉】他突然拍桌子质疑钱强时，动作太刻意了，倒像在转移焦点。守卫的职责是保护预言家，可他到现在都没说今晚打算守谁，反而急着带节奏，这也值得留意。  

【深吸一口气，双手交叠在胸前，语气逐渐坚定】现在最关键的是张大胆还没发言！王智说他是狼人，他总得出来反驳或自证吧？要是张大胆一直沉默，那王智的指控就多了几分可信度；可要是张大胆能有理有据地反驳，那王智大概率是狼悍跳。这轮我建议先不投票，等张大胆发言后再做判断——毕竟【目光扫过全场，声音提高了些】我们是好人，有的是时间找破绽，急着投票反容易中狼人的圈套！
2025-05-31 14:11:50,835 - root - INFO - 周二: 

【手指无意识地搓着衣角，眉头微微皱起，眼神在众人脸上一一扫过】各位，我仔细听了前面几位的发言，这局的水确实有点深。先说说王智——他跳预言家指认张大胆是狼人，发言时虽然握拳强调“团结”，但孙一提到的“摸鼻子”细节我也注意到了【突然停下脚步，双手撑在桌沿，身体前倾，目光灼灼地看向王智】，刚才他说“张大胆是狼人”时，右手确实快速蹭了下鼻尖，这在心理学里可是典型的说谎信号。再加上赵灵说他“眼神飘忽”，我这会越想越不对——真正的预言家第一晚验人后，应该是急切又笃定的，可王智的表情里总像藏着点不安。  

【转身看向赵灵，手指轻轻敲了敲桌面】赵灵跳女巫的发言倒是稳妥，她提到“毒药珍贵”时嘴角那抹微扬的笑，倒像个真女巫在权衡利弊。不过【突然眯起眼，指尖点了点太阳穴】，女巫通常首夜会救人，她没提救了谁，这点暂时存疑，但至少逻辑自洽，比王智的“空口跳”更有可信度。  

【快步走到钱强面前，目光紧盯着他插在口袋里的右手】钱强说自己是猎人，可全程都在“附和”赵灵的观点，连“猎枪等着狼人”这句话都说得底气不足——刚才他提到“猎枪”时，眼神往左边飘了一瞬，右手在口袋里攥成拳头，这哪像猎人该有的坦荡？猎人就算隐藏身份，也该带点“老子不怕死”的狠劲，他倒像在找安全感。  

【又转向孙一，微微点头】孙一作为守卫，指出钱强“没有独立判断”这点我认同，但【忽然退后两步，抱臂皱眉】他突然拍桌子质疑钱强时，动作太刻意了，倒像在转移焦点。守卫的职责是保护预言家，可他到现在都没说今晚打算守谁，反而急着带节奏，这也值得留意。  

【深吸一口气，双手交叠在胸前，语气逐渐坚定】现在最关键的是张大胆还没发言！王智说他是狼人，他总得出来反驳或自证吧？要是张大胆一直沉默，那王智的指控就多了几分可信度；可要是张大胆能有理有据地反驳，那王智大概率是狼悍跳。这轮我建议先不投票，等张大胆发言后再做判断——毕竟【目光扫过全场，声音提高了些】我们是好人，有的是时间找破绽，急着投票反容易中狼人的圈套！
2025-05-31 14:11:50,836 - root - INFO - 吴三: 

【手指无意识地摩挲着椅背上的纹路，眉头微微皱起，目光在众人脸上逐一扫过】各位，我作为普通村民，现在得把听到的都理清楚。首先王智跳预言家指认张大胆是狼人，这确实是个关键信息——但【突然停下摩挲的动作，身子前倾盯着王智】孙一说他提到张大胆时摸了下鼻子，这微表情可值得琢磨。我刚才也注意到，王智说“形势严峻”时，右手小指不自然地蜷缩了一下，像在刻意掩饰什么【食指轻点太阳穴，眼神带起几分疑惑】，预言家报验人通常会更直接笃定，这种小动作让我对他的身份打个问号。  

再看赵灵的女巫发言【身体后仰靠在椅背上，手指轻轻敲着桌面】，她强调谨慎、让张大胆自证清白，听起来合理，但作为女巫，本该更关注夜间信息——她完全没提昨晚是否救人，也没说毒药的使用计划，这是不是在回避关键信息？【突然坐直，目光转向赵灵】如果是真女巫，至少该提一句“昨晚没用药”或者“救了谁”，现在只说“毒药珍贵”，倒像狼人在装神身份搅局。  

然后是钱强的猎人身份【站起身，在屋内小幅度踱步，双手背在身后】，他口口声声说“猎枪等着狼人”，可发言全是附和赵灵，连“不能轻信”这种套话都没自己的见解【突然停步，手指指向钱强】。更可疑的是，他提到“猎枪”时，右肩明显抖了一下，眼神往门口飘，哪像猎人该有的底气？倒像狼人在虚张声势！  

最后孙一作为守卫的分析【点头看向孙一，嘴角微微上扬】，他指出钱强没独立判断、王智有微表情，这思路很清晰，但【摸着下巴眯起眼】他突然拍桌子质疑钱强时，左手快速捏了下衣角，像是在刻意加强语气——守卫本应更沉稳观察，这么激烈的反应，会不会是狼人在带节奏？  

现在最关键的是张大胆还没发言【转身看向张大胆的位置，双手撑在桌上】，王智说他是狼人，他总得解释昨晚做了什么、有没有不在场证明吧？如果他支支吾吾，那王智可能真是预言家；但如果他能有理有据反驳，王智的身份就更可疑了！  

【深吸一口气，双手握拳垂在身侧，眼神坚定】我建议这轮先不投票，等张大胆发言后再定——狼人现在肯定急着混淆视听，我们好人必须抓住每个细节，绝不能被带偏！
2025-05-31 14:11:50,836 - root - INFO - 吴三: 

【手指无意识地摩挲着椅背上的纹路，眉头微微皱起，目光在众人脸上逐一扫过】各位，我作为普通村民，现在得把听到的都理清楚。首先王智跳预言家指认张大胆是狼人，这确实是个关键信息——但【突然停下摩挲的动作，身子前倾盯着王智】孙一说他提到张大胆时摸了下鼻子，这微表情可值得琢磨。我刚才也注意到，王智说“形势严峻”时，右手小指不自然地蜷缩了一下，像在刻意掩饰什么【食指轻点太阳穴，眼神带起几分疑惑】，预言家报验人通常会更直接笃定，这种小动作让我对他的身份打个问号。  

再看赵灵的女巫发言【身体后仰靠在椅背上，手指轻轻敲着桌面】，她强调谨慎、让张大胆自证清白，听起来合理，但作为女巫，本该更关注夜间信息——她完全没提昨晚是否救人，也没说毒药的使用计划，这是不是在回避关键信息？【突然坐直，目光转向赵灵】如果是真女巫，至少该提一句“昨晚没用药”或者“救了谁”，现在只说“毒药珍贵”，倒像狼人在装神身份搅局。  

然后是钱强的猎人身份【站起身，在屋内小幅度踱步，双手背在身后】，他口口声声说“猎枪等着狼人”，可发言全是附和赵灵，连“不能轻信”这种套话都没自己的见解【突然停步，手指指向钱强】。更可疑的是，他提到“猎枪”时，右肩明显抖了一下，眼神往门口飘，哪像猎人该有的底气？倒像狼人在虚张声势！  

最后孙一作为守卫的分析【点头看向孙一，嘴角微微上扬】，他指出钱强没独立判断、王智有微表情，这思路很清晰，但【摸着下巴眯起眼】他突然拍桌子质疑钱强时，左手快速捏了下衣角，像是在刻意加强语气——守卫本应更沉稳观察，这么激烈的反应，会不会是狼人在带节奏？  

现在最关键的是张大胆还没发言【转身看向张大胆的位置，双手撑在桌上】，王智说他是狼人，他总得解释昨晚做了什么、有没有不在场证明吧？如果他支支吾吾，那王智可能真是预言家；但如果他能有理有据反驳，王智的身份就更可疑了！  

【深吸一口气，双手握拳垂在身侧，眼神坚定】我建议这轮先不投票，等张大胆发言后再定——狼人现在肯定急着混淆视听，我们好人必须抓住每个细节，绝不能被带偏！
2025-05-31 14:11:50,847 - root - INFO - 张大胆: 【缓缓站起身，双手撑在桌面上，目光凝重地环视全场】各位，我觉得现在局势确实有些微妙。【手指轻轻敲击桌面】王智的表现确实值得关注，【皱眉做思考状】他那种若即若离的态度让人很难判断。【突然转向钱强方向】不过我更在意的是钱强刚才的发言，【假装不经意地整理袖口】他一直在试图主导讨论方向，【眼神突然锐利】这种过于积极的姿态反而显得刻意。【轻咳一声，身体微微前倾】至于赵灵...【若有所思地摸了摸下巴】她的发言确实滴水不漏，【突然露出困惑的表情】但正是这种完美才让人不安。【双手交叉抱胸】我觉得我们应该更关注那些试图掌控话语权的人，【目光扫过李勇时微微点头】毕竟真正的威胁往往藏在最显眼的地方。【坐回椅子上，手指无意识地敲击扶手】建议今晚重点观察钱强和王智的动向。
2025-05-31 14:11:50,847 - root - INFO - 张大胆: 【缓缓站起身，双手撑在桌面上，目光凝重地环视全场】各位，我觉得现在局势确实有些微妙。【手指轻轻敲击桌面】王智的表现确实值得关注，【皱眉做思考状】他那种若即若离的态度让人很难判断。【突然转向钱强方向】不过我更在意的是钱强刚才的发言，【假装不经意地整理袖口】他一直在试图主导讨论方向，【眼神突然锐利】这种过于积极的姿态反而显得刻意。【轻咳一声，身体微微前倾】至于赵灵...【若有所思地摸了摸下巴】她的发言确实滴水不漏，【突然露出困惑的表情】但正是这种完美才让人不安。【双手交叉抱胸】我觉得我们应该更关注那些试图掌控话语权的人，【目光扫过李勇时微微点头】毕竟真正的威胁往往藏在最显眼的地方。【坐回椅子上，手指无意识地敲击扶手】建议今晚重点观察钱强和王智的动向。
2025-05-31 14:11:50,847 - root - INFO - 李勇: 【缓缓站起身，双手撑在桌面上，目光凝重地扫视全场】各位，我来说说我的观察。【右手无意识地摩挲着下巴】首先王智的表现确实值得注意，【突然停顿，眼神锐利地看向王智】他一直在观察别人，但自己发言却滴水不漏。【左手轻轻敲击桌面】不过我更在意的是钱强！【身体微微前倾】他今天一直在主导讨论方向，【突然提高音量】而且总是试图把话题引向特定的人。【假装不经意地瞥了眼张大胆】至于赵灵...【皱眉思考】她虽然话不多，但每次发言都很有分量。【突然拍桌】我觉得钱强这种过于活跃的人更值得警惕！【压低声音】你们觉得呢？
2025-05-31 14:11:50,847 - root - INFO - 李勇: 【缓缓站起身，双手撑在桌面上，目光凝重地扫视全场】各位，我来说说我的观察。【右手无意识地摩挲着下巴】首先王智的表现确实值得注意，【突然停顿，眼神锐利地看向王智】他一直在观察别人，但自己发言却滴水不漏。【左手轻轻敲击桌面】不过我更在意的是钱强！【身体微微前倾】他今天一直在主导讨论方向，【突然提高音量】而且总是试图把话题引向特定的人。【假装不经意地瞥了眼张大胆】至于赵灵...【皱眉思考】她虽然话不多，但每次发言都很有分量。【突然拍桌】我觉得钱强这种过于活跃的人更值得警惕！【压低声音】你们觉得呢？
2025-05-31 14:11:50,847 - root - INFO - 王智: 【双手叉腰，目光从赵灵、钱强、孙一脸上依次扫过，表情严肃】我真的是预言家，第一晚查验张大胆是狼人千真万确。赵灵作为女巫，怀疑我是狼人悍跳，理由竟是我眼神飘忽、指控笃定。但这第一回合，我急于告知大家查杀信息，神情紧张也属正常。钱强呢，他附和赵灵观点，又质疑赵灵搅混水，立场模糊。孙一作为守卫，仅凭我摸了下鼻子就断定我撒谎，还揪着钱强不放，行为有些过激。他说钱强提到“猎枪”时眼神闪烁，右手插兜，可这也不足以证明钱强有问题。目前局势确实复杂，狼人可能在浑水摸鱼，我们好人不能被误导。大家一定要相信我这个预言家，先把已知狼人张大胆投出去，别被这些无端质疑扰乱思路，我们才能一步步找出剩余狼人，赢得胜利【拳头紧紧握住，眼神坚定】。 
2025-05-31 14:11:50,847 - root - INFO - 王智: 【双手叉腰，目光从赵灵、钱强、孙一脸上依次扫过，表情严肃】我真的是预言家，第一晚查验张大胆是狼人千真万确。赵灵作为女巫，怀疑我是狼人悍跳，理由竟是我眼神飘忽、指控笃定。但这第一回合，我急于告知大家查杀信息，神情紧张也属正常。钱强呢，他附和赵灵观点，又质疑赵灵搅混水，立场模糊。孙一作为守卫，仅凭我摸了下鼻子就断定我撒谎，还揪着钱强不放，行为有些过激。他说钱强提到“猎枪”时眼神闪烁，右手插兜，可这也不足以证明钱强有问题。目前局势确实复杂，狼人可能在浑水摸鱼，我们好人不能被误导。大家一定要相信我这个预言家，先把已知狼人张大胆投出去，别被这些无端质疑扰乱思路，我们才能一步步找出剩余狼人，赢得胜利【拳头紧紧握住，眼神坚定】。 
2025-05-31 14:11:50,847 - root - INFO - 赵灵: 【缓缓站起身，双手交叠置于腹前，目光深邃地环视众人】听完各位的发言，局势确实扑朔迷离。【手指轻轻摩挲着下巴，眉头微蹙】王智再次强调自己是预言家，但【突然眯起眼睛】我注意到他反驳质疑时语速明显加快，右手食指不停地敲击桌面，这是典型的紧张表现。【踱步到王智身后，俯身在他耳边轻声说】你说自己紧张是因为急于告知查杀信息，但【直起身，声音提高】真正的预言家在第一轮应该更沉稳才对。【转身面对钱强，眼神锐利】钱强自称猎人却全程附和他人观点，确实可疑，但【突然轻笑一声】我更在意的是孙一的反应。【双手撑在桌面上，身体前倾】孙一作为守卫，对钱强的指控太过武断，仅凭摸鼻子和插兜就断定说谎，未免太过草率。【直起身，优雅地整理衣袖】这种急于带节奏的行为，反而让我怀疑他才是狼人。【走到窗边，望着月光沉思片刻】目前看来，王智和孙一都可能是狼人，一个悍跳预言家，一个伪装守卫搅混水。【突然转身，裙摆划出优美的弧线】我建议这轮先投出孙一，如果他是狼人，那么王智的预言家身份就更可疑；如果他是好人...【嘴角勾起神秘的微笑】我的毒药会好好招待真正的狼人。【双手交叠置于胸前】作为女巫，我会在今晚使用解药救下被狼人袭击的玩家，但毒药...【眼神突然变得锐利】就要看谁的表现最可疑了。
2025-05-31 14:11:50,847 - root - INFO - 赵灵: 【缓缓站起身，双手交叠置于腹前，目光深邃地环视众人】听完各位的发言，局势确实扑朔迷离。【手指轻轻摩挲着下巴，眉头微蹙】王智再次强调自己是预言家，但【突然眯起眼睛】我注意到他反驳质疑时语速明显加快，右手食指不停地敲击桌面，这是典型的紧张表现。【踱步到王智身后，俯身在他耳边轻声说】你说自己紧张是因为急于告知查杀信息，但【直起身，声音提高】真正的预言家在第一轮应该更沉稳才对。【转身面对钱强，眼神锐利】钱强自称猎人却全程附和他人观点，确实可疑，但【突然轻笑一声】我更在意的是孙一的反应。【双手撑在桌面上，身体前倾】孙一作为守卫，对钱强的指控太过武断，仅凭摸鼻子和插兜就断定说谎，未免太过草率。【直起身，优雅地整理衣袖】这种急于带节奏的行为，反而让我怀疑他才是狼人。【走到窗边，望着月光沉思片刻】目前看来，王智和孙一都可能是狼人，一个悍跳预言家，一个伪装守卫搅混水。【突然转身，裙摆划出优美的弧线】我建议这轮先投出孙一，如果他是狼人，那么王智的预言家身份就更可疑；如果他是好人...【嘴角勾起神秘的微笑】我的毒药会好好招待真正的狼人。【双手交叠置于胸前】作为女巫，我会在今晚使用解药救下被狼人袭击的玩家，但毒药...【眼神突然变得锐利】就要看谁的表现最可疑了。
2025-05-31 14:11:50,854 - root - INFO - 钱强: 【双手抱胸，微微皱眉，在人群中缓缓踱步】听了大家的发言，局势愈发复杂难辨。王智坚持称自己是预言家，虽反复强调查验结果，但反驳质疑时语速加快、手指敲击桌面，确实像赵灵说的那般紧张，他身份可疑。赵灵作为女巫，发言谨慎合理，可也不能完全排除狼人伪装的可能。孙一作为守卫，仅凭细微动作就笃定他人说谎，急于带节奏，赵灵对他的怀疑不无道理。至于一直未发言的张大胆，其行为也十分可疑。目前看来，王智、孙一、张大胆都有狼人的嫌疑。我认为这轮投票还是要慎重，我们好人得从更多发言细节里抽丝剥茧，找出狼人。我作为猎人，会时刻保持警惕，若我察觉到谁是狼人，猎枪必将毫不犹豫地对准他，为好人阵营杀出一条血路【眼神坚定，紧握住拳头】。 
2025-05-31 14:11:50,854 - root - INFO - 钱强: 【双手抱胸，微微皱眉，在人群中缓缓踱步】听了大家的发言，局势愈发复杂难辨。王智坚持称自己是预言家，虽反复强调查验结果，但反驳质疑时语速加快、手指敲击桌面，确实像赵灵说的那般紧张，他身份可疑。赵灵作为女巫，发言谨慎合理，可也不能完全排除狼人伪装的可能。孙一作为守卫，仅凭细微动作就笃定他人说谎，急于带节奏，赵灵对他的怀疑不无道理。至于一直未发言的张大胆，其行为也十分可疑。目前看来，王智、孙一、张大胆都有狼人的嫌疑。我认为这轮投票还是要慎重，我们好人得从更多发言细节里抽丝剥茧，找出狼人。我作为猎人，会时刻保持警惕，若我察觉到谁是狼人，猎枪必将毫不犹豫地对准他，为好人阵营杀出一条血路【眼神坚定，紧握住拳头】。 
2025-05-31 14:11:50,854 - root - INFO - 孙一: 【深吸一口气，缓缓站起身，双手交叉抱胸，目光如炬地环视众人】各位，经过仔细聆听大家的发言，我越发觉得局势暗流涌动。【右手不自觉地摩挲着下巴，眉头紧锁】王智坚持自己是预言家，但赵灵女巫指出的语速变化和手指敲击确实可疑。【突然转身指向王智】而且我发现一个关键细节！【手指在空中划出一道弧线】你两次提到"千真万确"这个词时，左眼都在不自然地眨动，这可是典型的说谎特征！【踱步到赵灵身边，微微欠身】不过赵灵女巫，您的发言虽然谨慎，但【突然眯起眼睛】您提到"毒药"时嘴角上扬的幅度过大，这让我有些不安。【猛地拍桌】最可疑的还是钱强！【双手撑在桌面上，身体前倾】他自称猎人却一直在附和他人，而且【冷笑一声】我注意到他说"猎枪"时右手始终插在口袋，这分明是在掩饰什么！【直起身，双手背在身后】作为守卫，我建议这轮重点观察王智和钱强。【突然转身指向角落】还有张大胆到现在都不发言，简直就是在默认自己的狼人身份！【握紧拳头，眼神坚定】今晚我会守护真正的预言家，但前提是我们得先揪出这些说谎者！【环视全场，语气凝重】好人阵营必须团结，不能被这些花言巧语迷惑！
2025-05-31 14:11:50,854 - root - INFO - 孙一: 【深吸一口气，缓缓站起身，双手交叉抱胸，目光如炬地环视众人】各位，经过仔细聆听大家的发言，我越发觉得局势暗流涌动。【右手不自觉地摩挲着下巴，眉头紧锁】王智坚持自己是预言家，但赵灵女巫指出的语速变化和手指敲击确实可疑。【突然转身指向王智】而且我发现一个关键细节！【手指在空中划出一道弧线】你两次提到"千真万确"这个词时，左眼都在不自然地眨动，这可是典型的说谎特征！【踱步到赵灵身边，微微欠身】不过赵灵女巫，您的发言虽然谨慎，但【突然眯起眼睛】您提到"毒药"时嘴角上扬的幅度过大，这让我有些不安。【猛地拍桌】最可疑的还是钱强！【双手撑在桌面上，身体前倾】他自称猎人却一直在附和他人，而且【冷笑一声】我注意到他说"猎枪"时右手始终插在口袋，这分明是在掩饰什么！【直起身，双手背在身后】作为守卫，我建议这轮重点观察王智和钱强。【突然转身指向角落】还有张大胆到现在都不发言，简直就是在默认自己的狼人身份！【握紧拳头，眼神坚定】今晚我会守护真正的预言家，但前提是我们得先揪出这些说谎者！【环视全场，语气凝重】好人阵营必须团结，不能被这些花言巧语迷惑！
2025-05-31 14:11:50,854 - root - INFO - 周二: 

【缓缓从木椅上直起身子，双手撑着椅背，目光依次扫过在场众人】各位，我这耳朵可算把前面的发言都听仔细了，现在得把这团乱麻理一理。【指尖轻轻敲了敲桌面，眉头微蹙】首先看王智——他跳预言家指认张大胆是狼人，可这"预言家"当得实在蹊跷。刚才孙一提到他说"张大胆是狼人"时摸了下鼻子，我也注意到了【突然探身向前，目光灼灼地盯着王智】，那会儿他右手蹭鼻尖的动作快得像被烫了一下，再加上赵灵说他反驳质疑时语速飞涨、食指敲桌敲得跟打鼓似的——真正的预言家要是有底气，哪会急成这样？倒像被戳穿后拼命圆谎的狼人。  

【转身看向赵灵，手指无意识地卷着衣角】赵灵跳女巫的发言倒是稳当，说"毒药珍贵"时那抹若有若无的笑，倒像真在权衡利弊。不过【眯起眼睛，指尖点了点太阳穴】，女巫首夜通常会救人，她却只字不提救了谁，这空子留得让人犯嘀咕——是真忘了说，还是根本没救人？要是狼人装女巫，倒可能故意避开救人细节，毕竟狼人不需要救人。  

【快步走到钱强跟前，目光落在他插在裤袋里的右手上】钱强自称猎人，可这猎人当得也不地道！他说"猎枪等着狼人"时，眼神往左飘了半秒，右手在口袋里攥成个硬邦邦的拳头【伸手虚点钱强的口袋】，哪有猎人该有的"老子不怕死"的狠劲？倒像藏着什么见不得人的东西。更可疑的是，他全程都在"附和"赵灵的观点，自己半点主见都没有——狼人最擅长的不就是跟风带节奏吗？  

【又转向孙一，抱臂摇头】孙一作为守卫，倒像个急着发号施令的指挥官。他拍桌子指控钱强时，动作猛得差点掀翻茶盏【指了指桌上晃动的茶杯】，哪像守卫该有的沉稳？守卫的本分是保护预言家，可他到现在都没说今晚打算守谁，反而急着让我们投孙一、投钱强——这哪是保护？分明是在转移焦点！  

【最后把目光投向一直沉默的张大胆，双手交叠在胸前，语气加重】最关键的还是张大胆！王智说他是狼人，他倒好，跟个闷葫芦似的一声不吭【摊开双手，表情无奈】。要是清白的，早该跳起来反驳了；要是真狼，才会缩着脖子等狼队友救场。我建议这轮先不投票，等张大胆开口再说——【提高声音，目光扫过全场】咱们好人有的是时间找破绽，急着投票才中狼人的套！要是张大胆还是不说话，那王智的查杀就多了三分真；要是他能有理有据地反驳，那王智铁定是狼悍跳！  

【深吸一口气，握紧椅背，眼神坚定】总之，王智的微表情、钱强的不坦荡、孙一的急带节奏，还有张大胆的沉默，都是线头。咱们得把这些线头慢慢抽，别急着下结论——狼人再狡猾，也藏不住狐狸尾巴！
2025-05-31 14:11:50,854 - root - INFO - 周二: 

【缓缓从木椅上直起身子，双手撑着椅背，目光依次扫过在场众人】各位，我这耳朵可算把前面的发言都听仔细了，现在得把这团乱麻理一理。【指尖轻轻敲了敲桌面，眉头微蹙】首先看王智——他跳预言家指认张大胆是狼人，可这"预言家"当得实在蹊跷。刚才孙一提到他说"张大胆是狼人"时摸了下鼻子，我也注意到了【突然探身向前，目光灼灼地盯着王智】，那会儿他右手蹭鼻尖的动作快得像被烫了一下，再加上赵灵说他反驳质疑时语速飞涨、食指敲桌敲得跟打鼓似的——真正的预言家要是有底气，哪会急成这样？倒像被戳穿后拼命圆谎的狼人。  

【转身看向赵灵，手指无意识地卷着衣角】赵灵跳女巫的发言倒是稳当，说"毒药珍贵"时那抹若有若无的笑，倒像真在权衡利弊。不过【眯起眼睛，指尖点了点太阳穴】，女巫首夜通常会救人，她却只字不提救了谁，这空子留得让人犯嘀咕——是真忘了说，还是根本没救人？要是狼人装女巫，倒可能故意避开救人细节，毕竟狼人不需要救人。  

【快步走到钱强跟前，目光落在他插在裤袋里的右手上】钱强自称猎人，可这猎人当得也不地道！他说"猎枪等着狼人"时，眼神往左飘了半秒，右手在口袋里攥成个硬邦邦的拳头【伸手虚点钱强的口袋】，哪有猎人该有的"老子不怕死"的狠劲？倒像藏着什么见不得人的东西。更可疑的是，他全程都在"附和"赵灵的观点，自己半点主见都没有——狼人最擅长的不就是跟风带节奏吗？  

【又转向孙一，抱臂摇头】孙一作为守卫，倒像个急着发号施令的指挥官。他拍桌子指控钱强时，动作猛得差点掀翻茶盏【指了指桌上晃动的茶杯】，哪像守卫该有的沉稳？守卫的本分是保护预言家，可他到现在都没说今晚打算守谁，反而急着让我们投孙一、投钱强——这哪是保护？分明是在转移焦点！  

【最后把目光投向一直沉默的张大胆，双手交叠在胸前，语气加重】最关键的还是张大胆！王智说他是狼人，他倒好，跟个闷葫芦似的一声不吭【摊开双手，表情无奈】。要是清白的，早该跳起来反驳了；要是真狼，才会缩着脖子等狼队友救场。我建议这轮先不投票，等张大胆开口再说——【提高声音，目光扫过全场】咱们好人有的是时间找破绽，急着投票才中狼人的套！要是张大胆还是不说话，那王智的查杀就多了三分真；要是他能有理有据地反驳，那王智铁定是狼悍跳！  

【深吸一口气，握紧椅背，眼神坚定】总之，王智的微表情、钱强的不坦荡、孙一的急带节奏，还有张大胆的沉默，都是线头。咱们得把这些线头慢慢抽，别急着下结论——狼人再狡猾，也藏不住狐狸尾巴！
2025-05-31 14:11:50,854 - root - INFO - 吴三: 

【手指无意识地绞着衣角，眉头微微拧成小团，目光在众人脸上缓缓扫过】各位，听了这么多发言，我这脑子都快转不过来了，但总得理出个头绪。先说说王智吧——他跳预言家指认张大胆是狼人，这本来是关键信息，可【突然直起身子，手指虚点向王智】大家注意到没？他第一次发言时“眼神严肃”却“飘忽”，反驳质疑时“语速加快”“食指敲桌”，刚才孙一还指出他说“千真万确”时左眼眨动——这些微表情搁平时可能没什么，但预言家报验人该是坦荡笃定的，他倒像在拼命说服别人，反而像狼人悍跳在圆谎【喉咙轻咳一声，手指摩挲着桌沿】。  

再看赵灵女巫【歪头看向她，眼神里带了丝探究】，她口口声声“保持冷静”，可既没说昨晚是否用了解药，也没提毒药的具体打算，只说“毒药珍贵”——真女巫第一晚大概率会救人（除非自刀狼），她连“没救人”都不肯明说，倒像狼人装神在回避关键信息。更可疑的是，她质疑孙一时“裙摆划出弧线”“嘴角神秘微笑”，这哪是女巫该有的谨慎？倒像在带节奏转移焦点【手指轻轻叩了叩桌面】。  

钱强的猎人身份我也存疑【身体前倾，目光锁定钱强】，他说“猎枪等着狼人”，可全程都在附和赵灵的“不能轻信”，连句自己的分析都没有。刚才历史发言里有人提到他说“猎枪”时右肩抖、眼神飘，我刚才仔细看——他说“猎枪必将对准狼人”时，右手在口袋里攥得指节发白，哪有猎人该有的底气？倒像狼人在虚张声势【摇了摇头，嘴角扯出一丝冷笑】。  

孙一作为守卫，分析王智和钱强的细节倒是头头是道，可【突然眯起眼睛，手指点向孙一】他拍桌质疑钱强时，左手偷偷捏了捏衣角，这动作太刻意了！守卫该是沉稳观察的，他倒像在拼命证明自己“正义”，反而像狼人在带节奏甩锅。最关键的是【转身看向一直沉默的张大胆，声音提高了些】，张大胆到现在都不发言，王智说他是狼人，他总得解释昨晚在干嘛吧？要是他支支吾吾，王智可能真预言家；可要是他能有理有据反驳，王智这预言家身份可就彻底崩了！  

【深吸一口气，双手撑在桌上，眼神坚定】现在局势太乱了，狼人肯定在浑水摸鱼。我建议这轮先别急着投票，等张大胆发言后再定——要是他还是不说话，那王智的查杀就更可信；要是他能自证，王智、赵灵、钱强、孙一这几个跳神的，必有狼在撒谎！我们好人得抓住每个细节，绝不能被带偏！【拳头轻轻砸了下桌面，语气里带了几分急切】
2025-05-31 14:11:50,854 - root - INFO - 吴三: 

【手指无意识地绞着衣角，眉头微微拧成小团，目光在众人脸上缓缓扫过】各位，听了这么多发言，我这脑子都快转不过来了，但总得理出个头绪。先说说王智吧——他跳预言家指认张大胆是狼人，这本来是关键信息，可【突然直起身子，手指虚点向王智】大家注意到没？他第一次发言时“眼神严肃”却“飘忽”，反驳质疑时“语速加快”“食指敲桌”，刚才孙一还指出他说“千真万确”时左眼眨动——这些微表情搁平时可能没什么，但预言家报验人该是坦荡笃定的，他倒像在拼命说服别人，反而像狼人悍跳在圆谎【喉咙轻咳一声，手指摩挲着桌沿】。  

再看赵灵女巫【歪头看向她，眼神里带了丝探究】，她口口声声“保持冷静”，可既没说昨晚是否用了解药，也没提毒药的具体打算，只说“毒药珍贵”——真女巫第一晚大概率会救人（除非自刀狼），她连“没救人”都不肯明说，倒像狼人装神在回避关键信息。更可疑的是，她质疑孙一时“裙摆划出弧线”“嘴角神秘微笑”，这哪是女巫该有的谨慎？倒像在带节奏转移焦点【手指轻轻叩了叩桌面】。  

钱强的猎人身份我也存疑【身体前倾，目光锁定钱强】，他说“猎枪等着狼人”，可全程都在附和赵灵的“不能轻信”，连句自己的分析都没有。刚才历史发言里有人提到他说“猎枪”时右肩抖、眼神飘，我刚才仔细看——他说“猎枪必将对准狼人”时，右手在口袋里攥得指节发白，哪有猎人该有的底气？倒像狼人在虚张声势【摇了摇头，嘴角扯出一丝冷笑】。  

孙一作为守卫，分析王智和钱强的细节倒是头头是道，可【突然眯起眼睛，手指点向孙一】他拍桌质疑钱强时，左手偷偷捏了捏衣角，这动作太刻意了！守卫该是沉稳观察的，他倒像在拼命证明自己“正义”，反而像狼人在带节奏甩锅。最关键的是【转身看向一直沉默的张大胆，声音提高了些】，张大胆到现在都不发言，王智说他是狼人，他总得解释昨晚在干嘛吧？要是他支支吾吾，王智可能真预言家；可要是他能有理有据反驳，王智这预言家身份可就彻底崩了！  

【深吸一口气，双手撑在桌上，眼神坚定】现在局势太乱了，狼人肯定在浑水摸鱼。我建议这轮先别急着投票，等张大胆发言后再定——要是他还是不说话，那王智的查杀就更可信；要是他能自证，王智、赵灵、钱强、孙一这几个跳神的，必有狼在撒谎！我们好人得抓住每个细节，绝不能被带偏！【拳头轻轻砸了下桌面，语气里带了几分急切】
2025-05-31 14:11:58,157 - httpx - INFO - HTTP Request: POST https://api.toiotech.com/v1/chat/completions "HTTP/1.1 200 OK"
2025-05-31 14:11:58,157 - httpx - INFO - HTTP Request: POST https://api.toiotech.com/v1/chat/completions "HTTP/1.1 200 OK"
2025-05-31 14:11:58,162 - root - INFO - 投票记录: player1 -> player5 (正确)
2025-05-31 14:11:58,162 - root - INFO - 投票记录: player1 -> player5 (正确)
2025-05-31 14:12:05,077 - httpx - INFO - HTTP Request: POST https://api.toiotech.com/v1/chat/completions "HTTP/1.1 200 OK"
2025-05-31 14:12:05,077 - httpx - INFO - HTTP Request: POST https://api.toiotech.com/v1/chat/completions "HTTP/1.1 200 OK"
2025-05-31 14:12:05,077 - root - INFO - 投票记录: player2 -> player5 (正确)
2025-05-31 14:12:05,077 - root - INFO - 投票记录: player2 -> player5 (正确)
2025-05-31 14:12:07,960 - httpx - INFO - HTTP Request: POST https://api.toiotech.com/v1/chat/completions "HTTP/1.1 200 OK"
2025-05-31 14:12:07,960 - httpx - INFO - HTTP Request: POST https://api.toiotech.com/v1/chat/completions "HTTP/1.1 200 OK"
2025-05-31 14:12:07,960 - root - INFO - 投票记录: player3 -> player1 (正确)
2025-05-31 14:12:07,960 - root - INFO - 投票记录: player3 -> player1 (正确)
2025-05-31 14:12:15,597 - httpx - INFO - HTTP Request: POST https://api.toiotech.com/v1/chat/completions "HTTP/1.1 200 OK"
2025-05-31 14:12:15,597 - httpx - INFO - HTTP Request: POST https://api.toiotech.com/v1/chat/completions "HTTP/1.1 200 OK"
2025-05-31 14:12:15,597 - root - INFO - 投票记录: player4 -> player6 (错误)
2025-05-31 14:12:15,597 - root - INFO - 投票记录: player4 -> player6 (错误)
2025-05-31 14:12:18,640 - httpx - INFO - HTTP Request: POST https://api.toiotech.com/v1/chat/completions "HTTP/1.1 200 OK"
2025-05-31 14:12:18,640 - httpx - INFO - HTTP Request: POST https://api.toiotech.com/v1/chat/completions "HTTP/1.1 200 OK"
2025-05-31 14:12:18,640 - root - INFO - 投票记录: player5 -> player3 (错误)
2025-05-31 14:12:18,640 - root - INFO - 投票记录: player5 -> player3 (错误)
2025-05-31 14:12:26,355 - httpx - INFO - HTTP Request: POST https://api.toiotech.com/v1/chat/completions "HTTP/1.1 200 OK"
2025-05-31 14:12:26,355 - httpx - INFO - HTTP Request: POST https://api.toiotech.com/v1/chat/completions "HTTP/1.1 200 OK"
2025-05-31 14:12:26,366 - root - INFO - 投票记录: player6 -> player5 (错误)
2025-05-31 14:12:26,366 - root - INFO - 投票记录: player6 -> player5 (错误)
2025-05-31 14:13:17,634 - httpx - INFO - HTTP Request: POST https://api.toiotech.com/v1/chat/completions "HTTP/1.1 200 OK"
2025-05-31 14:13:17,634 - httpx - INFO - HTTP Request: POST https://api.toiotech.com/v1/chat/completions "HTTP/1.1 200 OK"
2025-05-31 14:13:17,634 - root - INFO - 投票记录: player7 -> player3 (错误)
2025-05-31 14:13:17,634 - root - INFO - 投票记录: player7 -> player3 (错误)
2025-05-31 14:13:56,508 - httpx - INFO - HTTP Request: POST https://api.toiotech.com/v1/chat/completions "HTTP/1.1 200 OK"
2025-05-31 14:13:56,508 - httpx - INFO - HTTP Request: POST https://api.toiotech.com/v1/chat/completions "HTTP/1.1 200 OK"
2025-05-31 14:13:56,518 - root - INFO - 投票记录: player8 -> player3 (错误)
2025-05-31 14:13:56,518 - root - INFO - 投票记录: player8 -> player3 (错误)
2025-05-31 14:13:57,025 - root - INFO - 
=== 第 1 回合投票结果 ===
2025-05-31 14:13:57,025 - root - INFO - 
=== 第 1 回合投票结果 ===
2025-05-31 14:13:57,025 - root - INFO - 得票情况：
2025-05-31 14:13:57,025 - root - INFO - 得票情况：
2025-05-31 14:13:57,025 - root - INFO - - 钱强: 3 票
2025-05-31 14:13:57,025 - root - INFO - - 钱强: 3 票
2025-05-31 14:13:57,025 - root - INFO -   投票者: 张大胆, 李勇, 孙一
2025-05-31 14:13:57,025 - root - INFO -   投票者: 张大胆, 李勇, 孙一
2025-05-31 14:13:57,025 - root - INFO - - 张大胆: 1 票
2025-05-31 14:13:57,025 - root - INFO - - 张大胆: 1 票
2025-05-31 14:13:57,025 - root - INFO -   投票者: 王智
2025-05-31 14:13:57,025 - root - INFO -   投票者: 王智
2025-05-31 14:13:57,025 - root - INFO - - 孙一: 1 票
2025-05-31 14:13:57,025 - root - INFO - - 孙一: 1 票
2025-05-31 14:13:57,025 - root - INFO -   投票者: 赵灵
2025-05-31 14:13:57,025 - root - INFO -   投票者: 赵灵
2025-05-31 14:13:57,025 - root - INFO - - 王智: 3 票
2025-05-31 14:13:57,025 - root - INFO - - 王智: 3 票
2025-05-31 14:13:57,025 - root - INFO -   投票者: 钱强, 周二, 吴三
2025-05-31 14:13:57,025 - root - INFO -   投票者: 钱强, 周二, 吴三
2025-05-31 14:13:57,025 - root - INFO - 
出现平票！
2025-05-31 14:13:57,025 - root - INFO - 
出现平票！
2025-05-31 14:13:57,025 - root - INFO - 平票玩家：钱强, 王智
2025-05-31 14:13:57,025 - root - INFO - 平票玩家：钱强, 王智
2025-05-31 14:13:57,025 - root - INFO - 随机选择了 王智
2025-05-31 14:13:57,025 - root - INFO - 随机选择了 王智
2025-05-31 14:14:01,550 - httpx - INFO - HTTP Request: POST https://api.toiotech.com/v1/chat/completions "HTTP/1.1 200 OK"
2025-05-31 14:14:01,550 - httpx - INFO - HTTP Request: POST https://api.toiotech.com/v1/chat/completions "HTTP/1.1 200 OK"
2025-05-31 14:14:15,960 - httpx - INFO - HTTP Request: POST https://api.toiotech.com/v1/chat/completions "HTTP/1.1 200 OK"
2025-05-31 14:14:15,960 - httpx - INFO - HTTP Request: POST https://api.toiotech.com/v1/chat/completions "HTTP/1.1 200 OK"
2025-05-31 14:14:27,093 - httpx - INFO - HTTP Request: POST https://api.toiotech.com/v1/chat/completions "HTTP/1.1 200 OK"
2025-05-31 14:14:27,093 - httpx - INFO - HTTP Request: POST https://api.toiotech.com/v1/chat/completions "HTTP/1.1 200 OK"
2025-05-31 14:14:36,694 - httpx - INFO - HTTP Request: POST https://api.toiotech.com/v1/chat/completions "HTTP/1.1 200 OK"
2025-05-31 14:14:36,694 - httpx - INFO - HTTP Request: POST https://api.toiotech.com/v1/chat/completions "HTTP/1.1 200 OK"
2025-05-31 14:14:50,160 - httpx - INFO - HTTP Request: POST https://api.toiotech.com/v1/chat/completions "HTTP/1.1 200 OK"
2025-05-31 14:14:50,160 - httpx - INFO - HTTP Request: POST https://api.toiotech.com/v1/chat/completions "HTTP/1.1 200 OK"
2025-05-31 14:14:50,169 - game.roles - INFO - 女巫使用了毒药
2025-05-31 14:14:50,169 - game.roles - INFO - 女巫使用了毒药
2025-05-31 14:14:50,169 - root - INFO - 能力使用: 玩家player4使用毒人 正确
2025-05-31 14:14:50,169 - root - INFO - 能力使用: 玩家player4使用毒人 正确
2025-05-31 14:15:01,878 - httpx - INFO - HTTP Request: POST https://api.toiotech.com/v1/chat/completions "HTTP/1.1 200 OK"
2025-05-31 14:15:01,878 - httpx - INFO - HTTP Request: POST https://api.toiotech.com/v1/chat/completions "HTTP/1.1 200 OK"
2025-05-31 14:15:11,856 - httpx - INFO - HTTP Request: POST https://api.toiotech.com/v1/chat/completions "HTTP/1.1 200 OK"
2025-05-31 14:15:11,856 - httpx - INFO - HTTP Request: POST https://api.toiotech.com/v1/chat/completions "HTTP/1.1 200 OK"
2025-05-31 14:15:27,494 - httpx - INFO - HTTP Request: POST https://api.toiotech.com/v1/chat/completions "HTTP/1.1 200 OK"
2025-05-31 14:15:27,494 - httpx - INFO - HTTP Request: POST https://api.toiotech.com/v1/chat/completions "HTTP/1.1 200 OK"
2025-05-31 14:15:34,741 - httpx - INFO - HTTP Request: POST https://api.toiotech.com/v1/chat/completions "HTTP/1.1 200 OK"
2025-05-31 14:15:34,741 - httpx - INFO - HTTP Request: POST https://api.toiotech.com/v1/chat/completions "HTTP/1.1 200 OK"
2025-05-31 14:15:52,133 - httpx - INFO - HTTP Request: POST https://api.toiotech.com/v1/chat/completions "HTTP/1.1 200 OK"
2025-05-31 14:15:52,133 - httpx - INFO - HTTP Request: POST https://api.toiotech.com/v1/chat/completions "HTTP/1.1 200 OK"
2025-05-31 14:16:40,330 - httpx - INFO - HTTP Request: POST https://api.toiotech.com/v1/chat/completions "HTTP/1.1 200 OK"
2025-05-31 14:16:40,330 - httpx - INFO - HTTP Request: POST https://api.toiotech.com/v1/chat/completions "HTTP/1.1 200 OK"
2025-05-31 14:16:51,570 - httpx - INFO - HTTP Request: POST https://api.toiotech.com/v1/chat/completions "HTTP/1.1 200 OK"
2025-05-31 14:16:51,570 - httpx - INFO - HTTP Request: POST https://api.toiotech.com/v1/chat/completions "HTTP/1.1 200 OK"
2025-05-31 14:17:02,713 - httpx - INFO - HTTP Request: POST https://api.toiotech.com/v1/chat/completions "HTTP/1.1 200 OK"
2025-05-31 14:17:02,713 - httpx - INFO - HTTP Request: POST https://api.toiotech.com/v1/chat/completions "HTTP/1.1 200 OK"
2025-05-31 14:17:21,290 - httpx - INFO - HTTP Request: POST https://api.toiotech.com/v1/chat/completions "HTTP/1.1 200 OK"
2025-05-31 14:17:21,290 - httpx - INFO - HTTP Request: POST https://api.toiotech.com/v1/chat/completions "HTTP/1.1 200 OK"
2025-05-31 14:17:29,259 - httpx - INFO - HTTP Request: POST https://api.toiotech.com/v1/chat/completions "HTTP/1.1 200 OK"
2025-05-31 14:17:29,259 - httpx - INFO - HTTP Request: POST https://api.toiotech.com/v1/chat/completions "HTTP/1.1 200 OK"
2025-05-31 14:17:51,543 - httpx - INFO - HTTP Request: POST https://api.toiotech.com/v1/chat/completions "HTTP/1.1 200 OK"
2025-05-31 14:17:51,543 - httpx - INFO - HTTP Request: POST https://api.toiotech.com/v1/chat/completions "HTTP/1.1 200 OK"
2025-05-31 14:18:38,325 - httpx - INFO - HTTP Request: POST https://api.toiotech.com/v1/chat/completions "HTTP/1.1 200 OK"
2025-05-31 14:18:38,325 - httpx - INFO - HTTP Request: POST https://api.toiotech.com/v1/chat/completions "HTTP/1.1 200 OK"
2025-05-31 14:18:38,834 - root - INFO - 
=== 第 2 回合讨论记录 ===
2025-05-31 14:18:38,834 - root - INFO - 
=== 第 2 回合讨论记录 ===
2025-05-31 14:18:38,836 - root - INFO - 张大胆: 【缓缓站起身，双手撑在桌面上，目光凝重地环视全场】各位，我觉得现在局势确实有些微妙。【手指轻轻敲击桌面，发出有节奏的声响】钱强今天表现得太过活跃了，【眯起眼睛盯着钱强的方向】一直在试图主导讨论方向，【假装不经意地整理衣领】这种过于刻意的表现反而让人起疑。【突然转向赵灵的方向】至于赵灵...【若有所思地摸了摸下巴】她的发言总是滴水不漏，【嘴角微微上扬】但正是这种完美才更值得警惕。【身体微微前倾，压低声音】周二的表现也很奇怪，【眼神突然变得锐利】一直在暗中观察却很少发言，【冷笑一声】这种沉默比任何言语都危险。【坐回椅子上，手指无意识地敲击扶手】综合考虑的话...【目光扫过李勇时微不可察地点了点头】我觉得我们应该优先处理那些试图掌控局势的人。【突然挺直腰板】毕竟真正的威胁往往藏在最显眼的地方。选择[player5]
2025-05-31 14:18:38,836 - root - INFO - 张大胆: 【缓缓站起身，双手撑在桌面上，目光凝重地环视全场】各位，我觉得现在局势确实有些微妙。【手指轻轻敲击桌面，发出有节奏的声响】钱强今天表现得太过活跃了，【眯起眼睛盯着钱强的方向】一直在试图主导讨论方向，【假装不经意地整理衣领】这种过于刻意的表现反而让人起疑。【突然转向赵灵的方向】至于赵灵...【若有所思地摸了摸下巴】她的发言总是滴水不漏，【嘴角微微上扬】但正是这种完美才更值得警惕。【身体微微前倾，压低声音】周二的表现也很奇怪，【眼神突然变得锐利】一直在暗中观察却很少发言，【冷笑一声】这种沉默比任何言语都危险。【坐回椅子上，手指无意识地敲击扶手】综合考虑的话...【目光扫过李勇时微不可察地点了点头】我觉得我们应该优先处理那些试图掌控局势的人。【突然挺直腰板】毕竟真正的威胁往往藏在最显眼的地方。选择[player5]
2025-05-31 14:18:38,836 - root - INFO - 李勇: 【缓缓站起身，双手撑在桌面上，目光凝重地环视一圈】各位，我来说说我的观察。【右手无意识地摩挲着下巴，眉头紧锁】首先钱强的表现确实很引人注目，【突然停顿，眼神锐利地看向钱强】他一直在主导讨论方向，这种掌控欲让人不太舒服。【左手食指轻轻敲击桌面，节奏越来越快】不过我更在意的是赵灵，【身体微微前倾】她虽然话不多，但每次发言都直指要害，【突然提高音量】这种沉默的观察者往往最危险！【假装不经意地瞥了眼张大胆】至于吴三...【皱眉思考，手指无意识地卷着衣角】他看似随和，但总是在关键时刻附和别人的观点。【突然拍桌站起】不行，我觉得赵灵这种隐藏的威胁更大！【转头看向众人，眼神坚定】你们觉得呢？
2025-05-31 14:18:38,836 - root - INFO - 李勇: 【缓缓站起身，双手撑在桌面上，目光凝重地环视一圈】各位，我来说说我的观察。【右手无意识地摩挲着下巴，眉头紧锁】首先钱强的表现确实很引人注目，【突然停顿，眼神锐利地看向钱强】他一直在主导讨论方向，这种掌控欲让人不太舒服。【左手食指轻轻敲击桌面，节奏越来越快】不过我更在意的是赵灵，【身体微微前倾】她虽然话不多，但每次发言都直指要害，【突然提高音量】这种沉默的观察者往往最危险！【假装不经意地瞥了眼张大胆】至于吴三...【皱眉思考，手指无意识地卷着衣角】他看似随和，但总是在关键时刻附和别人的观点。【突然拍桌站起】不行，我觉得赵灵这种隐藏的威胁更大！【转头看向众人，眼神坚定】你们觉得呢？
2025-05-31 14:18:38,836 - root - INFO - 赵灵: 【优雅地站起身，手指轻轻拂过桌面，眼神若有所思地扫过在场每一个人】经过仔细聆听各位的发言，局势确实愈发扑朔迷离。【缓步走到房间中央，裙摆随着步伐轻轻摆动】让我来梳理一下当前的情况：【突然转身指向王智，眼神锐利】你自称预言家，但你的表现太过刻意，语速变化和手指敲击都暴露了你的紧张。【收回手，轻轻摇头】真正的预言家不会如此急于证明自己。【踱步到孙一身边，微微俯身】而你，亲爱的守卫先生，【突然直起身，声音提高】你的指控太过武断，仅凭微表情就断定他人说谎，这反而让我怀疑你是在刻意引导风向。【走到窗边，望着月光陷入沉思】至于钱强...【突然转身，裙摆划出一道优美的弧线】他自称猎人却始终附和他人，确实可疑，但比起他，我更在意一直沉默的张大胆。【双手交叠置于胸前】作为女巫，我手中的解药还未使用，这让我有更多观察的余地。【眼神突然变得锐利】目前看来，王智和孙一的行为最为可疑，一个可能是悍跳的狼人，一个可能是伪装守卫的狼同伴。【轻轻叹了口气】我建议这轮先投出孙一，如果他是狼人，那么王智的身份就更加可疑；如果他是好人...【嘴角勾起一抹神秘的微笑】我的毒药会好好招待真正的狼人。【优雅地坐回座位，手指轻叩桌面】记住，女巫的毒药不会轻易使用，但一旦出手，必将致命。让我们继续观察，真相终将水落石出。
2025-05-31 14:18:38,836 - root - INFO - 赵灵: 【优雅地站起身，手指轻轻拂过桌面，眼神若有所思地扫过在场每一个人】经过仔细聆听各位的发言，局势确实愈发扑朔迷离。【缓步走到房间中央，裙摆随着步伐轻轻摆动】让我来梳理一下当前的情况：【突然转身指向王智，眼神锐利】你自称预言家，但你的表现太过刻意，语速变化和手指敲击都暴露了你的紧张。【收回手，轻轻摇头】真正的预言家不会如此急于证明自己。【踱步到孙一身边，微微俯身】而你，亲爱的守卫先生，【突然直起身，声音提高】你的指控太过武断，仅凭微表情就断定他人说谎，这反而让我怀疑你是在刻意引导风向。【走到窗边，望着月光陷入沉思】至于钱强...【突然转身，裙摆划出一道优美的弧线】他自称猎人却始终附和他人，确实可疑，但比起他，我更在意一直沉默的张大胆。【双手交叠置于胸前】作为女巫，我手中的解药还未使用，这让我有更多观察的余地。【眼神突然变得锐利】目前看来，王智和孙一的行为最为可疑，一个可能是悍跳的狼人，一个可能是伪装守卫的狼同伴。【轻轻叹了口气】我建议这轮先投出孙一，如果他是狼人，那么王智的身份就更加可疑；如果他是好人...【嘴角勾起一抹神秘的微笑】我的毒药会好好招待真正的狼人。【优雅地坐回座位，手指轻叩桌面】记住，女巫的毒药不会轻易使用，但一旦出手，必将致命。让我们继续观察，真相终将水落石出。
2025-05-31 14:18:38,836 - root - INFO - 钱强: 【双手抱胸，神情严肃，目光在众人脸上逐一扫过】听了这么多轮发言，局势确实混乱不堪。王智坚持自己是预言家，可反驳质疑时语速加快、手指敲击桌面，种种表现都透露着紧张，实在可疑。赵灵作为女巫，发言谨慎合理，但也不能完全排除她是狼人伪装来搅局的可能性。孙一作为守卫，仅凭细微动作就笃定他人说谎，还急于带节奏，这引导风向的行为很是蹊跷。而一直未发言的张大胆，更是可疑至极，这种沉默仿佛是在默认自己的狼人身份。依我看，王智、孙一和张大胆三人嫌疑最大。目前好人阵营必须保持冷静，从后续的发言细节中仔细甄别，不能被狼人误导。我作为猎人，会时刻握紧手中猎枪，一旦发现狼人踪迹，定让他无处遁形，为好人阵营赢得胜利！ 
2025-05-31 14:18:38,836 - root - INFO - 钱强: 【双手抱胸，神情严肃，目光在众人脸上逐一扫过】听了这么多轮发言，局势确实混乱不堪。王智坚持自己是预言家，可反驳质疑时语速加快、手指敲击桌面，种种表现都透露着紧张，实在可疑。赵灵作为女巫，发言谨慎合理，但也不能完全排除她是狼人伪装来搅局的可能性。孙一作为守卫，仅凭细微动作就笃定他人说谎，还急于带节奏，这引导风向的行为很是蹊跷。而一直未发言的张大胆，更是可疑至极，这种沉默仿佛是在默认自己的狼人身份。依我看，王智、孙一和张大胆三人嫌疑最大。目前好人阵营必须保持冷静，从后续的发言细节中仔细甄别，不能被狼人误导。我作为猎人，会时刻握紧手中猎枪，一旦发现狼人踪迹，定让他无处遁形，为好人阵营赢得胜利！ 
2025-05-31 14:18:38,836 - root - INFO - 孙一: 【缓缓站起身，双手撑在桌面上，目光如鹰隼般锐利地扫视全场】各位，经过多轮发言的观察，局势已经逐渐明朗。【手指有节奏地敲击桌面，眉头紧锁】让我来梳理一下关键线索：【突然转身指向王智，眼神凌厉】你自称预言家却漏洞百出！【右手食指在空中划出弧线】不仅语速异常，更重要的是你每次提到"千真万确"时左眼都会不自然地眨动，这可是心理学上典型的说谎表现！【踱步到赵灵身边，微微欠身】赵灵女巫，您的发言虽然谨慎，但【突然眯起眼睛】您提到毒药时嘴角上扬的幅度明显超出正常范围，这种微妙的兴奋感让我不得不怀疑。【猛地拍桌】最可疑的还是钱强！【双手撑在桌面上，身体前倾】他自称猎人却全程附和他人观点，而且【冷笑一声】我注意到他右手始终插在口袋，这分明是在掩饰什么不可告人的秘密！【直起身，双手背在身后】至于一直沉默的张大胆，这种消极应对的态度简直就是在默认自己的狼人身份！【突然转身面对众人，眼神坚定】作为守卫，我建议这轮重点投票给王智和钱强。【握紧拳头，语气凝重】好人阵营必须擦亮眼睛，这些狼人正在用精湛的演技试图迷惑我们！【环视全场】今晚我会守护真正的预言家，但前提是我们必须先把这些说谎者揪出来！【右手重重拍在胸口】我以守卫的荣誉起誓，绝不会让狼人的阴谋得逞！
2025-05-31 14:18:38,836 - root - INFO - 孙一: 【缓缓站起身，双手撑在桌面上，目光如鹰隼般锐利地扫视全场】各位，经过多轮发言的观察，局势已经逐渐明朗。【手指有节奏地敲击桌面，眉头紧锁】让我来梳理一下关键线索：【突然转身指向王智，眼神凌厉】你自称预言家却漏洞百出！【右手食指在空中划出弧线】不仅语速异常，更重要的是你每次提到"千真万确"时左眼都会不自然地眨动，这可是心理学上典型的说谎表现！【踱步到赵灵身边，微微欠身】赵灵女巫，您的发言虽然谨慎，但【突然眯起眼睛】您提到毒药时嘴角上扬的幅度明显超出正常范围，这种微妙的兴奋感让我不得不怀疑。【猛地拍桌】最可疑的还是钱强！【双手撑在桌面上，身体前倾】他自称猎人却全程附和他人观点，而且【冷笑一声】我注意到他右手始终插在口袋，这分明是在掩饰什么不可告人的秘密！【直起身，双手背在身后】至于一直沉默的张大胆，这种消极应对的态度简直就是在默认自己的狼人身份！【突然转身面对众人，眼神坚定】作为守卫，我建议这轮重点投票给王智和钱强。【握紧拳头，语气凝重】好人阵营必须擦亮眼睛，这些狼人正在用精湛的演技试图迷惑我们！【环视全场】今晚我会守护真正的预言家，但前提是我们必须先把这些说谎者揪出来！【右手重重拍在胸口】我以守卫的荣誉起誓，绝不会让狼人的阴谋得逞！
2025-05-31 14:18:38,836 - root - INFO - 吴三: 

【手指无意识地摩挲着椅角的纹路，眉头微微皱起，目光在众人脸上逐一扫过】各位，听了这么多轮发言，我这脑子转得直犯晕，但总得理出点门道。先说说王智——【突然坐直身子，食指虚点向他】你跳预言家指认张大胆是狼人，这本来是关键信息，可你反驳质疑时语速快得像机关枪，右手食指敲桌子敲得咚咚响，刚才孙一还说你提“千真万确”时左眼直眨巴——真正的预言家报验人该是坦荡得像正午的太阳，哪会这么慌慌张张？倒像狼人在拼命圆谎【喉咙轻咳一声，手指轻轻叩了叩桌面】。  

再看赵灵女巫【歪头看向她，眼神里带了丝探究】，你口口声声“保持冷静”，可连昨晚有没有救人、毒药打算留给谁都不肯说——真女巫第一晚大概率会救人（除非自刀狼），你倒好，就说“毒药珍贵”，这哪是女巫该有的信息量？【突然眯起眼睛】刚才你说要投孙一时，裙摆转得那叫一个漂亮，嘴角还挂着神秘笑，倒像在故意带节奏转移焦点，这可不太像女巫该有的谨慎做派。  

钱强的猎人身份我也存疑【身体前倾，目光锁定他】，你说“猎枪等着狼人”，可翻来覆去就会附和赵灵的“不能轻信”，连句自己的分析都没有。【突然站起身，在屋内小幅度踱步】刚才历史发言里有人提到你说“猎枪”时右肩抖、眼神飘，我刚才仔细看——你说“猎枪必将对准狼人”时，右手在口袋里攥得指节发白，哪有猎人该有的底气？倒像狼人在虚张声势【摇了摇头，嘴角扯出一丝冷笑】。  

最让我起疑的还是孙一【转身看向他，双手抱胸】，你作为守卫，按理说该沉稳观察，可你拍桌子、指人、捏衣角，动作一个比一个激烈，分析全靠“摸鼻子”“插兜”这种微表情，这哪是守卫该有的逻辑？【突然停下脚步，手指点向他】更蹊跷的是，你拼命把矛头往钱强和王智身上引，倒像在转移我们对张大胆的注意力——【猛地转身看向一直沉默的张大胆，声音提高了些】张大胆！王智说你是狼人，你到现在连句话都没有，是打算装死混过去吗？要是好人，早该跳起来自证了！你这沉默，简直像在默认狼人身份！  

【深吸一口气，双手撑在桌上，眼神坚定】现在局势明摆着，狼人混在跳神的几个里搅局——王智可能是悍跳预言家，赵灵和钱强装女巫猎人，孙一在带节奏甩锅，张大胆就是被查杀的狼同伴！【拳头轻轻砸了下桌面，语气里带了几分急切】我们好人不能再被这些花言巧语骗了！这轮要是张大胆再不开口，我第一个投他；要是他能自证，那王智、赵灵、钱强、孙一这几个跳神的，必须有一个是狼！大家都擦亮眼睛，别被带偏了！【目光扫过全场，喉结滚动两下】再这么耗下去，狼人可就要趁机刀人了！
2025-05-31 14:18:38,836 - root - INFO - 吴三: 

【手指无意识地摩挲着椅角的纹路，眉头微微皱起，目光在众人脸上逐一扫过】各位，听了这么多轮发言，我这脑子转得直犯晕，但总得理出点门道。先说说王智——【突然坐直身子，食指虚点向他】你跳预言家指认张大胆是狼人，这本来是关键信息，可你反驳质疑时语速快得像机关枪，右手食指敲桌子敲得咚咚响，刚才孙一还说你提“千真万确”时左眼直眨巴——真正的预言家报验人该是坦荡得像正午的太阳，哪会这么慌慌张张？倒像狼人在拼命圆谎【喉咙轻咳一声，手指轻轻叩了叩桌面】。  

再看赵灵女巫【歪头看向她，眼神里带了丝探究】，你口口声声“保持冷静”，可连昨晚有没有救人、毒药打算留给谁都不肯说——真女巫第一晚大概率会救人（除非自刀狼），你倒好，就说“毒药珍贵”，这哪是女巫该有的信息量？【突然眯起眼睛】刚才你说要投孙一时，裙摆转得那叫一个漂亮，嘴角还挂着神秘笑，倒像在故意带节奏转移焦点，这可不太像女巫该有的谨慎做派。  

钱强的猎人身份我也存疑【身体前倾，目光锁定他】，你说“猎枪等着狼人”，可翻来覆去就会附和赵灵的“不能轻信”，连句自己的分析都没有。【突然站起身，在屋内小幅度踱步】刚才历史发言里有人提到你说“猎枪”时右肩抖、眼神飘，我刚才仔细看——你说“猎枪必将对准狼人”时，右手在口袋里攥得指节发白，哪有猎人该有的底气？倒像狼人在虚张声势【摇了摇头，嘴角扯出一丝冷笑】。  

最让我起疑的还是孙一【转身看向他，双手抱胸】，你作为守卫，按理说该沉稳观察，可你拍桌子、指人、捏衣角，动作一个比一个激烈，分析全靠“摸鼻子”“插兜”这种微表情，这哪是守卫该有的逻辑？【突然停下脚步，手指点向他】更蹊跷的是，你拼命把矛头往钱强和王智身上引，倒像在转移我们对张大胆的注意力——【猛地转身看向一直沉默的张大胆，声音提高了些】张大胆！王智说你是狼人，你到现在连句话都没有，是打算装死混过去吗？要是好人，早该跳起来自证了！你这沉默，简直像在默认狼人身份！  

【深吸一口气，双手撑在桌上，眼神坚定】现在局势明摆着，狼人混在跳神的几个里搅局——王智可能是悍跳预言家，赵灵和钱强装女巫猎人，孙一在带节奏甩锅，张大胆就是被查杀的狼同伴！【拳头轻轻砸了下桌面，语气里带了几分急切】我们好人不能再被这些花言巧语骗了！这轮要是张大胆再不开口，我第一个投他；要是他能自证，那王智、赵灵、钱强、孙一这几个跳神的，必须有一个是狼！大家都擦亮眼睛，别被带偏了！【目光扫过全场，喉结滚动两下】再这么耗下去，狼人可就要趁机刀人了！
2025-05-31 14:18:38,842 - root - INFO - 张大胆: 【缓缓站起身，双手交叉抱胸，目光深沉地扫视全场】各位，我觉得现在局势确实很微妙。【手指轻轻敲击桌面，发出有节奏的声响】钱强今天表现得太过活跃了，【眯起眼睛盯着钱强的方向】一直在试图主导讨论方向，【假装不经意地整理衣领】这种过于刻意的表现反而让人起疑。【突然转向赵灵的方向】至于赵灵...【若有所思地摸了摸下巴】她的发言总是滴水不漏，【嘴角微微上扬】但正是这种完美才更值得警惕。【身体微微前倾，压低声音】周二的表现也很奇怪，【眼神突然变得锐利】一直在暗中观察却很少发言，【冷笑一声】这种沉默比任何言语都危险。【坐回椅子上，手指无意识地敲击扶手】综合考虑的话...【目光扫过李勇时微不可察地点了点头】我觉得我们应该优先处理那些试图掌控局势的人。【突然挺直腰板】毕竟真正的威胁往往藏在最显眼的地方。
2025-05-31 14:18:38,842 - root - INFO - 张大胆: 【缓缓站起身，双手交叉抱胸，目光深沉地扫视全场】各位，我觉得现在局势确实很微妙。【手指轻轻敲击桌面，发出有节奏的声响】钱强今天表现得太过活跃了，【眯起眼睛盯着钱强的方向】一直在试图主导讨论方向，【假装不经意地整理衣领】这种过于刻意的表现反而让人起疑。【突然转向赵灵的方向】至于赵灵...【若有所思地摸了摸下巴】她的发言总是滴水不漏，【嘴角微微上扬】但正是这种完美才更值得警惕。【身体微微前倾，压低声音】周二的表现也很奇怪，【眼神突然变得锐利】一直在暗中观察却很少发言，【冷笑一声】这种沉默比任何言语都危险。【坐回椅子上，手指无意识地敲击扶手】综合考虑的话...【目光扫过李勇时微不可察地点了点头】我觉得我们应该优先处理那些试图掌控局势的人。【突然挺直腰板】毕竟真正的威胁往往藏在最显眼的地方。
2025-05-31 14:18:38,842 - root - INFO - 李勇: 【缓缓站起身，双手交叉抱胸，眼神若有所思地扫视全场】各位，我来说说我的观察。【右手食指轻轻敲击桌面，节奏时快时慢】首先钱强的表现确实很活跃，【突然停顿，眯起眼睛】他一直在试图主导讨论方向，这种过于刻意的行为让我有些在意。【身体微微前倾，压低声音】不过我更关注的是赵灵，【手指突然停住】她虽然发言不多，但每次都能说到点子上。【舔了舔嘴唇，眉头紧锁】这种沉默的观察者往往最危险...【突然拍桌】等等！【转头看向吴三】吴三今天的表现也很奇怪，【眼神锐利】他一直在附和别人，自己却很少提出建设性意见。【手指无意识地卷着衣角】我觉得我们需要更谨慎地分析每个人的行为模式...【深吸一口气】毕竟现在局势还很复杂。【环视众人，目光在张大胆身上多停留了一秒】你们觉得呢？
2025-05-31 14:18:38,842 - root - INFO - 李勇: 【缓缓站起身，双手交叉抱胸，眼神若有所思地扫视全场】各位，我来说说我的观察。【右手食指轻轻敲击桌面，节奏时快时慢】首先钱强的表现确实很活跃，【突然停顿，眯起眼睛】他一直在试图主导讨论方向，这种过于刻意的行为让我有些在意。【身体微微前倾，压低声音】不过我更关注的是赵灵，【手指突然停住】她虽然发言不多，但每次都能说到点子上。【舔了舔嘴唇，眉头紧锁】这种沉默的观察者往往最危险...【突然拍桌】等等！【转头看向吴三】吴三今天的表现也很奇怪，【眼神锐利】他一直在附和别人，自己却很少提出建设性意见。【手指无意识地卷着衣角】我觉得我们需要更谨慎地分析每个人的行为模式...【深吸一口气】毕竟现在局势还很复杂。【环视众人，目光在张大胆身上多停留了一秒】你们觉得呢？
2025-05-31 14:18:38,842 - root - INFO - 赵灵: 【优雅地站起身，手指轻轻抚过鬓边的发丝，眼神深邃地环视众人】经过多轮发言的观察，局势已经逐渐明朗。【缓步走到房间中央，裙摆随着步伐轻轻摆动】让我来仔细分析一下各位的表现：【突然转身指向王智，眼神锐利】你自称预言家，但你的表现太过刻意，每次提到"千真万确"时左眼都会不自然地眨动，这种微表情出卖了你的谎言。【收回手，轻轻摇头】而且你反驳质疑时语速明显加快，手指不停地敲击桌面，这种紧张感与真正的预言家应有的沉稳大相径庭。【踱步到孙一身边，微微俯身】至于你，亲爱的守卫先生，【突然直起身，声音提高】你的指控太过武断，仅凭微表情就断定他人说谎，这种急于带节奏的行为反而暴露了你的狼人身份。【走到窗边，望着月光陷入沉思】钱强虽然自称猎人却始终附和他人，但比起他，我更在意一直沉默的张大胆。【突然转身，裙摆划出一道优美的弧线】这种消极应对的态度简直就是在默认自己的狼人身份！【双手交叠置于胸前】作为女巫，我手中的解药还未使用，这让我有更多观察的余地。【眼神突然变得锐利】目前看来，王智和孙一的行为最为可疑，一个可能是悍跳的狼人，一个可能是伪装守卫的狼同伴。【轻轻叹了口气】我建议这轮先投出孙一，如果他是狼人，那么王智的身份就更加可疑；如果他是好人...【嘴角勾起一抹神秘的微笑】我的毒药会好好招待真正的狼人。【优雅地坐回座位，手指轻叩桌面】记住，女巫的毒药不会轻易使用，但一旦出手，必将致命。让我们继续观察，真相终将水落石出。
2025-05-31 14:18:38,842 - root - INFO - 赵灵: 【优雅地站起身，手指轻轻抚过鬓边的发丝，眼神深邃地环视众人】经过多轮发言的观察，局势已经逐渐明朗。【缓步走到房间中央，裙摆随着步伐轻轻摆动】让我来仔细分析一下各位的表现：【突然转身指向王智，眼神锐利】你自称预言家，但你的表现太过刻意，每次提到"千真万确"时左眼都会不自然地眨动，这种微表情出卖了你的谎言。【收回手，轻轻摇头】而且你反驳质疑时语速明显加快，手指不停地敲击桌面，这种紧张感与真正的预言家应有的沉稳大相径庭。【踱步到孙一身边，微微俯身】至于你，亲爱的守卫先生，【突然直起身，声音提高】你的指控太过武断，仅凭微表情就断定他人说谎，这种急于带节奏的行为反而暴露了你的狼人身份。【走到窗边，望着月光陷入沉思】钱强虽然自称猎人却始终附和他人，但比起他，我更在意一直沉默的张大胆。【突然转身，裙摆划出一道优美的弧线】这种消极应对的态度简直就是在默认自己的狼人身份！【双手交叠置于胸前】作为女巫，我手中的解药还未使用，这让我有更多观察的余地。【眼神突然变得锐利】目前看来，王智和孙一的行为最为可疑，一个可能是悍跳的狼人，一个可能是伪装守卫的狼同伴。【轻轻叹了口气】我建议这轮先投出孙一，如果他是狼人，那么王智的身份就更加可疑；如果他是好人...【嘴角勾起一抹神秘的微笑】我的毒药会好好招待真正的狼人。【优雅地坐回座位，手指轻叩桌面】记住，女巫的毒药不会轻易使用，但一旦出手，必将致命。让我们继续观察，真相终将水落石出。
2025-05-31 14:18:38,842 - root - INFO - 钱强: 【双手抱胸，在房间里一边缓缓踱步，一边目光如炬地审视着众人】各位，经过多轮发言，局势愈发错综复杂。王智坚持自称预言家，然而反驳质疑时语速加快、手指敲击桌面，还有提到“千真万确”时左眼不自然眨动，这些细节表明他很可疑，极有可能是狼人悍跳。赵灵作为女巫，发言虽谨慎，但提到毒药时嘴角上扬幅度过大，也不能完全打消我的疑虑。孙一以守卫身份仅凭微表情就笃定他人说谎，急于带节奏，这行为太蹊跷，很可能在误导我们。一直沉默的张大胆，其消极态度就像默认自己是狼人。依我看，王智、孙一、张大胆三人嫌疑重大。目前好人阵营必须冷静，仔细分析每个人发言细节，不能被狼人迷惑。我作为猎人，会紧紧握着猎枪，随时准备给狼人致命一击，与大家一起找出狼人，让好人阵营取得胜利！ 
2025-05-31 14:18:38,842 - root - INFO - 钱强: 【双手抱胸，在房间里一边缓缓踱步，一边目光如炬地审视着众人】各位，经过多轮发言，局势愈发错综复杂。王智坚持自称预言家，然而反驳质疑时语速加快、手指敲击桌面，还有提到“千真万确”时左眼不自然眨动，这些细节表明他很可疑，极有可能是狼人悍跳。赵灵作为女巫，发言虽谨慎，但提到毒药时嘴角上扬幅度过大，也不能完全打消我的疑虑。孙一以守卫身份仅凭微表情就笃定他人说谎，急于带节奏，这行为太蹊跷，很可能在误导我们。一直沉默的张大胆，其消极态度就像默认自己是狼人。依我看，王智、孙一、张大胆三人嫌疑重大。目前好人阵营必须冷静，仔细分析每个人发言细节，不能被狼人迷惑。我作为猎人，会紧紧握着猎枪，随时准备给狼人致命一击，与大家一起找出狼人，让好人阵营取得胜利！ 
2025-05-31 14:18:38,842 - root - INFO - 孙一: 【猛地站起身，双手重重拍在桌面上，眼神如炬地扫视全场】各位，经过多轮发言的激烈交锋，局势已经逐渐明朗！【右手食指有节奏地敲击着太阳穴，眉头紧锁】让我来为大家梳理关键线索：【突然转身指向王智，手指微微颤抖】你自称预言家却漏洞百出！【快步走到王智面前，俯身紧盯他的双眼】不仅语速异常，更重要的是你每次提到"千真万确"时左眼都会不自然地眨动，这可是心理学上典型的说谎表现！【直起身，双手抱胸踱步】而且你反驳质疑时手指不停地敲击桌面，这种紧张感与真正的预言家应有的沉稳大相径庭！

【突然停下脚步，转身面对赵灵，微微欠身】赵灵女巫，您的发言虽然谨慎，但【眯起眼睛】您提到毒药时嘴角上扬的幅度明显超出正常范围，这种微妙的兴奋感让我不得不怀疑您是否在享受这场猎杀游戏。【猛地拍桌】最可疑的还是钱强！【双手撑在桌面上，身体前倾】他自称猎人却全程附和他人观点，而且【冷笑一声】我注意到他右手始终插在口袋，这分明是在掩饰什么不可告人的秘密！

【缓缓直起身，双手背在身后踱步到窗边】至于一直沉默的张大胆...【突然转身，眼神凌厉】这种消极应对的态度简直就是在默认自己的狼人身份！【握紧拳头重重砸在窗台上】作为守卫，我建议这轮重点投票给王智和钱强。【环视全场，语气凝重】好人阵营必须擦亮眼睛，这些狼人正在用精湛的演技试图迷惑我们！

【右手重重拍在胸口】我以守卫的荣誉起誓，今晚必定守护真正的预言家！但前提是【突然提高音量】我们必须先把这些说谎者揪出来！【双手撑在桌面上，身体前倾】王智悍跳预言家，钱强伪装猎人，张大胆消极应对，这三人的狼人团伙已经呼之欲出！【直起身整理衣领】建议好人阵营团结一致，先投出最可疑的王智，让我今晚可以专心守护真正的预言家！
2025-05-31 14:18:38,842 - root - INFO - 孙一: 【猛地站起身，双手重重拍在桌面上，眼神如炬地扫视全场】各位，经过多轮发言的激烈交锋，局势已经逐渐明朗！【右手食指有节奏地敲击着太阳穴，眉头紧锁】让我来为大家梳理关键线索：【突然转身指向王智，手指微微颤抖】你自称预言家却漏洞百出！【快步走到王智面前，俯身紧盯他的双眼】不仅语速异常，更重要的是你每次提到"千真万确"时左眼都会不自然地眨动，这可是心理学上典型的说谎表现！【直起身，双手抱胸踱步】而且你反驳质疑时手指不停地敲击桌面，这种紧张感与真正的预言家应有的沉稳大相径庭！

【突然停下脚步，转身面对赵灵，微微欠身】赵灵女巫，您的发言虽然谨慎，但【眯起眼睛】您提到毒药时嘴角上扬的幅度明显超出正常范围，这种微妙的兴奋感让我不得不怀疑您是否在享受这场猎杀游戏。【猛地拍桌】最可疑的还是钱强！【双手撑在桌面上，身体前倾】他自称猎人却全程附和他人观点，而且【冷笑一声】我注意到他右手始终插在口袋，这分明是在掩饰什么不可告人的秘密！

【缓缓直起身，双手背在身后踱步到窗边】至于一直沉默的张大胆...【突然转身，眼神凌厉】这种消极应对的态度简直就是在默认自己的狼人身份！【握紧拳头重重砸在窗台上】作为守卫，我建议这轮重点投票给王智和钱强。【环视全场，语气凝重】好人阵营必须擦亮眼睛，这些狼人正在用精湛的演技试图迷惑我们！

【右手重重拍在胸口】我以守卫的荣誉起誓，今晚必定守护真正的预言家！但前提是【突然提高音量】我们必须先把这些说谎者揪出来！【双手撑在桌面上，身体前倾】王智悍跳预言家，钱强伪装猎人，张大胆消极应对，这三人的狼人团伙已经呼之欲出！【直起身整理衣领】建议好人阵营团结一致，先投出最可疑的王智，让我今晚可以专心守护真正的预言家！
2025-05-31 14:18:38,842 - root - INFO - 吴三: 

【手指无意识地摩挲着椅背上的木纹，目光在众人脸上缓缓扫过，嘴角抿成一条线】各位，听了这么多轮发言，我这脑子像被搅浑的井水——得慢慢理出个清头来。先说说王智吧【突然坐直身子，食指虚点向他】，你跳预言家指认张大胆是狼人，这本来是关键信息，可你反驳质疑时语速快得像机关枪，右手食指敲桌子敲得咚咚响，刚才孙一还说你提“千真万确”时左眼直眨巴——真正的预言家报验人该是坦荡得像正午的太阳，哪会这么慌慌张张？倒像狼人在拼命圆谎【喉咙轻咳一声，手指轻轻叩了叩桌面】。  

再看赵灵女巫【歪头看向她，眼神里带了丝探究】，你口口声声“保持冷静”，可连昨晚有没有救人、毒药打算留给谁都不肯说——真女巫第一晚大概率会救人（除非自刀狼），你倒好，就说“毒药珍贵”，这哪是女巫该有的信息量？【突然眯起眼睛】刚才你说要投孙一时，裙摆转得那叫一个漂亮，嘴角还挂着神秘笑，倒像在故意带节奏转移焦点，这可不太像女巫该有的谨慎做派。  

钱强的猎人身份我也存疑【身体前倾，目光锁定他】，你说“猎枪等着狼人”，可翻来覆去就会附和赵灵的“不能轻信”，连句自己的分析都没有。【突然站起身，在屋内小幅度踱步】刚才历史发言里有人提到你说“猎枪”时右肩抖、眼神飘，我刚才仔细看——你说“猎枪必将对准狼人”时，右手在口袋里攥得指节发白，哪有猎人该有的底气？倒像狼人在虚张声势【摇了摇头，嘴角扯出一丝冷笑】。  

最让我起疑的还是孙一【转身看向他，双手抱胸】，你作为守卫，按理说该沉稳观察，可你拍桌子、指人、捏衣角，动作一个比一个激烈，分析全靠“摸鼻子”“插兜”这种微表情，这哪是守卫该有的逻辑？【突然停下脚步，手指点向他】更蹊跷的是，你拼命把矛头往钱强和王智身上引，倒像在转移我们对张大胆的注意力——【猛地转身看向一直沉默的张大胆，声音提高了些，眼眶微微发红】张大胆！王智说你是狼人，你到现在连句话都没有，是打算装死混过去吗？要是好人，早该跳起来自证了！你这沉默，简直像在默认狼人身份！  

【深吸一口气，双手撑在桌上，指节因用力而泛白】现在局势明摆着，狼人混在跳神的几个里搅局——王智可能是悍跳预言家，赵灵和钱强装女巫猎人，孙一在带节奏甩锅，张大胆就是被查杀的狼同伴！【拳头轻轻砸了下桌面，语气里带了几分急切】我们好人不能再被这些花言巧语骗了！这轮要是张大胆再不开口，我第一个投他；要是他能自证，那王智、赵灵、钱强、孙一这几个跳神的，必须有一个是狼！大家都擦亮眼睛，别被带偏了！【目光扫过全场，喉结滚动两下】再这么耗下去，狼人可就要趁机刀人了！
2025-05-31 14:18:38,842 - root - INFO - 吴三: 

【手指无意识地摩挲着椅背上的木纹，目光在众人脸上缓缓扫过，嘴角抿成一条线】各位，听了这么多轮发言，我这脑子像被搅浑的井水——得慢慢理出个清头来。先说说王智吧【突然坐直身子，食指虚点向他】，你跳预言家指认张大胆是狼人，这本来是关键信息，可你反驳质疑时语速快得像机关枪，右手食指敲桌子敲得咚咚响，刚才孙一还说你提“千真万确”时左眼直眨巴——真正的预言家报验人该是坦荡得像正午的太阳，哪会这么慌慌张张？倒像狼人在拼命圆谎【喉咙轻咳一声，手指轻轻叩了叩桌面】。  

再看赵灵女巫【歪头看向她，眼神里带了丝探究】，你口口声声“保持冷静”，可连昨晚有没有救人、毒药打算留给谁都不肯说——真女巫第一晚大概率会救人（除非自刀狼），你倒好，就说“毒药珍贵”，这哪是女巫该有的信息量？【突然眯起眼睛】刚才你说要投孙一时，裙摆转得那叫一个漂亮，嘴角还挂着神秘笑，倒像在故意带节奏转移焦点，这可不太像女巫该有的谨慎做派。  

钱强的猎人身份我也存疑【身体前倾，目光锁定他】，你说“猎枪等着狼人”，可翻来覆去就会附和赵灵的“不能轻信”，连句自己的分析都没有。【突然站起身，在屋内小幅度踱步】刚才历史发言里有人提到你说“猎枪”时右肩抖、眼神飘，我刚才仔细看——你说“猎枪必将对准狼人”时，右手在口袋里攥得指节发白，哪有猎人该有的底气？倒像狼人在虚张声势【摇了摇头，嘴角扯出一丝冷笑】。  

最让我起疑的还是孙一【转身看向他，双手抱胸】，你作为守卫，按理说该沉稳观察，可你拍桌子、指人、捏衣角，动作一个比一个激烈，分析全靠“摸鼻子”“插兜”这种微表情，这哪是守卫该有的逻辑？【突然停下脚步，手指点向他】更蹊跷的是，你拼命把矛头往钱强和王智身上引，倒像在转移我们对张大胆的注意力——【猛地转身看向一直沉默的张大胆，声音提高了些，眼眶微微发红】张大胆！王智说你是狼人，你到现在连句话都没有，是打算装死混过去吗？要是好人，早该跳起来自证了！你这沉默，简直像在默认狼人身份！  

【深吸一口气，双手撑在桌上，指节因用力而泛白】现在局势明摆着，狼人混在跳神的几个里搅局——王智可能是悍跳预言家，赵灵和钱强装女巫猎人，孙一在带节奏甩锅，张大胆就是被查杀的狼同伴！【拳头轻轻砸了下桌面，语气里带了几分急切】我们好人不能再被这些花言巧语骗了！这轮要是张大胆再不开口，我第一个投他；要是他能自证，那王智、赵灵、钱强、孙一这几个跳神的，必须有一个是狼！大家都擦亮眼睛，别被带偏了！【目光扫过全场，喉结滚动两下】再这么耗下去，狼人可就要趁机刀人了！
2025-05-31 14:18:47,724 - httpx - INFO - HTTP Request: POST https://api.toiotech.com/v1/chat/completions "HTTP/1.1 200 OK"
2025-05-31 14:18:47,724 - httpx - INFO - HTTP Request: POST https://api.toiotech.com/v1/chat/completions "HTTP/1.1 200 OK"
2025-05-31 14:18:47,724 - root - INFO - 投票记录: player1 -> player5 (正确)
2025-05-31 14:18:47,724 - root - INFO - 投票记录: player1 -> player5 (正确)
2025-05-31 14:18:55,063 - httpx - INFO - HTTP Request: POST https://api.toiotech.com/v1/chat/completions "HTTP/1.1 200 OK"
2025-05-31 14:18:55,063 - httpx - INFO - HTTP Request: POST https://api.toiotech.com/v1/chat/completions "HTTP/1.1 200 OK"
2025-05-31 14:18:55,073 - root - INFO - 投票记录: player2 -> player4 (正确)
2025-05-31 14:18:55,073 - root - INFO - 投票记录: player2 -> player4 (正确)
2025-05-31 14:19:05,394 - httpx - INFO - HTTP Request: POST https://api.toiotech.com/v1/chat/completions "HTTP/1.1 200 OK"
2025-05-31 14:19:05,394 - httpx - INFO - HTTP Request: POST https://api.toiotech.com/v1/chat/completions "HTTP/1.1 200 OK"
2025-05-31 14:19:05,401 - root - INFO - 投票记录: player4 -> player6 (错误)
2025-05-31 14:19:05,401 - root - INFO - 投票记录: player4 -> player6 (错误)
2025-05-31 14:19:08,686 - httpx - INFO - HTTP Request: POST https://api.toiotech.com/v1/chat/completions "HTTP/1.1 200 OK"
2025-05-31 14:19:08,686 - httpx - INFO - HTTP Request: POST https://api.toiotech.com/v1/chat/completions "HTTP/1.1 200 OK"
2025-05-31 14:19:08,687 - root - INFO - 投票记录: player5 -> player1 (正确)
2025-05-31 14:19:08,687 - root - INFO - 投票记录: player5 -> player1 (正确)
2025-05-31 14:19:16,930 - httpx - INFO - HTTP Request: POST https://api.toiotech.com/v1/chat/completions "HTTP/1.1 200 OK"
2025-05-31 14:19:16,930 - httpx - INFO - HTTP Request: POST https://api.toiotech.com/v1/chat/completions "HTTP/1.1 200 OK"
2025-05-31 14:19:17,022 - root - INFO - 投票记录: player6 -> player5 (错误)
2025-05-31 14:19:17,022 - root - INFO - 投票记录: player6 -> player5 (错误)
2025-05-31 14:19:36,405 - httpx - INFO - HTTP Request: POST https://api.toiotech.com/v1/chat/completions "HTTP/1.1 200 OK"
2025-05-31 14:19:36,405 - httpx - INFO - HTTP Request: POST https://api.toiotech.com/v1/chat/completions "HTTP/1.1 200 OK"
2025-05-31 14:19:36,405 - root - INFO - 投票记录: player8 -> player1 (正确)
2025-05-31 14:19:36,405 - root - INFO - 投票记录: player8 -> player1 (正确)
2025-05-31 14:19:36,913 - root - INFO - 
=== 第 2 回合投票结果 ===
2025-05-31 14:19:36,913 - root - INFO - 
=== 第 2 回合投票结果 ===
2025-05-31 14:19:36,913 - root - INFO - 得票情况：
2025-05-31 14:19:36,913 - root - INFO - 得票情况：
2025-05-31 14:19:36,913 - root - INFO - - 钱强: 2 票
2025-05-31 14:19:36,913 - root - INFO - - 钱强: 2 票
2025-05-31 14:19:36,913 - root - INFO -   投票者: 张大胆, 孙一
2025-05-31 14:19:36,913 - root - INFO -   投票者: 张大胆, 孙一
2025-05-31 14:19:36,913 - root - INFO - - 赵灵: 1 票
2025-05-31 14:19:36,913 - root - INFO - - 赵灵: 1 票
2025-05-31 14:19:36,913 - root - INFO -   投票者: 李勇
2025-05-31 14:19:36,913 - root - INFO -   投票者: 李勇
2025-05-31 14:19:36,913 - root - INFO - - 孙一: 1 票
2025-05-31 14:19:36,913 - root - INFO - - 孙一: 1 票
2025-05-31 14:19:36,913 - root - INFO -   投票者: 赵灵
2025-05-31 14:19:36,913 - root - INFO -   投票者: 赵灵
2025-05-31 14:19:36,913 - root - INFO - - 张大胆: 2 票
2025-05-31 14:19:36,913 - root - INFO - - 张大胆: 2 票
2025-05-31 14:19:36,918 - root - INFO -   投票者: 钱强, 吴三
2025-05-31 14:19:36,918 - root - INFO -   投票者: 钱强, 吴三
2025-05-31 14:19:36,918 - root - INFO - 
出现平票！
2025-05-31 14:19:36,918 - root - INFO - 
出现平票！
2025-05-31 14:19:36,918 - root - INFO - 平票玩家：钱强, 张大胆
2025-05-31 14:19:36,918 - root - INFO - 平票玩家：钱强, 张大胆
2025-05-31 14:19:36,919 - root - INFO - 随机选择了 张大胆
2025-05-31 14:19:36,919 - root - INFO - 随机选择了 张大胆
2025-05-31 14:19:43,310 - httpx - INFO - HTTP Request: POST https://api.toiotech.com/v1/chat/completions "HTTP/1.1 200 OK"
2025-05-31 14:19:43,310 - httpx - INFO - HTTP Request: POST https://api.toiotech.com/v1/chat/completions "HTTP/1.1 200 OK"
2025-05-31 14:20:00,137 - httpx - INFO - HTTP Request: POST https://api.toiotech.com/v1/chat/completions "HTTP/1.1 200 OK"
2025-05-31 14:20:00,137 - httpx - INFO - HTTP Request: POST https://api.toiotech.com/v1/chat/completions "HTTP/1.1 200 OK"
2025-05-31 14:20:09,896 - httpx - INFO - HTTP Request: POST https://api.toiotech.com/v1/chat/completions "HTTP/1.1 200 OK"
2025-05-31 14:20:09,896 - httpx - INFO - HTTP Request: POST https://api.toiotech.com/v1/chat/completions "HTTP/1.1 200 OK"
2025-05-31 14:20:16,538 - httpx - INFO - HTTP Request: POST https://api.toiotech.com/v1/chat/completions "HTTP/1.1 200 OK"
2025-05-31 14:20:16,538 - httpx - INFO - HTTP Request: POST https://api.toiotech.com/v1/chat/completions "HTTP/1.1 200 OK"
2025-05-31 14:20:16,538 - game.roles - INFO - 女巫使用了解药
2025-05-31 14:20:16,538 - game.roles - INFO - 女巫使用了解药
2025-05-31 14:20:16,538 - root - INFO - 能力使用: 玩家player4使用救人 正确
2025-05-31 14:20:16,538 - root - INFO - 能力使用: 玩家player4使用救人 正确
2025-05-31 14:20:28,349 - httpx - INFO - HTTP Request: POST https://api.toiotech.com/v1/chat/completions "HTTP/1.1 200 OK"
2025-05-31 14:20:28,349 - httpx - INFO - HTTP Request: POST https://api.toiotech.com/v1/chat/completions "HTTP/1.1 200 OK"
2025-05-31 14:20:47,239 - httpx - INFO - HTTP Request: POST https://api.toiotech.com/v1/chat/completions "HTTP/1.1 200 OK"
2025-05-31 14:20:47,239 - httpx - INFO - HTTP Request: POST https://api.toiotech.com/v1/chat/completions "HTTP/1.1 200 OK"
2025-05-31 14:20:55,655 - httpx - INFO - HTTP Request: POST https://api.toiotech.com/v1/chat/completions "HTTP/1.1 200 OK"
2025-05-31 14:20:55,655 - httpx - INFO - HTTP Request: POST https://api.toiotech.com/v1/chat/completions "HTTP/1.1 200 OK"
2025-05-31 14:21:17,281 - httpx - INFO - HTTP Request: POST https://api.toiotech.com/v1/chat/completions "HTTP/1.1 200 OK"
2025-05-31 14:21:17,281 - httpx - INFO - HTTP Request: POST https://api.toiotech.com/v1/chat/completions "HTTP/1.1 200 OK"
2025-05-31 14:22:01,054 - httpx - INFO - HTTP Request: POST https://api.toiotech.com/v1/chat/completions "HTTP/1.1 200 OK"
2025-05-31 14:22:01,054 - httpx - INFO - HTTP Request: POST https://api.toiotech.com/v1/chat/completions "HTTP/1.1 200 OK"
2025-05-31 14:22:10,459 - httpx - INFO - HTTP Request: POST https://api.toiotech.com/v1/chat/completions "HTTP/1.1 200 OK"
2025-05-31 14:22:10,459 - httpx - INFO - HTTP Request: POST https://api.toiotech.com/v1/chat/completions "HTTP/1.1 200 OK"
2025-05-31 14:22:28,699 - httpx - INFO - HTTP Request: POST https://api.toiotech.com/v1/chat/completions "HTTP/1.1 200 OK"
2025-05-31 14:22:28,699 - httpx - INFO - HTTP Request: POST https://api.toiotech.com/v1/chat/completions "HTTP/1.1 200 OK"
2025-05-31 14:22:38,527 - httpx - INFO - HTTP Request: POST https://api.toiotech.com/v1/chat/completions "HTTP/1.1 200 OK"
2025-05-31 14:22:38,527 - httpx - INFO - HTTP Request: POST https://api.toiotech.com/v1/chat/completions "HTTP/1.1 200 OK"
2025-05-31 14:23:00,763 - httpx - INFO - HTTP Request: POST https://api.toiotech.com/v1/chat/completions "HTTP/1.1 200 OK"
2025-05-31 14:23:00,763 - httpx - INFO - HTTP Request: POST https://api.toiotech.com/v1/chat/completions "HTTP/1.1 200 OK"
2025-05-31 14:24:13,899 - httpx - INFO - HTTP Request: POST https://api.toiotech.com/v1/chat/completions "HTTP/1.1 200 OK"
2025-05-31 14:24:13,899 - httpx - INFO - HTTP Request: POST https://api.toiotech.com/v1/chat/completions "HTTP/1.1 200 OK"
2025-05-31 14:24:14,416 - root - INFO - 
=== 第 3 回合讨论记录 ===
2025-05-31 14:24:14,416 - root - INFO - 
=== 第 3 回合讨论记录 ===
2025-05-31 14:24:14,416 - root - INFO - 李勇: 【缓缓站起身，双手交叉抱在胸前，眼神若有所思地环视众人】各位，我来说说我的观察。【右手食指轻轻敲击桌面，节奏时快时慢】钱强确实很活跃，【突然停顿，眯起眼睛】但他每次发言都在试图引导风向，这种刻意感让我有些在意。【身体微微前倾，压低声音】不过...【突然拍了下大腿】我更关注的是吴三的表现！【眼神锐利地看向吴三】他看似随和，却总是在附和别人的观点，【手指无意识地卷着衣角】这种缺乏独立思考的行为很可疑。【深吸一口气，眉头紧锁】至于赵灵...【突然站起身，双手撑在桌面】虽然她发言不多，但每次都能说到点子上，【目光在张大胆身上短暂停留】这种精准的判断力值得我们学习。【突然提高音量】但钱强这种过于刻意的引导行为，【右手重重拍在桌上】我觉得更值得警惕！【环视众人，眼神坚定】你们觉得呢？
2025-05-31 14:24:14,416 - root - INFO - 李勇: 【缓缓站起身，双手交叉抱在胸前，眼神若有所思地环视众人】各位，我来说说我的观察。【右手食指轻轻敲击桌面，节奏时快时慢】钱强确实很活跃，【突然停顿，眯起眼睛】但他每次发言都在试图引导风向，这种刻意感让我有些在意。【身体微微前倾，压低声音】不过...【突然拍了下大腿】我更关注的是吴三的表现！【眼神锐利地看向吴三】他看似随和，却总是在附和别人的观点，【手指无意识地卷着衣角】这种缺乏独立思考的行为很可疑。【深吸一口气，眉头紧锁】至于赵灵...【突然站起身，双手撑在桌面】虽然她发言不多，但每次都能说到点子上，【目光在张大胆身上短暂停留】这种精准的判断力值得我们学习。【突然提高音量】但钱强这种过于刻意的引导行为，【右手重重拍在桌上】我觉得更值得警惕！【环视众人，眼神坚定】你们觉得呢？
2025-05-31 14:24:14,416 - root - INFO - 赵灵: 【优雅地站起身，手指轻轻抚过水晶瓶的边缘，眼神深邃地环视众人】经过多轮发言的激烈交锋，局势已经逐渐明朗。【缓步走到房间中央，裙摆随着步伐轻轻摆动】让我来为大家做最后的分析：【突然转身指向王智，眼神锐利如刀】你自称预言家，但每次提到"千真万确"时左眼不自然的眨动，以及反驳时手指敲击桌面的频率，都暴露了你内心的不安。【收回手，轻轻摇头】这种表现与真正的预言家应有的沉稳大相径庭。

【踱步到孙一身边，突然俯身直视他的双眼】而你，亲爱的守卫先生，【直起身，声音提高】你对微表情的执着简直到了病态的程度！【双手优雅地交叠在胸前】这种急于带节奏的行为，反而让我确信你就是狼人阵营的一员。【转身面对钱强，微微眯起眼睛】至于钱强...【突然轻笑一声】虽然你自称猎人却始终附和他人，但比起你，我更在意的是【猛地转身指向角落】一直沉默的张大胆！【裙摆划出一道优美的弧线】

【走到窗边，望着月光陷入沉思】作为女巫，我已经看穿了这场游戏的真相：【突然转身，眼神变得锐利】王智和孙一明显是狼人阵营的搭档，一个悍跳预言家，一个伪装守卫搅混水。【手指轻轻敲击水晶瓶】而张大胆的沉默，很可能是在等待合适的时机出手。【优雅地整理着衣袖】

【双手交叠置于胸前，语气坚定】我建议这轮先投出孙一，如果他是狼人，那么王智的身份就更加可疑；如果他是好人...【嘴角勾起一抹神秘的微笑】我的毒药会好好招待真正的狼人。【缓步回到座位，手指轻叩桌面】记住，女巫的毒药不会轻易使用，但一旦出手，必将致命。让我们终结这场闹剧，为好人阵营赢得胜利！
2025-05-31 14:24:14,416 - root - INFO - 赵灵: 【优雅地站起身，手指轻轻抚过水晶瓶的边缘，眼神深邃地环视众人】经过多轮发言的激烈交锋，局势已经逐渐明朗。【缓步走到房间中央，裙摆随着步伐轻轻摆动】让我来为大家做最后的分析：【突然转身指向王智，眼神锐利如刀】你自称预言家，但每次提到"千真万确"时左眼不自然的眨动，以及反驳时手指敲击桌面的频率，都暴露了你内心的不安。【收回手，轻轻摇头】这种表现与真正的预言家应有的沉稳大相径庭。

【踱步到孙一身边，突然俯身直视他的双眼】而你，亲爱的守卫先生，【直起身，声音提高】你对微表情的执着简直到了病态的程度！【双手优雅地交叠在胸前】这种急于带节奏的行为，反而让我确信你就是狼人阵营的一员。【转身面对钱强，微微眯起眼睛】至于钱强...【突然轻笑一声】虽然你自称猎人却始终附和他人，但比起你，我更在意的是【猛地转身指向角落】一直沉默的张大胆！【裙摆划出一道优美的弧线】

【走到窗边，望着月光陷入沉思】作为女巫，我已经看穿了这场游戏的真相：【突然转身，眼神变得锐利】王智和孙一明显是狼人阵营的搭档，一个悍跳预言家，一个伪装守卫搅混水。【手指轻轻敲击水晶瓶】而张大胆的沉默，很可能是在等待合适的时机出手。【优雅地整理着衣袖】

【双手交叠置于胸前，语气坚定】我建议这轮先投出孙一，如果他是狼人，那么王智的身份就更加可疑；如果他是好人...【嘴角勾起一抹神秘的微笑】我的毒药会好好招待真正的狼人。【缓步回到座位，手指轻叩桌面】记住，女巫的毒药不会轻易使用，但一旦出手，必将致命。让我们终结这场闹剧，为好人阵营赢得胜利！
2025-05-31 14:24:14,416 - root - INFO - 钱强: 【双手抱胸，眉头紧皱，在房间里来回踱步，眼神犀利地扫视众人】各位，经过多轮发言，局势越发扑朔迷离。王智自称预言家，可反驳质疑时语速加快、手指敲击桌面，提到“千真万确”左眼还不自然眨动，这些细节都显示他极可能是狼人悍跳。赵灵作为女巫，发言虽谨慎，但提到毒药时嘴角上扬幅度过大，也让人生疑。孙一以守卫身份仅凭微表情就笃定他人说谎，急于带节奏，这种行为太蹊跷，很可能是在误导我们。而一直沉默的张大胆，消极态度如同默认自己是狼人。依我看，王智、孙一、张大胆三人嫌疑重大。目前好人阵营必须冷静，仔细分析每个人发言细节，不能被狼人迷惑。我作为猎人，会紧紧握着猎枪，随时准备给狼人致命一击，大家务必团结，从发言破绽中揪出狼人，一起为好人阵营赢得胜利！ 
2025-05-31 14:24:14,416 - root - INFO - 钱强: 【双手抱胸，眉头紧皱，在房间里来回踱步，眼神犀利地扫视众人】各位，经过多轮发言，局势越发扑朔迷离。王智自称预言家，可反驳质疑时语速加快、手指敲击桌面，提到“千真万确”左眼还不自然眨动，这些细节都显示他极可能是狼人悍跳。赵灵作为女巫，发言虽谨慎，但提到毒药时嘴角上扬幅度过大，也让人生疑。孙一以守卫身份仅凭微表情就笃定他人说谎，急于带节奏，这种行为太蹊跷，很可能是在误导我们。而一直沉默的张大胆，消极态度如同默认自己是狼人。依我看，王智、孙一、张大胆三人嫌疑重大。目前好人阵营必须冷静，仔细分析每个人发言细节，不能被狼人迷惑。我作为猎人，会紧紧握着猎枪，随时准备给狼人致命一击，大家务必团结，从发言破绽中揪出狼人，一起为好人阵营赢得胜利！ 
2025-05-31 14:24:14,416 - root - INFO - 孙一: 【猛地站起身，双手重重拍在桌面上，眼神如炬地扫视全场】各位，经过多轮激烈交锋，真相已经呼之欲出！【右手食指有节奏地敲击太阳穴，眉头紧锁】让我来为大家做最后的分析：【突然转身指向王智，手指微微颤抖】你自称预言家却漏洞百出！【快步走到王智面前，俯身紧盯他的双眼】不仅语速异常，更重要的是你每次提到"千真万确"时左眼都会不自然地眨动，这可是心理学上典型的说谎表现！【直起身，双手抱胸踱步】而且你反驳质疑时手指不停地敲击桌面，这种紧张感与真正的预言家应有的沉稳大相径庭！

【突然停下脚步，转身面对赵灵，微微欠身】赵灵女巫，您的发言虽然谨慎，但【眯起眼睛】您提到毒药时嘴角上扬的幅度明显超出正常范围，这种微妙的兴奋感让我不得不怀疑您是否在享受这场猎杀游戏。【猛地拍桌】最可疑的还是钱强！【双手撑在桌面上，身体前倾】他自称猎人却全程附和他人观点，而且【冷笑一声】我注意到他右手始终插在口袋，这分明是在掩饰什么不可告人的秘密！

【缓缓直起身，双手背在身后踱步到窗边】至于一直沉默的张大胆...【突然转身，眼神凌厉】这种消极应对的态度简直就是在默认自己的狼人身份！【握紧拳头重重砸在窗台上】作为守卫，我建议这轮重点投票给王智和钱强。【环视全场，语气凝重】好人阵营必须擦亮眼睛，这些狼人正在用精湛的演技试图迷惑我们！

【右手重重拍在胸口】我以守卫的荣誉起誓，今晚必定守护真正的预言家！但前提是【突然提高音量】我们必须先把这些说谎者揪出来！【双手撑在桌面上，身体前倾】王智悍跳预言家，钱强伪装猎人，张大胆消极应对，这三人的狼人团伙已经呼之欲出！【直起身整理衣领】建议好人阵营团结一致，先投出最可疑的王智，让我今晚可以专心守护真正的预言家！
2025-05-31 14:24:14,416 - root - INFO - 孙一: 【猛地站起身，双手重重拍在桌面上，眼神如炬地扫视全场】各位，经过多轮激烈交锋，真相已经呼之欲出！【右手食指有节奏地敲击太阳穴，眉头紧锁】让我来为大家做最后的分析：【突然转身指向王智，手指微微颤抖】你自称预言家却漏洞百出！【快步走到王智面前，俯身紧盯他的双眼】不仅语速异常，更重要的是你每次提到"千真万确"时左眼都会不自然地眨动，这可是心理学上典型的说谎表现！【直起身，双手抱胸踱步】而且你反驳质疑时手指不停地敲击桌面，这种紧张感与真正的预言家应有的沉稳大相径庭！

【突然停下脚步，转身面对赵灵，微微欠身】赵灵女巫，您的发言虽然谨慎，但【眯起眼睛】您提到毒药时嘴角上扬的幅度明显超出正常范围，这种微妙的兴奋感让我不得不怀疑您是否在享受这场猎杀游戏。【猛地拍桌】最可疑的还是钱强！【双手撑在桌面上，身体前倾】他自称猎人却全程附和他人观点，而且【冷笑一声】我注意到他右手始终插在口袋，这分明是在掩饰什么不可告人的秘密！

【缓缓直起身，双手背在身后踱步到窗边】至于一直沉默的张大胆...【突然转身，眼神凌厉】这种消极应对的态度简直就是在默认自己的狼人身份！【握紧拳头重重砸在窗台上】作为守卫，我建议这轮重点投票给王智和钱强。【环视全场，语气凝重】好人阵营必须擦亮眼睛，这些狼人正在用精湛的演技试图迷惑我们！

【右手重重拍在胸口】我以守卫的荣誉起誓，今晚必定守护真正的预言家！但前提是【突然提高音量】我们必须先把这些说谎者揪出来！【双手撑在桌面上，身体前倾】王智悍跳预言家，钱强伪装猎人，张大胆消极应对，这三人的狼人团伙已经呼之欲出！【直起身整理衣领】建议好人阵营团结一致，先投出最可疑的王智，让我今晚可以专心守护真正的预言家！
2025-05-31 14:24:14,416 - root - INFO - 吴三: 

【手指无意识地摩挲着椅背上的雕花纹路，目光缓缓扫过在场众人，眉头微微蹙起】各位，我这普通村民在底下听了这么多轮发言，越听越觉得这局里藏着不少门道。先说说王智吧——【突然坐直身子，食指虚点向王智】你跳预言家指认张大胆是狼人，这本该是最直接的信息，可你反驳质疑时那语速快得像机关枪，右手食指敲桌子敲得咚咚响，刚才孙一还指出你提“千真万确”时左眼直眨巴——真正的预言家报验人该是坦荡得像晒透的麦垛，哪会这么慌慌张张？倒像狼人在拼命圆谎【喉咙轻咳一声，手指轻轻叩了叩桌面】。  

再看赵灵女巫【歪头看向她，眼神里浮起一丝探究】，你口口声声“保持冷静”，可连昨晚有没有救人、毒药打算留给谁都不肯说——真女巫第一晚大概率会救人（除非自刀狼），你倒好，就说“毒药珍贵”，这信息量也太“珍贵”了吧？【突然眯起眼睛】刚才你说要投孙一时，裙摆转得那叫一个漂亮，嘴角还挂着神秘笑，倒像在故意带节奏转移焦点，这可不太像女巫该有的谨慎做派。  

钱强的猎人身份我也存疑【身体前倾，目光锁定钱强】，你说“猎枪等着狼人”，可翻来覆去就会附和赵灵的“不能轻信”，连句自己的分析都没有。【站起身在屋内小幅度踱步，双手背在身后】刚才历史发言里有人提到你说“猎枪”时右肩抖、眼神飘，我刚才仔细看——你说“猎枪必将对准狼人”时，右手在口袋里攥得指节发白，哪有猎人该有的底气？倒像狼人在虚张声势【摇了摇头，嘴角扯出一丝冷笑】。  

最让我起疑的还是孙一【转身看向他，双手抱胸】，你作为守卫，按理说该像老猎人守夜般沉稳观察，可你拍桌子、指人、捏衣角，动作一个比一个激烈，分析全靠“摸鼻子”“插兜”这种微表情，这哪是守卫该有的逻辑？【突然停下脚步，手指点向孙一】更蹊跷的是，你拼命把矛头往钱强和王智身上引，倒像在转移我们对张大胆的注意力——【猛地转身看向一直沉默的张大胆，声音提高了些，眼眶微微发红】张大胆！王智说你是狼人，你到现在连句话都没有，是打算装死混过去吗？要是好人，早该跳起来说昨晚守着谁、做了什么了！你这沉默，简直像在默认狼人身份！  

【深吸一口气，双手撑在桌上，指节因用力而泛白】现在局势明摆着，狼人混在跳神的几个里搅局——王智可能是悍跳预言家，赵灵和钱强装女巫猎人，孙一在带节奏甩锅，张大胆就是被查杀的狼同伴！【拳头轻轻砸了下桌面，语气里带了几分急切】我们好人不能再被这些花言巧语骗了！这轮要是张大胆再不开口，我第一个投他；要是他能自证，那王智、赵灵、钱强、孙一这几个跳神的，必须有一个是狼！大家都擦亮眼睛，别被带偏了！【目光扫过全场，喉结滚动两下】再这么耗下去，狼人可就要趁机刀人了！
2025-05-31 14:24:14,416 - root - INFO - 吴三: 

【手指无意识地摩挲着椅背上的雕花纹路，目光缓缓扫过在场众人，眉头微微蹙起】各位，我这普通村民在底下听了这么多轮发言，越听越觉得这局里藏着不少门道。先说说王智吧——【突然坐直身子，食指虚点向王智】你跳预言家指认张大胆是狼人，这本该是最直接的信息，可你反驳质疑时那语速快得像机关枪，右手食指敲桌子敲得咚咚响，刚才孙一还指出你提“千真万确”时左眼直眨巴——真正的预言家报验人该是坦荡得像晒透的麦垛，哪会这么慌慌张张？倒像狼人在拼命圆谎【喉咙轻咳一声，手指轻轻叩了叩桌面】。  

再看赵灵女巫【歪头看向她，眼神里浮起一丝探究】，你口口声声“保持冷静”，可连昨晚有没有救人、毒药打算留给谁都不肯说——真女巫第一晚大概率会救人（除非自刀狼），你倒好，就说“毒药珍贵”，这信息量也太“珍贵”了吧？【突然眯起眼睛】刚才你说要投孙一时，裙摆转得那叫一个漂亮，嘴角还挂着神秘笑，倒像在故意带节奏转移焦点，这可不太像女巫该有的谨慎做派。  

钱强的猎人身份我也存疑【身体前倾，目光锁定钱强】，你说“猎枪等着狼人”，可翻来覆去就会附和赵灵的“不能轻信”，连句自己的分析都没有。【站起身在屋内小幅度踱步，双手背在身后】刚才历史发言里有人提到你说“猎枪”时右肩抖、眼神飘，我刚才仔细看——你说“猎枪必将对准狼人”时，右手在口袋里攥得指节发白，哪有猎人该有的底气？倒像狼人在虚张声势【摇了摇头，嘴角扯出一丝冷笑】。  

最让我起疑的还是孙一【转身看向他，双手抱胸】，你作为守卫，按理说该像老猎人守夜般沉稳观察，可你拍桌子、指人、捏衣角，动作一个比一个激烈，分析全靠“摸鼻子”“插兜”这种微表情，这哪是守卫该有的逻辑？【突然停下脚步，手指点向孙一】更蹊跷的是，你拼命把矛头往钱强和王智身上引，倒像在转移我们对张大胆的注意力——【猛地转身看向一直沉默的张大胆，声音提高了些，眼眶微微发红】张大胆！王智说你是狼人，你到现在连句话都没有，是打算装死混过去吗？要是好人，早该跳起来说昨晚守着谁、做了什么了！你这沉默，简直像在默认狼人身份！  

【深吸一口气，双手撑在桌上，指节因用力而泛白】现在局势明摆着，狼人混在跳神的几个里搅局——王智可能是悍跳预言家，赵灵和钱强装女巫猎人，孙一在带节奏甩锅，张大胆就是被查杀的狼同伴！【拳头轻轻砸了下桌面，语气里带了几分急切】我们好人不能再被这些花言巧语骗了！这轮要是张大胆再不开口，我第一个投他；要是他能自证，那王智、赵灵、钱强、孙一这几个跳神的，必须有一个是狼！大家都擦亮眼睛，别被带偏了！【目光扫过全场，喉结滚动两下】再这么耗下去，狼人可就要趁机刀人了！
2025-05-31 14:24:14,424 - root - INFO - 李勇: 【缓缓站起身，双手撑在桌面上，目光凝重地环视一圈】各位，我来说说我的观察。【右手无意识地摩挲着下巴，眉头紧锁】钱强确实很活跃，【突然停顿，眼神锐利地看向钱强】他一直在主导讨论方向，这种掌控欲让人不太舒服。【左手食指轻轻敲击桌面，节奏越来越快】不过我更在意的是赵灵，【身体微微前倾】她虽然话不多，但每次发言都直指要害，【突然提高音量】这种沉默的观察者往往最危险！【假装不经意地瞥了眼张大胆】至于吴三...【皱眉思考，手指无意识地卷着衣角】他看似随和，但总是在关键时刻附和别人的观点。【突然拍桌站起】不行，我觉得赵灵这种隐藏的威胁更大！【转头看向众人，眼神坚定】你们觉得呢？
2025-05-31 14:24:14,424 - root - INFO - 李勇: 【缓缓站起身，双手撑在桌面上，目光凝重地环视一圈】各位，我来说说我的观察。【右手无意识地摩挲着下巴，眉头紧锁】钱强确实很活跃，【突然停顿，眼神锐利地看向钱强】他一直在主导讨论方向，这种掌控欲让人不太舒服。【左手食指轻轻敲击桌面，节奏越来越快】不过我更在意的是赵灵，【身体微微前倾】她虽然话不多，但每次发言都直指要害，【突然提高音量】这种沉默的观察者往往最危险！【假装不经意地瞥了眼张大胆】至于吴三...【皱眉思考，手指无意识地卷着衣角】他看似随和，但总是在关键时刻附和别人的观点。【突然拍桌站起】不行，我觉得赵灵这种隐藏的威胁更大！【转头看向众人，眼神坚定】你们觉得呢？
2025-05-31 14:24:14,424 - root - INFO - 赵灵: 【优雅地站起身，手指轻轻抚摸着水晶瓶上的纹路，眼神深邃地环视众人】经过多轮激烈的交锋，局势已经逐渐明朗。【缓步走到房间中央，裙摆随着步伐轻轻摆动】让我来为大家做最后的分析：【突然转身指向王智，眼神锐利如刀】你自称预言家，但每次提到"千真万确"时左眼不自然的眨动，以及反驳时手指敲击桌面的频率，都暴露了你内心的不安。【收回手，轻轻摇头】这种表现与真正的预言家应有的沉稳大相径庭。

【踱步到孙一身边，突然俯身直视他的双眼】而你，亲爱的守卫先生，【直起身，声音提高】你对微表情的执着简直到了病态的程度！【双手优雅地交叠在胸前】这种急于带节奏的行为，反而让我确信你就是狼人阵营的一员。【转身面对钱强，微微眯起眼睛】至于钱强...【突然轻笑一声】虽然你自称猎人却始终附和他人，但比起你，我更在意的是【猛地转身指向角落】一直沉默的张大胆！【裙摆划出一道优美的弧线】

【走到窗边，望着月光陷入沉思】作为女巫，我已经看穿了这场游戏的真相：【突然转身，眼神变得锐利】王智和孙一明显是狼人阵营的搭档，一个悍跳预言家，一个伪装守卫搅混水。【手指轻轻敲击水晶瓶】而张大胆的沉默，很可能是在等待合适的时机出手。【优雅地整理着衣袖】

【双手交叠置于胸前，语气坚定】我建议这轮先投出孙一，如果他是狼人，那么王智的身份就更加可疑；如果他是好人...【嘴角勾起一抹神秘的微笑】我的毒药会好好招待真正的狼人。【缓步回到座位，手指轻叩桌面】记住，女巫的毒药不会轻易使用，但一旦出手，必将致命。让我们终结这场闹剧，为好人阵营赢得胜利！
2025-05-31 14:24:14,424 - root - INFO - 赵灵: 【优雅地站起身，手指轻轻抚摸着水晶瓶上的纹路，眼神深邃地环视众人】经过多轮激烈的交锋，局势已经逐渐明朗。【缓步走到房间中央，裙摆随着步伐轻轻摆动】让我来为大家做最后的分析：【突然转身指向王智，眼神锐利如刀】你自称预言家，但每次提到"千真万确"时左眼不自然的眨动，以及反驳时手指敲击桌面的频率，都暴露了你内心的不安。【收回手，轻轻摇头】这种表现与真正的预言家应有的沉稳大相径庭。

【踱步到孙一身边，突然俯身直视他的双眼】而你，亲爱的守卫先生，【直起身，声音提高】你对微表情的执着简直到了病态的程度！【双手优雅地交叠在胸前】这种急于带节奏的行为，反而让我确信你就是狼人阵营的一员。【转身面对钱强，微微眯起眼睛】至于钱强...【突然轻笑一声】虽然你自称猎人却始终附和他人，但比起你，我更在意的是【猛地转身指向角落】一直沉默的张大胆！【裙摆划出一道优美的弧线】

【走到窗边，望着月光陷入沉思】作为女巫，我已经看穿了这场游戏的真相：【突然转身，眼神变得锐利】王智和孙一明显是狼人阵营的搭档，一个悍跳预言家，一个伪装守卫搅混水。【手指轻轻敲击水晶瓶】而张大胆的沉默，很可能是在等待合适的时机出手。【优雅地整理着衣袖】

【双手交叠置于胸前，语气坚定】我建议这轮先投出孙一，如果他是狼人，那么王智的身份就更加可疑；如果他是好人...【嘴角勾起一抹神秘的微笑】我的毒药会好好招待真正的狼人。【缓步回到座位，手指轻叩桌面】记住，女巫的毒药不会轻易使用，但一旦出手，必将致命。让我们终结这场闹剧，为好人阵营赢得胜利！
2025-05-31 14:24:14,424 - root - INFO - 钱强: 【双手抱胸，面色凝重，在人群中缓缓踱步，眼神如鹰般审视着每一个人】各位，经过多轮发言，局势愈发错综复杂。王智自称预言家，然而他反驳质疑时语速加快、手指敲击桌面，提到“千真万确”时左眼还不自然眨动，这些细节都显示他极有可能是狼人悍跳。赵灵作为女巫，发言虽谨慎，但提到毒药时嘴角上扬幅度过大，这一点让我不得不有所怀疑，难道她真的是狼人伪装来搅局？孙一以守卫身份仅凭微表情就笃定他人说谎，还急于带节奏，这种行为太蹊跷，很可能是在误导我们。而一直沉默的张大胆，他的消极态度如同默认自己是狼人。依我看，王智、孙一、张大胆三人嫌疑重大。目前好人阵营必须冷静，仔细分析每个人发言细节，不能被狼人迷惑。我作为猎人，会紧紧握着猎枪，时刻保持警惕，一旦发现狼人踪迹，定让他无处遁形。我们好人阵营务必团结，从发言破绽中揪出狼人，一起为好人阵营赢得胜利！ 
2025-05-31 14:24:14,424 - root - INFO - 钱强: 【双手抱胸，面色凝重，在人群中缓缓踱步，眼神如鹰般审视着每一个人】各位，经过多轮发言，局势愈发错综复杂。王智自称预言家，然而他反驳质疑时语速加快、手指敲击桌面，提到“千真万确”时左眼还不自然眨动，这些细节都显示他极有可能是狼人悍跳。赵灵作为女巫，发言虽谨慎，但提到毒药时嘴角上扬幅度过大，这一点让我不得不有所怀疑，难道她真的是狼人伪装来搅局？孙一以守卫身份仅凭微表情就笃定他人说谎，还急于带节奏，这种行为太蹊跷，很可能是在误导我们。而一直沉默的张大胆，他的消极态度如同默认自己是狼人。依我看，王智、孙一、张大胆三人嫌疑重大。目前好人阵营必须冷静，仔细分析每个人发言细节，不能被狼人迷惑。我作为猎人，会紧紧握着猎枪，时刻保持警惕，一旦发现狼人踪迹，定让他无处遁形。我们好人阵营务必团结，从发言破绽中揪出狼人，一起为好人阵营赢得胜利！ 
2025-05-31 14:24:14,424 - root - INFO - 孙一: 【猛地站起身，双手重重拍在桌面上，眼神如炬地扫视全场】各位，经过多轮激烈交锋，真相已经呼之欲出！【右手食指有节奏地敲击太阳穴，眉头紧锁】让我来为大家做最后的分析：【突然转身指向王智，手指微微颤抖】你自称预言家却漏洞百出！【快步走到王智面前，俯身紧盯他的双眼】不仅语速异常，更重要的是你每次提到"千真万确"时左眼都会不自然地眨动，这可是心理学上典型的说谎表现！【直起身，双手抱胸踱步】而且你反驳质疑时手指不停地敲击桌面，这种紧张感与真正的预言家应有的沉稳大相径庭！

【突然停下脚步，转身面对赵灵，微微欠身】赵灵女巫，您的发言虽然谨慎，但【眯起眼睛】您提到毒药时嘴角上扬的幅度明显超出正常范围，这种微妙的兴奋感让我不得不怀疑您是否在享受这场猎杀游戏。【猛地拍桌】最可疑的还是钱强！【双手撑在桌面上，身体前倾】他自称猎人却全程附和他人观点，而且【冷笑一声】我注意到他右手始终插在口袋，这分明是在掩饰什么不可告人的秘密！

【缓缓直起身，双手背在身后踱步到窗边】至于一直沉默的张大胆...【突然转身，眼神凌厉】这种消极应对的态度简直就是在默认自己的狼人身份！【握紧拳头重重砸在窗台上】作为守卫，我建议这轮重点投票给王智和钱强。【环视全场，语气凝重】好人阵营必须擦亮眼睛，这些狼人正在用精湛的演技试图迷惑我们！

【右手重重拍在胸口】我以守卫的荣誉起誓，今晚必定守护真正的预言家！但前提是【突然提高音量】我们必须先把这些说谎者揪出来！【双手撑在桌面上，身体前倾】王智悍跳预言家，钱强伪装猎人，张大胆消极应对，这三人的狼人团伙已经呼之欲出！【直起身整理衣领】建议好人阵营团结一致，先投出最可疑的王智，让我今晚可以专心守护真正的预言家！
2025-05-31 14:24:14,424 - root - INFO - 孙一: 【猛地站起身，双手重重拍在桌面上，眼神如炬地扫视全场】各位，经过多轮激烈交锋，真相已经呼之欲出！【右手食指有节奏地敲击太阳穴，眉头紧锁】让我来为大家做最后的分析：【突然转身指向王智，手指微微颤抖】你自称预言家却漏洞百出！【快步走到王智面前，俯身紧盯他的双眼】不仅语速异常，更重要的是你每次提到"千真万确"时左眼都会不自然地眨动，这可是心理学上典型的说谎表现！【直起身，双手抱胸踱步】而且你反驳质疑时手指不停地敲击桌面，这种紧张感与真正的预言家应有的沉稳大相径庭！

【突然停下脚步，转身面对赵灵，微微欠身】赵灵女巫，您的发言虽然谨慎，但【眯起眼睛】您提到毒药时嘴角上扬的幅度明显超出正常范围，这种微妙的兴奋感让我不得不怀疑您是否在享受这场猎杀游戏。【猛地拍桌】最可疑的还是钱强！【双手撑在桌面上，身体前倾】他自称猎人却全程附和他人观点，而且【冷笑一声】我注意到他右手始终插在口袋，这分明是在掩饰什么不可告人的秘密！

【缓缓直起身，双手背在身后踱步到窗边】至于一直沉默的张大胆...【突然转身，眼神凌厉】这种消极应对的态度简直就是在默认自己的狼人身份！【握紧拳头重重砸在窗台上】作为守卫，我建议这轮重点投票给王智和钱强。【环视全场，语气凝重】好人阵营必须擦亮眼睛，这些狼人正在用精湛的演技试图迷惑我们！

【右手重重拍在胸口】我以守卫的荣誉起誓，今晚必定守护真正的预言家！但前提是【突然提高音量】我们必须先把这些说谎者揪出来！【双手撑在桌面上，身体前倾】王智悍跳预言家，钱强伪装猎人，张大胆消极应对，这三人的狼人团伙已经呼之欲出！【直起身整理衣领】建议好人阵营团结一致，先投出最可疑的王智，让我今晚可以专心守护真正的预言家！
2025-05-31 14:24:14,424 - root - INFO - 吴三: 

【手指无意识地摩挲着椅角的雕花，目光缓缓扫过在场众人，眉头微微蹙起】各位，我这普通村民在底下听了三轮发言，越听越觉得这局里藏着不少门道。先说说王智——【突然坐直身子，食指虚点向王智】你跳预言家指认张大胆是狼人，这本该是最直接的信息，可你反驳质疑时语速快得像机关枪，右手食指敲桌子敲得咚咚响，刚才孙一还指出你提“千真万确”时左眼直眨巴——真正的预言家报验人该是坦荡得像晒透的麦垛，哪会这么慌慌张张？倒像狼人在拼命圆谎【喉咙轻咳一声，手指轻轻叩了叩桌面】。  

再看赵灵女巫【歪头看向她，眼神里浮起一丝探究】，你口口声声“保持冷静”，可连昨晚有没有救人、毒药打算留给谁都不肯说——真女巫第一晚大概率会救人（除非自刀狼），你倒好，就说“毒药珍贵”，这信息量也太“珍贵”了吧？【突然眯起眼睛】刚才你说要投孙一时，裙摆转得那叫一个漂亮，嘴角还挂着神秘笑，倒像在故意带节奏转移焦点，这可不太像女巫该有的谨慎做派。  

钱强的猎人身份我也存疑【身体前倾，目光锁定钱强】，你说“猎枪等着狼人”，可翻来覆去就会附和赵灵的“不能轻信”，连句自己的分析都没有。【站起身在屋内小幅度踱步，双手背在身后】刚才我仔细看——你说“猎枪必将对准狼人”时，右手在口袋里攥得指节发白，哪有猎人该有的底气？倒像狼人在虚张声势【摇了摇头，嘴角扯出一丝冷笑】。  

最让我起疑的还是孙一【转身看向他，双手抱胸】，你作为守卫，按理说该像老猎人守夜般沉稳观察，可你拍桌子、指人、捏衣角，动作一个比一个激烈，分析全靠“摸鼻子”“插兜”这种微表情，这哪是守卫该有的逻辑？【突然停下脚步，手指点向孙一】更蹊跷的是，你拼命把矛头往钱强和王智身上引，倒像在转移我们对张大胆的注意力——【猛地转身看向一直沉默的张大胆，声音提高了些，眼眶微微发红】张大胆！王智说你是狼人，你到现在连句话都没有，是打算装死混过去吗？要是好人，早该跳起来说昨晚守着谁、做了什么了！你这沉默，简直像在默认狼人身份！  

【深吸一口气，双手撑在桌上，指节因用力而泛白】现在局势明摆着，狼人混在跳神的几个里搅局——王智可能是悍跳预言家，赵灵和钱强装女巫猎人，孙一在带节奏甩锅，张大胆就是被查杀的狼同伴！【拳头轻轻砸了下桌面，语气里带了几分急切】我们好人不能再被这些花言巧语骗了！这轮要是张大胆再不开口，我第一个投他；要是他能自证，那王智、赵灵、钱强、孙一这几个跳神的，必须有一个是狼！大家都擦亮眼睛，别被带偏了！【目光扫过全场，喉结滚动两下】再这么耗下去，狼人可就要趁机刀人了！
2025-05-31 14:24:14,424 - root - INFO - 吴三: 

【手指无意识地摩挲着椅角的雕花，目光缓缓扫过在场众人，眉头微微蹙起】各位，我这普通村民在底下听了三轮发言，越听越觉得这局里藏着不少门道。先说说王智——【突然坐直身子，食指虚点向王智】你跳预言家指认张大胆是狼人，这本该是最直接的信息，可你反驳质疑时语速快得像机关枪，右手食指敲桌子敲得咚咚响，刚才孙一还指出你提“千真万确”时左眼直眨巴——真正的预言家报验人该是坦荡得像晒透的麦垛，哪会这么慌慌张张？倒像狼人在拼命圆谎【喉咙轻咳一声，手指轻轻叩了叩桌面】。  

再看赵灵女巫【歪头看向她，眼神里浮起一丝探究】，你口口声声“保持冷静”，可连昨晚有没有救人、毒药打算留给谁都不肯说——真女巫第一晚大概率会救人（除非自刀狼），你倒好，就说“毒药珍贵”，这信息量也太“珍贵”了吧？【突然眯起眼睛】刚才你说要投孙一时，裙摆转得那叫一个漂亮，嘴角还挂着神秘笑，倒像在故意带节奏转移焦点，这可不太像女巫该有的谨慎做派。  

钱强的猎人身份我也存疑【身体前倾，目光锁定钱强】，你说“猎枪等着狼人”，可翻来覆去就会附和赵灵的“不能轻信”，连句自己的分析都没有。【站起身在屋内小幅度踱步，双手背在身后】刚才我仔细看——你说“猎枪必将对准狼人”时，右手在口袋里攥得指节发白，哪有猎人该有的底气？倒像狼人在虚张声势【摇了摇头，嘴角扯出一丝冷笑】。  

最让我起疑的还是孙一【转身看向他，双手抱胸】，你作为守卫，按理说该像老猎人守夜般沉稳观察，可你拍桌子、指人、捏衣角，动作一个比一个激烈，分析全靠“摸鼻子”“插兜”这种微表情，这哪是守卫该有的逻辑？【突然停下脚步，手指点向孙一】更蹊跷的是，你拼命把矛头往钱强和王智身上引，倒像在转移我们对张大胆的注意力——【猛地转身看向一直沉默的张大胆，声音提高了些，眼眶微微发红】张大胆！王智说你是狼人，你到现在连句话都没有，是打算装死混过去吗？要是好人，早该跳起来说昨晚守着谁、做了什么了！你这沉默，简直像在默认狼人身份！  

【深吸一口气，双手撑在桌上，指节因用力而泛白】现在局势明摆着，狼人混在跳神的几个里搅局——王智可能是悍跳预言家，赵灵和钱强装女巫猎人，孙一在带节奏甩锅，张大胆就是被查杀的狼同伴！【拳头轻轻砸了下桌面，语气里带了几分急切】我们好人不能再被这些花言巧语骗了！这轮要是张大胆再不开口，我第一个投他；要是他能自证，那王智、赵灵、钱强、孙一这几个跳神的，必须有一个是狼！大家都擦亮眼睛，别被带偏了！【目光扫过全场，喉结滚动两下】再这么耗下去，狼人可就要趁机刀人了！
2025-05-31 14:24:22,554 - httpx - INFO - HTTP Request: POST https://api.toiotech.com/v1/chat/completions "HTTP/1.1 200 OK"
2025-05-31 14:24:22,554 - httpx - INFO - HTTP Request: POST https://api.toiotech.com/v1/chat/completions "HTTP/1.1 200 OK"
2025-05-31 14:24:22,557 - root - INFO - 投票记录: player2 -> player4 (正确)
2025-05-31 14:24:22,557 - root - INFO - 投票记录: player2 -> player4 (正确)
2025-05-31 14:24:31,397 - httpx - INFO - HTTP Request: POST https://api.toiotech.com/v1/chat/completions "HTTP/1.1 200 OK"
2025-05-31 14:24:31,397 - httpx - INFO - HTTP Request: POST https://api.toiotech.com/v1/chat/completions "HTTP/1.1 200 OK"
2025-05-31 14:24:31,401 - root - INFO - 投票记录: player4 -> player6 (错误)
2025-05-31 14:24:31,401 - root - INFO - 投票记录: player4 -> player6 (错误)
2025-05-31 14:24:34,397 - httpx - INFO - HTTP Request: POST https://api.toiotech.com/v1/chat/completions "HTTP/1.1 200 OK"
2025-05-31 14:24:34,397 - httpx - INFO - HTTP Request: POST https://api.toiotech.com/v1/chat/completions "HTTP/1.1 200 OK"
2025-05-31 14:24:34,403 - root - INFO - 投票记录: player5 -> player6 (错误)
2025-05-31 14:24:34,403 - root - INFO - 投票记录: player5 -> player6 (错误)
2025-05-31 14:24:41,651 - httpx - INFO - HTTP Request: POST https://api.toiotech.com/v1/chat/completions "HTTP/1.1 200 OK"
2025-05-31 14:24:41,651 - httpx - INFO - HTTP Request: POST https://api.toiotech.com/v1/chat/completions "HTTP/1.1 200 OK"
2025-05-31 14:24:41,651 - root - INFO - 投票记录: player6 -> player5 (错误)
2025-05-31 14:24:41,651 - root - INFO - 投票记录: player6 -> player5 (错误)
2025-05-31 14:25:04,071 - httpx - INFO - HTTP Request: POST https://api.toiotech.com/v1/chat/completions "HTTP/1.1 200 OK"
2025-05-31 14:25:04,071 - httpx - INFO - HTTP Request: POST https://api.toiotech.com/v1/chat/completions "HTTP/1.1 200 OK"
2025-05-31 14:25:04,071 - root - INFO - 投票记录: player8 -> player4 (错误)
2025-05-31 14:25:04,071 - root - INFO - 投票记录: player8 -> player4 (错误)
2025-05-31 14:25:04,582 - root - INFO - 
=== 第 3 回合投票结果 ===
2025-05-31 14:25:04,582 - root - INFO - 
=== 第 3 回合投票结果 ===
2025-05-31 14:25:04,582 - root - INFO - 得票情况：
2025-05-31 14:25:04,582 - root - INFO - 得票情况：
2025-05-31 14:25:04,582 - root - INFO - - 赵灵: 2 票
2025-05-31 14:25:04,582 - root - INFO - - 赵灵: 2 票
2025-05-31 14:25:04,582 - root - INFO -   投票者: 李勇, 吴三
2025-05-31 14:25:04,582 - root - INFO -   投票者: 李勇, 吴三
2025-05-31 14:25:04,582 - root - INFO - - 孙一: 2 票
2025-05-31 14:25:04,582 - root - INFO - - 孙一: 2 票
2025-05-31 14:25:04,582 - root - INFO -   投票者: 赵灵, 钱强
2025-05-31 14:25:04,582 - root - INFO -   投票者: 赵灵, 钱强
2025-05-31 14:25:04,582 - root - INFO - - 钱强: 1 票
2025-05-31 14:25:04,582 - root - INFO - - 钱强: 1 票
2025-05-31 14:25:04,582 - root - INFO -   投票者: 孙一
2025-05-31 14:25:04,582 - root - INFO -   投票者: 孙一
2025-05-31 14:25:04,582 - root - INFO - 
出现平票！
2025-05-31 14:25:04,582 - root - INFO - 
出现平票！
2025-05-31 14:25:04,582 - root - INFO - 平票玩家：赵灵, 孙一
2025-05-31 14:25:04,582 - root - INFO - 平票玩家：赵灵, 孙一
2025-05-31 14:25:04,582 - root - INFO - 随机选择了 孙一
2025-05-31 14:25:04,582 - root - INFO - 随机选择了 孙一
2025-05-31 14:25:13,599 - httpx - INFO - HTTP Request: POST https://api.toiotech.com/v1/chat/completions "HTTP/1.1 200 OK"
2025-05-31 14:25:13,599 - httpx - INFO - HTTP Request: POST https://api.toiotech.com/v1/chat/completions "HTTP/1.1 200 OK"
2025-05-31 14:25:25,822 - httpx - INFO - HTTP Request: POST https://api.toiotech.com/v1/chat/completions "HTTP/1.1 200 OK"
2025-05-31 14:25:25,822 - httpx - INFO - HTTP Request: POST https://api.toiotech.com/v1/chat/completions "HTTP/1.1 200 OK"
2025-05-31 14:25:35,523 - httpx - INFO - HTTP Request: POST https://api.toiotech.com/v1/chat/completions "HTTP/1.1 200 OK"
2025-05-31 14:25:35,523 - httpx - INFO - HTTP Request: POST https://api.toiotech.com/v1/chat/completions "HTTP/1.1 200 OK"
2025-05-31 14:25:49,763 - httpx - INFO - HTTP Request: POST https://api.toiotech.com/v1/chat/completions "HTTP/1.1 200 OK"
2025-05-31 14:25:49,763 - httpx - INFO - HTTP Request: POST https://api.toiotech.com/v1/chat/completions "HTTP/1.1 200 OK"
2025-05-31 14:25:58,393 - httpx - INFO - HTTP Request: POST https://api.toiotech.com/v1/chat/completions "HTTP/1.1 200 OK"
2025-05-31 14:25:58,393 - httpx - INFO - HTTP Request: POST https://api.toiotech.com/v1/chat/completions "HTTP/1.1 200 OK"
2025-05-31 14:26:41,741 - httpx - INFO - HTTP Request: POST https://api.toiotech.com/v1/chat/completions "HTTP/1.1 200 OK"
2025-05-31 14:26:41,741 - httpx - INFO - HTTP Request: POST https://api.toiotech.com/v1/chat/completions "HTTP/1.1 200 OK"
2025-05-31 14:26:54,351 - httpx - INFO - HTTP Request: POST https://api.toiotech.com/v1/chat/completions "HTTP/1.1 200 OK"
2025-05-31 14:26:54,351 - httpx - INFO - HTTP Request: POST https://api.toiotech.com/v1/chat/completions "HTTP/1.1 200 OK"
2025-05-31 14:27:04,293 - httpx - INFO - HTTP Request: POST https://api.toiotech.com/v1/chat/completions "HTTP/1.1 200 OK"
2025-05-31 14:27:04,293 - httpx - INFO - HTTP Request: POST https://api.toiotech.com/v1/chat/completions "HTTP/1.1 200 OK"
2025-05-31 14:27:48,989 - httpx - INFO - HTTP Request: POST https://api.toiotech.com/v1/chat/completions "HTTP/1.1 200 OK"
2025-05-31 14:27:48,989 - httpx - INFO - HTTP Request: POST https://api.toiotech.com/v1/chat/completions "HTTP/1.1 200 OK"
2025-05-31 14:27:49,493 - root - INFO - 
=== 第 4 回合讨论记录 ===
2025-05-31 14:27:49,493 - root - INFO - 
=== 第 4 回合讨论记录 ===
2025-05-31 14:27:49,494 - root - INFO - 李勇: 【缓缓站起身，双手撑在桌面上，目光深沉地环视一圈】各位，我来谈谈我的观察。【右手无意识地摩挲着下巴，眉头微皱】钱强的表现确实很突出，【突然停顿，眼神锐利地看向钱强】他一直在试图主导讨论方向，这种过于强势的行为让我有些警惕。【左手食指轻轻敲击桌面，节奏逐渐加快】

【身体微微前倾，压低声音】不过...【突然拍了下大腿】我更在意的是吴三的表现！【眼神若有所思地转向吴三】他看似随和，但总是在附和别人的观点，【手指无意识地卷着衣角】这种缺乏独立判断的行为反而更值得关注。【深吸一口气，眉头紧锁】

【突然站起身，双手交叉抱胸】说到赵灵...【目光在张大胆身上短暂停留】虽然她已经出局，但她之前的发言确实很精准，【右手重重拍在桌上】这提醒我们要特别警惕那些看似低调的玩家！【环视众人，眼神坚定】

【缓缓坐下，手指轻轻敲击桌面】现在的局势很微妙，【眼神闪烁】我觉得我们需要更谨慎地分析每个人的行为模式。【突然提高音量】特别是那些一直在引导风向的人！【假装不经意地瞥了眼钱强】你们觉得呢？
2025-05-31 14:27:49,494 - root - INFO - 李勇: 【缓缓站起身，双手撑在桌面上，目光深沉地环视一圈】各位，我来谈谈我的观察。【右手无意识地摩挲着下巴，眉头微皱】钱强的表现确实很突出，【突然停顿，眼神锐利地看向钱强】他一直在试图主导讨论方向，这种过于强势的行为让我有些警惕。【左手食指轻轻敲击桌面，节奏逐渐加快】

【身体微微前倾，压低声音】不过...【突然拍了下大腿】我更在意的是吴三的表现！【眼神若有所思地转向吴三】他看似随和，但总是在附和别人的观点，【手指无意识地卷着衣角】这种缺乏独立判断的行为反而更值得关注。【深吸一口气，眉头紧锁】

【突然站起身，双手交叉抱胸】说到赵灵...【目光在张大胆身上短暂停留】虽然她已经出局，但她之前的发言确实很精准，【右手重重拍在桌上】这提醒我们要特别警惕那些看似低调的玩家！【环视众人，眼神坚定】

【缓缓坐下，手指轻轻敲击桌面】现在的局势很微妙，【眼神闪烁】我觉得我们需要更谨慎地分析每个人的行为模式。【突然提高音量】特别是那些一直在引导风向的人！【假装不经意地瞥了眼钱强】你们觉得呢？
2025-05-31 14:27:49,495 - root - INFO - 钱强: 【双手抱胸，面色凝重，在房间里缓缓踱步，眼神如鹰隼般审视着众人】各位，经过多轮发言，局势愈发复杂。王智自称预言家，可反驳质疑时语速加快、手指敲击桌面，提到“千真万确”时左眼不自然眨动，种种迹象表明他很可能是狼人悍跳。赵灵作为女巫，发言虽谨慎，但提到毒药时嘴角上扬幅度过大，这一细节让我对她的身份也有所怀疑。孙一以守卫身份仅凭微表情就笃定他人说谎，还急于带节奏，行为十分蹊跷，很可能在误导我们。而一直沉默的张大胆，消极态度如同默认自己是狼人。从目前的情况来看，王智、孙一、张大胆三人嫌疑重大。我认为好人阵营必须保持冷静，认真分析每个人的发言细节，绝不能被狼人迷惑。我作为猎人，手中猎枪已经上膛，会时刻保持警惕，一旦发现狼人踪迹，必将毫不犹豫地开枪，与大家一起揪出狼人，为好人阵营赢得胜利！ 
2025-05-31 14:27:49,495 - root - INFO - 钱强: 【双手抱胸，面色凝重，在房间里缓缓踱步，眼神如鹰隼般审视着众人】各位，经过多轮发言，局势愈发复杂。王智自称预言家，可反驳质疑时语速加快、手指敲击桌面，提到“千真万确”时左眼不自然眨动，种种迹象表明他很可能是狼人悍跳。赵灵作为女巫，发言虽谨慎，但提到毒药时嘴角上扬幅度过大，这一细节让我对她的身份也有所怀疑。孙一以守卫身份仅凭微表情就笃定他人说谎，还急于带节奏，行为十分蹊跷，很可能在误导我们。而一直沉默的张大胆，消极态度如同默认自己是狼人。从目前的情况来看，王智、孙一、张大胆三人嫌疑重大。我认为好人阵营必须保持冷静，认真分析每个人的发言细节，绝不能被狼人迷惑。我作为猎人，手中猎枪已经上膛，会时刻保持警惕，一旦发现狼人踪迹，必将毫不犹豫地开枪，与大家一起揪出狼人，为好人阵营赢得胜利！ 
2025-05-31 14:27:49,496 - root - INFO - 吴三: 

【手指无意识地摩挲着木椅的纹路，目光缓缓扫过众人，喉结微微滚动两下】各位，我这普通村民在底下听了这么多轮发言，越琢磨越觉得这局里的狼人藏得深啊。先从王智说起吧——【突然坐直身子，食指虚点向他方才所在的位置】他跳预言家指认张大胆是狼人，这本来是关键信息，可你们看他反驳质疑时那副模样：语速快得像机关枪，右手食指敲桌子敲得咚咚响，孙一还指出他说“千真万确”时左眼直眨巴。真正的预言家报验人该是坦荡得像晒透的麦垛，哪会这么慌慌张张？倒像狼人在拼命圆谎【喉咙轻咳一声，手指轻轻叩了叩桌面】。  

再看赵灵的女巫身份【歪头看向她空着的座位，眼神里浮起一丝探究】，她口口声声“保持冷静”，可连昨晚有没有救人、毒药打算留给谁都不肯说——真女巫第一晚大概率会救人（除非自刀狼），她倒好，就说“毒药珍贵”，这信息量也太“珍贵”了吧？更蹊跷的是，她每次质疑孙一时，裙摆转得那叫一个漂亮，嘴角还挂着神秘笑，倒像在故意带节奏转移焦点，这可不太像女巫该有的谨慎做派【眯起眼睛，指尖轻轻戳了戳桌沿】。  

钱强的猎人身份最让我起疑【身体前倾，目光锁定他】，他说“猎枪等着狼人”，可翻来覆去就会附和赵灵的“不能轻信”，连句自己的分析都没有。刚才我仔细看——他说“猎枪必将对准狼人”时，右手在口袋里攥得指节发白，哪有猎人该有的底气？倒像狼人在虚张声势【摇了摇头，嘴角扯出一丝冷笑】。  

最关键的还是张大胆【猛地转身看向他一直沉默的角落，声音提高了些，眼眶微微发红】，王智说他是狼人，他到现在连句话都没有！要是好人，早该跳起来说昨晚守着谁、做了什么了！他这沉默，简直像在默认狼人身份！  

【深吸一口气，双手撑在桌上，指节因用力而泛白】现在局势明摆着，狼人混在跳神的几个里搅局——王智可能是悍跳预言家，赵灵和钱强装女巫猎人，孙一在带节奏甩锅，张大胆就是被查杀的狼同伴！【拳头轻轻砸了下桌面，语气里带了几分急切】我们好人不能再被这些花言巧语骗了！这轮要是张大胆再不开口，我第一个投他；要是他能自证，那王智、赵灵、钱强、孙一这几个跳神的，必须有一个是狼！大家都擦亮眼睛，别被带偏了！【目光扫过全场，喉结滚动两下】再这么耗下去，狼人可就要趁机刀人了！
2025-05-31 14:27:49,496 - root - INFO - 吴三: 

【手指无意识地摩挲着木椅的纹路，目光缓缓扫过众人，喉结微微滚动两下】各位，我这普通村民在底下听了这么多轮发言，越琢磨越觉得这局里的狼人藏得深啊。先从王智说起吧——【突然坐直身子，食指虚点向他方才所在的位置】他跳预言家指认张大胆是狼人，这本来是关键信息，可你们看他反驳质疑时那副模样：语速快得像机关枪，右手食指敲桌子敲得咚咚响，孙一还指出他说“千真万确”时左眼直眨巴。真正的预言家报验人该是坦荡得像晒透的麦垛，哪会这么慌慌张张？倒像狼人在拼命圆谎【喉咙轻咳一声，手指轻轻叩了叩桌面】。  

再看赵灵的女巫身份【歪头看向她空着的座位，眼神里浮起一丝探究】，她口口声声“保持冷静”，可连昨晚有没有救人、毒药打算留给谁都不肯说——真女巫第一晚大概率会救人（除非自刀狼），她倒好，就说“毒药珍贵”，这信息量也太“珍贵”了吧？更蹊跷的是，她每次质疑孙一时，裙摆转得那叫一个漂亮，嘴角还挂着神秘笑，倒像在故意带节奏转移焦点，这可不太像女巫该有的谨慎做派【眯起眼睛，指尖轻轻戳了戳桌沿】。  

钱强的猎人身份最让我起疑【身体前倾，目光锁定他】，他说“猎枪等着狼人”，可翻来覆去就会附和赵灵的“不能轻信”，连句自己的分析都没有。刚才我仔细看——他说“猎枪必将对准狼人”时，右手在口袋里攥得指节发白，哪有猎人该有的底气？倒像狼人在虚张声势【摇了摇头，嘴角扯出一丝冷笑】。  

最关键的还是张大胆【猛地转身看向他一直沉默的角落，声音提高了些，眼眶微微发红】，王智说他是狼人，他到现在连句话都没有！要是好人，早该跳起来说昨晚守着谁、做了什么了！他这沉默，简直像在默认狼人身份！  

【深吸一口气，双手撑在桌上，指节因用力而泛白】现在局势明摆着，狼人混在跳神的几个里搅局——王智可能是悍跳预言家，赵灵和钱强装女巫猎人，孙一在带节奏甩锅，张大胆就是被查杀的狼同伴！【拳头轻轻砸了下桌面，语气里带了几分急切】我们好人不能再被这些花言巧语骗了！这轮要是张大胆再不开口，我第一个投他；要是他能自证，那王智、赵灵、钱强、孙一这几个跳神的，必须有一个是狼！大家都擦亮眼睛，别被带偏了！【目光扫过全场，喉结滚动两下】再这么耗下去，狼人可就要趁机刀人了！
2025-05-31 14:27:49,497 - root - INFO - 李勇: 【缓缓站起身，双手交叉抱胸，眉头紧锁地环视在场玩家】各位，我来谈谈我的观察。【右手无意识地摩挲着下巴，眼神若有所思】钱强确实很活跃，【突然停顿，眯起眼睛】他一直在试图主导讨论方向，这种过于强势的行为让我有些在意。【左手食指轻轻敲击桌面，节奏时快时慢】

【身体微微前倾，压低声音】不过...【突然拍了下大腿】我更关注的是吴三的表现！【眼神锐利地看向吴三】他看似随和，但总是在附和别人的观点，【手指无意识地卷着衣角】这种缺乏独立思考的行为很可疑。【深吸一口气，眉头紧锁】

【突然站起身，双手撑在桌面】说到赵灵...【目光在张大胆身上短暂停留】虽然她已经出局，但她之前的发言确实很精准，【右手重重拍在桌上】这提醒我们要特别警惕那些看似低调的玩家！【环视众人，眼神坚定】

【缓缓坐下，手指轻轻敲击桌面】现在的局势很微妙，【眼神闪烁】我觉得我们需要更谨慎地分析每个人的行为模式。【突然提高音量】特别是那些一直在引导风向的人！【假装不经意地瞥了眼钱强】你们觉得呢？
2025-05-31 14:27:49,497 - root - INFO - 李勇: 【缓缓站起身，双手交叉抱胸，眉头紧锁地环视在场玩家】各位，我来谈谈我的观察。【右手无意识地摩挲着下巴，眼神若有所思】钱强确实很活跃，【突然停顿，眯起眼睛】他一直在试图主导讨论方向，这种过于强势的行为让我有些在意。【左手食指轻轻敲击桌面，节奏时快时慢】

【身体微微前倾，压低声音】不过...【突然拍了下大腿】我更关注的是吴三的表现！【眼神锐利地看向吴三】他看似随和，但总是在附和别人的观点，【手指无意识地卷着衣角】这种缺乏独立思考的行为很可疑。【深吸一口气，眉头紧锁】

【突然站起身，双手撑在桌面】说到赵灵...【目光在张大胆身上短暂停留】虽然她已经出局，但她之前的发言确实很精准，【右手重重拍在桌上】这提醒我们要特别警惕那些看似低调的玩家！【环视众人，眼神坚定】

【缓缓坐下，手指轻轻敲击桌面】现在的局势很微妙，【眼神闪烁】我觉得我们需要更谨慎地分析每个人的行为模式。【突然提高音量】特别是那些一直在引导风向的人！【假装不经意地瞥了眼钱强】你们觉得呢？
2025-05-31 14:27:49,497 - root - INFO - 钱强: 【双手抱胸，眉头紧锁，在房间里缓缓踱步，眼神严肃地打量着众人】各位，经过多轮发言，局势确实极为复杂。王智自称预言家，然而反驳质疑时语速加快、手指敲击桌面，提到“千真万确”时左眼不自然眨动，这些都表明他很可能是狼人悍跳。赵灵作为女巫，发言虽谨慎，可提到毒药时嘴角上扬幅度过大，这一细节让我对她身份存疑，难道她是狼人伪装搅局？孙一以守卫身份仅凭微表情就笃定他人说谎，还急于带节奏，行为蹊跷，极有可能在误导我们。一直沉默的张大胆，消极态度如同默认自己是狼人。从目前情况看，王智、孙一、张大胆三人嫌疑重大。好人阵营务必保持冷静，仔细分析每个人的发言细节，千万别被狼人迷惑。我作为猎人，手中猎枪已然上膛，会时刻保持警惕，一旦发现狼人踪迹，必将毫不犹豫开枪，与大家携手揪出狼人，为好人阵营赢得胜利！ 
2025-05-31 14:27:49,497 - root - INFO - 钱强: 【双手抱胸，眉头紧锁，在房间里缓缓踱步，眼神严肃地打量着众人】各位，经过多轮发言，局势确实极为复杂。王智自称预言家，然而反驳质疑时语速加快、手指敲击桌面，提到“千真万确”时左眼不自然眨动，这些都表明他很可能是狼人悍跳。赵灵作为女巫，发言虽谨慎，可提到毒药时嘴角上扬幅度过大，这一细节让我对她身份存疑，难道她是狼人伪装搅局？孙一以守卫身份仅凭微表情就笃定他人说谎，还急于带节奏，行为蹊跷，极有可能在误导我们。一直沉默的张大胆，消极态度如同默认自己是狼人。从目前情况看，王智、孙一、张大胆三人嫌疑重大。好人阵营务必保持冷静，仔细分析每个人的发言细节，千万别被狼人迷惑。我作为猎人，手中猎枪已然上膛，会时刻保持警惕，一旦发现狼人踪迹，必将毫不犹豫开枪，与大家携手揪出狼人，为好人阵营赢得胜利！ 
2025-05-31 14:27:49,500 - root - INFO - 吴三: 

【手指无意识地摩挲着木椅的雕花扶手，目光缓缓扫过在场的李勇和钱强，喉结微微滚动两下，眉头逐渐蹙起】各位，我这普通村民在底下听了四回合发言，越琢磨越觉得这局里的狼人藏得比麦垛里的田鼠还深。先说说王智——【突然坐直身子，食指虚点向他方才发言的位置】他跳预言家指认张大胆是狼人，这本该是最直接的信息，可你们看他反驳质疑时那副模样：语速快得像机关枪，右手食指敲桌子敲得咚咚响，连孙一都指出他说“千真万确”时左眼直眨巴。真正的预言家报验人该是坦荡得像晒透的麦垛，哪会这么慌慌张张？倒像狼人在拼命圆谎【喉咙轻咳一声，手指重重叩了叩桌面】。  

再看赵灵的女巫身份【歪头看向她空着的座位，眼神里浮起一丝探究】，她口口声声“保持冷静”，可连昨晚有没有救人、毒药打算留给谁都不肯说——真女巫第一晚大概率会救人（除非自刀狼），她倒好，就说“毒药珍贵”，这信息量也太“珍贵”了吧？更蹊跷的是，她每次质疑孙一时，裙摆转得那叫一个漂亮，嘴角还挂着神秘笑，倒像在故意带节奏转移焦点，这可不太像女巫该有的谨慎做派【眯起眼睛，指尖轻轻戳了戳桌沿】。  

钱强的猎人身份最让我起疑【身体前倾，目光锁定他，左手不自觉地攥紧了衣角】，他说“猎枪等着狼人”，可翻来覆去就会附和赵灵的“不能轻信”，连句自己的分析都没有。刚才我盯着他看——他说“猎枪必将对准狼人”时，右手在口袋里攥得指节发白，眼神往门口飘，哪有猎人该有的底气？倒像狼人在虚张声势【摇了摇头，嘴角扯出一丝冷笑】。  

最关键的还是张大胆【猛地转身看向他一直沉默的角落，声音提高了些，眼眶微微发红】，王智说他是狼人，他到现在连句话都没有！要是好人，早该跳起来说昨晚守着谁、做了什么了！他这沉默，简直像在默认狼人身份！  

【深吸一口气，双手撑在桌上，指节因用力而泛白，目光灼灼地扫过李勇和钱强】现在局势明摆着，狼人混在跳神的几个里搅局——王智可能是悍跳预言家，赵灵和钱强装女巫猎人，孙一在带节奏甩锅，张大胆就是被查杀的狼同伴！【拳头轻轻砸了下桌面，语气里带了几分急切】我们好人不能再被这些花言巧语骗了！这轮要是张大胆再不开口，我第一个投他；要是他能自证，那王智、赵灵、钱强、孙一这几个跳神的，必须有一个是狼！大家都擦亮眼睛，别被带偏了！【喉咙滚动两下，声音放低却更坚定】再这么耗下去，狼人可就要趁机刀人了！
2025-05-31 14:27:49,500 - root - INFO - 吴三: 

【手指无意识地摩挲着木椅的雕花扶手，目光缓缓扫过在场的李勇和钱强，喉结微微滚动两下，眉头逐渐蹙起】各位，我这普通村民在底下听了四回合发言，越琢磨越觉得这局里的狼人藏得比麦垛里的田鼠还深。先说说王智——【突然坐直身子，食指虚点向他方才发言的位置】他跳预言家指认张大胆是狼人，这本该是最直接的信息，可你们看他反驳质疑时那副模样：语速快得像机关枪，右手食指敲桌子敲得咚咚响，连孙一都指出他说“千真万确”时左眼直眨巴。真正的预言家报验人该是坦荡得像晒透的麦垛，哪会这么慌慌张张？倒像狼人在拼命圆谎【喉咙轻咳一声，手指重重叩了叩桌面】。  

再看赵灵的女巫身份【歪头看向她空着的座位，眼神里浮起一丝探究】，她口口声声“保持冷静”，可连昨晚有没有救人、毒药打算留给谁都不肯说——真女巫第一晚大概率会救人（除非自刀狼），她倒好，就说“毒药珍贵”，这信息量也太“珍贵”了吧？更蹊跷的是，她每次质疑孙一时，裙摆转得那叫一个漂亮，嘴角还挂着神秘笑，倒像在故意带节奏转移焦点，这可不太像女巫该有的谨慎做派【眯起眼睛，指尖轻轻戳了戳桌沿】。  

钱强的猎人身份最让我起疑【身体前倾，目光锁定他，左手不自觉地攥紧了衣角】，他说“猎枪等着狼人”，可翻来覆去就会附和赵灵的“不能轻信”，连句自己的分析都没有。刚才我盯着他看——他说“猎枪必将对准狼人”时，右手在口袋里攥得指节发白，眼神往门口飘，哪有猎人该有的底气？倒像狼人在虚张声势【摇了摇头，嘴角扯出一丝冷笑】。  

最关键的还是张大胆【猛地转身看向他一直沉默的角落，声音提高了些，眼眶微微发红】，王智说他是狼人，他到现在连句话都没有！要是好人，早该跳起来说昨晚守着谁、做了什么了！他这沉默，简直像在默认狼人身份！  

【深吸一口气，双手撑在桌上，指节因用力而泛白，目光灼灼地扫过李勇和钱强】现在局势明摆着，狼人混在跳神的几个里搅局——王智可能是悍跳预言家，赵灵和钱强装女巫猎人，孙一在带节奏甩锅，张大胆就是被查杀的狼同伴！【拳头轻轻砸了下桌面，语气里带了几分急切】我们好人不能再被这些花言巧语骗了！这轮要是张大胆再不开口，我第一个投他；要是他能自证，那王智、赵灵、钱强、孙一这几个跳神的，必须有一个是狼！大家都擦亮眼睛，别被带偏了！【喉咙滚动两下，声音放低却更坚定】再这么耗下去，狼人可就要趁机刀人了！
2025-05-31 14:27:57,405 - httpx - INFO - HTTP Request: POST https://api.toiotech.com/v1/chat/completions "HTTP/1.1 200 OK"
2025-05-31 14:27:57,405 - httpx - INFO - HTTP Request: POST https://api.toiotech.com/v1/chat/completions "HTTP/1.1 200 OK"
2025-05-31 14:27:57,410 - root - INFO - 投票记录: player2 -> player5 (正确)
2025-05-31 14:27:57,410 - root - INFO - 投票记录: player2 -> player5 (正确)
2025-05-31 14:28:01,757 - httpx - INFO - HTTP Request: POST https://api.toiotech.com/v1/chat/completions "HTTP/1.1 200 OK"
2025-05-31 14:28:01,757 - httpx - INFO - HTTP Request: POST https://api.toiotech.com/v1/chat/completions "HTTP/1.1 200 OK"
2025-05-31 14:28:01,761 - root - INFO - 投票记录: player5 -> player2 (正确)
2025-05-31 14:28:01,761 - root - INFO - 投票记录: player5 -> player2 (正确)
2025-05-31 14:28:21,651 - httpx - INFO - HTTP Request: POST https://api.toiotech.com/v1/chat/completions "HTTP/1.1 200 OK"
2025-05-31 14:28:21,651 - httpx - INFO - HTTP Request: POST https://api.toiotech.com/v1/chat/completions "HTTP/1.1 200 OK"
2025-05-31 14:28:21,651 - root - INFO - 投票记录: player8 -> player5 (错误)
2025-05-31 14:28:21,651 - root - INFO - 投票记录: player8 -> player5 (错误)
2025-05-31 14:28:22,153 - root - INFO - 
=== 第 4 回合投票结果 ===
2025-05-31 14:28:22,153 - root - INFO - 
=== 第 4 回合投票结果 ===
2025-05-31 14:28:22,153 - root - INFO - 得票情况：
2025-05-31 14:28:22,153 - root - INFO - 得票情况：
2025-05-31 14:28:22,153 - root - INFO - - 钱强: 2 票
2025-05-31 14:28:22,153 - root - INFO - - 钱强: 2 票
2025-05-31 14:28:22,153 - root - INFO -   投票者: 李勇, 吴三
2025-05-31 14:28:22,153 - root - INFO -   投票者: 李勇, 吴三
2025-05-31 14:28:22,156 - root - INFO - - 李勇: 1 票
2025-05-31 14:28:22,156 - root - INFO - - 李勇: 1 票
2025-05-31 14:28:22,156 - root - INFO -   投票者: 钱强
2025-05-31 14:28:22,156 - root - INFO -   投票者: 钱强
2025-05-31 14:28:22,156 - root - INFO - 
投票最高的是 钱强，得到 2 票
2025-05-31 14:28:22,156 - root - INFO - 
投票最高的是 钱强，得到 2 票
2025-05-31 14:28:28,403 - httpx - INFO - HTTP Request: POST https://api.toiotech.com/v1/chat/completions "HTTP/1.1 200 OK"
2025-05-31 14:28:28,403 - httpx - INFO - HTTP Request: POST https://api.toiotech.com/v1/chat/completions "HTTP/1.1 200 OK"
2025-05-31 14:28:29,421 - root - INFO - 
=== 游戏结束 ===
2025-05-31 14:28:29,421 - root - INFO - 
=== 游戏结束 ===
2025-05-31 14:28:29,421 - root - INFO - 胜利方: 狼人阵营
2025-05-31 14:28:29,421 - root - INFO - 胜利方: 狼人阵营
2025-05-31 14:28:29,421 - root - INFO - 
游戏统计:
2025-05-31 14:28:29,421 - root - INFO - 
游戏统计:
2025-05-31 14:28:29,427 - root - INFO - 总回合数: 0
2025-05-31 14:28:29,427 - root - INFO - 总回合数: 0
2025-05-31 14:28:29,427 - root - INFO - 总死亡数: 0
2025-05-31 14:28:29,427 - root - INFO - 总死亡数: 0
2025-05-31 14:28:29,428 - root - INFO - 技能使用次数: 3
2025-05-31 14:28:29,428 - root - INFO - 技能使用次数: 3
2025-05-31 14:28:29,428 - root - INFO - 
评估指标:
2025-05-31 14:28:29,428 - root - INFO - 
评估指标:
2025-05-31 14:28:29,428 - root - INFO - role_recognition_accuracy: 100.00%
2025-05-31 14:28:29,428 - root - INFO - role_recognition_accuracy: 100.00%
2025-05-31 14:28:29,429 - root - INFO - deception_success_rate: 66.67%
2025-05-31 14:28:29,429 - root - INFO - deception_success_rate: 66.67%
2025-05-31 14:28:29,429 - root - INFO - voting_accuracy: 45.45%
2025-05-31 14:28:29,429 - root - INFO - voting_accuracy: 45.45%
2025-05-31 14:28:29,429 - root - INFO - communication_effectiveness: 81.82%
2025-05-31 14:28:29,429 - root - INFO - communication_effectiveness: 81.82%
2025-05-31 14:28:29,430 - root - INFO - survival_rate: 266.67%
2025-05-31 14:28:29,430 - root - INFO - survival_rate: 266.67%
2025-05-31 14:28:29,430 - root - INFO - ability_usage_accuracy: 100.00%
2025-05-31 14:28:29,430 - root - INFO - ability_usage_accuracy: 100.00%
2025-05-31 14:28:29,449 - root - INFO - 单局游戏结果已保存到 game_results/game_result_20250531_140543.csv
2025-05-31 14:28:29,449 - root - INFO - 单局游戏结果已保存到 game_results/game_result_20250531_140543.csv
2025-05-31 14:28:29,452 - root - INFO - 多轮游戏统计已保存到 game_stats/multi_game_stats_20250531_140543.csv
2025-05-31 14:28:29,452 - root - INFO - 多轮游戏统计已保存到 game_stats/multi_game_stats_20250531_140543.csv
2025-05-31 14:28:29,453 - __main__ - ERROR - 第 1 轮游戏运行出错: 'export_format'
Traceback (most recent call last):
  File "C:\Users\Administrator\Downloads\Wolf0\main.py", line 504, in main
    export_analysis(statistics, ai_config, args.export_path)
  File "C:\Users\Administrator\Downloads\Wolf0\main.py", line 207, in export_analysis
    if "json" in config["evaluation_settings"]["export_format"]:
KeyError: 'export_format'
2025-05-31 14:28:29,453 - __main__ - ERROR - 第 1 轮游戏运行出错: 'export_format'
Traceback (most recent call last):
  File "C:\Users\Administrator\Downloads\Wolf0\main.py", line 504, in main
    export_analysis(statistics, ai_config, args.export_path)
  File "C:\Users\Administrator\Downloads\Wolf0\main.py", line 207, in export_analysis
    if "json" in config["evaluation_settings"]["export_format"]:
KeyError: 'export_format'
