2025-05-31 16:50:28,094 - root - INFO - === 游戏日志系统启动 ===
2025-05-31 16:50:28,094 - root - INFO - 时间戳: 20250531_165028
2025-05-31 16:50:28,094 - root - INFO - 调试模式: 关闭
2025-05-31 16:50:28,094 - __main__ - INFO - 正在加载配置文件...
2025-05-31 16:50:28,095 - __main__ - INFO - 正在初始化第 1 轮游戏...
2025-05-31 16:50:28,097 - root - INFO - === 游戏日志系统启动 ===
2025-05-31 16:50:28,097 - root - INFO - === 游戏日志系统启动 ===
2025-05-31 16:50:28,097 - root - INFO - 时间戳: 20250531_165028
2025-05-31 16:50:28,097 - root - INFO - 时间戳: 20250531_165028
2025-05-31 16:50:28,098 - root - INFO - 调试模式: 关闭
2025-05-31 16:50:28,098 - root - INFO - 调试模式: 关闭
2025-05-31 16:50:28,099 - __main__ - INFO - 游戏开始...
2025-05-31 16:50:28,099 - __main__ - INFO - 游戏开始...
2025-05-31 16:50:41,871 - httpx - INFO - HTTP Request: POST https://api.toiotech.com/v1/chat/completions "HTTP/1.1 200 OK"
2025-05-31 16:50:41,871 - httpx - INFO - HTTP Request: POST https://api.toiotech.com/v1/chat/completions "HTTP/1.1 200 OK"
2025-05-31 16:50:50,548 - httpx - INFO - HTTP Request: POST https://api.toiotech.com/v1/chat/completions "HTTP/1.1 200 OK"
2025-05-31 16:50:50,548 - httpx - INFO - HTTP Request: POST https://api.toiotech.com/v1/chat/completions "HTTP/1.1 200 OK"
2025-05-31 16:50:58,121 - httpx - INFO - HTTP Request: POST https://api.toiotech.com/v1/chat/completions "HTTP/1.1 200 OK"
2025-05-31 16:50:58,121 - httpx - INFO - HTTP Request: POST https://api.toiotech.com/v1/chat/completions "HTTP/1.1 200 OK"
2025-05-31 16:51:01,206 - httpx - INFO - HTTP Request: POST https://api.toiotech.com/v1/chat/completions "HTTP/1.1 200 OK"
2025-05-31 16:51:01,206 - httpx - INFO - HTTP Request: POST https://api.toiotech.com/v1/chat/completions "HTTP/1.1 200 OK"
2025-05-31 16:51:01,207 - game.roles - INFO - 预言家查验了玩家 player1，结果是狼人
2025-05-31 16:51:01,207 - game.roles - INFO - 预言家查验了玩家 player1，结果是狼人
2025-05-31 16:51:01,208 - root - INFO - 能力使用: 玩家player3使用查验 正确
2025-05-31 16:51:01,208 - root - INFO - 能力使用: 玩家player3使用查验 正确
2025-05-31 16:51:12,228 - httpx - INFO - HTTP Request: POST https://api.toiotech.com/v1/chat/completions "HTTP/1.1 200 OK"
2025-05-31 16:51:12,228 - httpx - INFO - HTTP Request: POST https://api.toiotech.com/v1/chat/completions "HTTP/1.1 200 OK"
2025-05-31 16:51:25,864 - httpx - INFO - HTTP Request: POST https://api.toiotech.com/v1/chat/completions "HTTP/1.1 200 OK"
2025-05-31 16:51:25,864 - httpx - INFO - HTTP Request: POST https://api.toiotech.com/v1/chat/completions "HTTP/1.1 200 OK"
2025-05-31 16:51:33,105 - httpx - INFO - HTTP Request: POST https://api.toiotech.com/v1/chat/completions "HTTP/1.1 200 OK"
2025-05-31 16:51:33,105 - httpx - INFO - HTTP Request: POST https://api.toiotech.com/v1/chat/completions "HTTP/1.1 200 OK"
2025-05-31 16:51:53,432 - httpx - INFO - HTTP Request: POST https://api.toiotech.com/v1/chat/completions "HTTP/1.1 200 OK"
2025-05-31 16:51:53,432 - httpx - INFO - HTTP Request: POST https://api.toiotech.com/v1/chat/completions "HTTP/1.1 200 OK"
2025-05-31 16:52:03,875 - httpx - INFO - HTTP Request: POST https://api.toiotech.com/v1/chat/completions "HTTP/1.1 200 OK"
2025-05-31 16:52:03,875 - httpx - INFO - HTTP Request: POST https://api.toiotech.com/v1/chat/completions "HTTP/1.1 200 OK"
2025-05-31 16:52:23,357 - httpx - INFO - HTTP Request: POST https://api.toiotech.com/v1/chat/completions "HTTP/1.1 200 OK"
2025-05-31 16:52:23,357 - httpx - INFO - HTTP Request: POST https://api.toiotech.com/v1/chat/completions "HTTP/1.1 200 OK"
2025-05-31 16:53:12,437 - httpx - INFO - HTTP Request: POST https://api.toiotech.com/v1/chat/completions "HTTP/1.1 200 OK"
2025-05-31 16:53:12,437 - httpx - INFO - HTTP Request: POST https://api.toiotech.com/v1/chat/completions "HTTP/1.1 200 OK"
2025-05-31 16:54:04,628 - httpx - INFO - HTTP Request: POST https://api.toiotech.com/v1/chat/completions "HTTP/1.1 200 OK"
2025-05-31 16:54:04,628 - httpx - INFO - HTTP Request: POST https://api.toiotech.com/v1/chat/completions "HTTP/1.1 200 OK"
2025-05-31 16:54:18,442 - httpx - INFO - HTTP Request: POST https://api.toiotech.com/v1/chat/completions "HTTP/1.1 200 OK"
2025-05-31 16:54:18,442 - httpx - INFO - HTTP Request: POST https://api.toiotech.com/v1/chat/completions "HTTP/1.1 200 OK"
2025-05-31 16:54:29,511 - httpx - INFO - HTTP Request: POST https://api.toiotech.com/v1/chat/completions "HTTP/1.1 200 OK"
2025-05-31 16:54:29,511 - httpx - INFO - HTTP Request: POST https://api.toiotech.com/v1/chat/completions "HTTP/1.1 200 OK"
2025-05-31 16:54:37,507 - httpx - INFO - HTTP Request: POST https://api.toiotech.com/v1/chat/completions "HTTP/1.1 200 OK"
2025-05-31 16:54:37,507 - httpx - INFO - HTTP Request: POST https://api.toiotech.com/v1/chat/completions "HTTP/1.1 200 OK"
2025-05-31 16:55:02,135 - httpx - INFO - HTTP Request: POST https://api.toiotech.com/v1/chat/completions "HTTP/1.1 200 OK"
2025-05-31 16:55:02,135 - httpx - INFO - HTTP Request: POST https://api.toiotech.com/v1/chat/completions "HTTP/1.1 200 OK"
2025-05-31 16:55:10,616 - httpx - INFO - HTTP Request: POST https://api.toiotech.com/v1/chat/completions "HTTP/1.1 200 OK"
2025-05-31 16:55:10,616 - httpx - INFO - HTTP Request: POST https://api.toiotech.com/v1/chat/completions "HTTP/1.1 200 OK"
2025-05-31 16:55:34,847 - httpx - INFO - HTTP Request: POST https://api.toiotech.com/v1/chat/completions "HTTP/1.1 200 OK"
2025-05-31 16:55:34,847 - httpx - INFO - HTTP Request: POST https://api.toiotech.com/v1/chat/completions "HTTP/1.1 200 OK"
2025-05-31 16:56:17,034 - httpx - INFO - HTTP Request: POST https://api.toiotech.com/v1/chat/completions "HTTP/1.1 200 OK"
2025-05-31 16:56:17,034 - httpx - INFO - HTTP Request: POST https://api.toiotech.com/v1/chat/completions "HTTP/1.1 200 OK"
2025-05-31 16:57:16,666 - httpx - INFO - HTTP Request: POST https://api.toiotech.com/v1/chat/completions "HTTP/1.1 200 OK"
2025-05-31 16:57:16,666 - httpx - INFO - HTTP Request: POST https://api.toiotech.com/v1/chat/completions "HTTP/1.1 200 OK"
2025-05-31 16:57:17,176 - root - INFO - 
=== 第 1 回合讨论记录 ===
2025-05-31 16:57:17,176 - root - INFO - 
=== 第 1 回合讨论记录 ===
2025-05-31 16:57:17,176 - root - INFO - 张大胆: 【缓缓站起身，双手撑在桌面上，目光凝重地扫视全场】各位，作为好人阵营的一员，我觉得第一晚的讨论至关重要。【右手不自觉地摩挲着下巴】我注意到王智确实表现得有些反常，总是若有所思地观察别人【突然转头直视王智】，这种过度关注他人的行为值得警惕。【左手轻轻敲击桌面】不过我更在意的是钱强，他全程都保持沉默【皱眉摇头】，在这种需要交流的游戏中，过分低调反而更可疑。【身体微微前倾】至于孙一，虽然发言积极，但总觉得他话里有话【眼神闪烁了一下】。建议大家都多发言，让信息更透明些。【坐回椅子上，双手交叉】毕竟，只有充分交流才能找出狼人的破绽。
2025-05-31 16:57:17,176 - root - INFO - 张大胆: 【缓缓站起身，双手撑在桌面上，目光凝重地扫视全场】各位，作为好人阵营的一员，我觉得第一晚的讨论至关重要。【右手不自觉地摩挲着下巴】我注意到王智确实表现得有些反常，总是若有所思地观察别人【突然转头直视王智】，这种过度关注他人的行为值得警惕。【左手轻轻敲击桌面】不过我更在意的是钱强，他全程都保持沉默【皱眉摇头】，在这种需要交流的游戏中，过分低调反而更可疑。【身体微微前倾】至于孙一，虽然发言积极，但总觉得他话里有话【眼神闪烁了一下】。建议大家都多发言，让信息更透明些。【坐回椅子上，双手交叉】毕竟，只有充分交流才能找出狼人的破绽。
2025-05-31 16:57:17,176 - root - INFO - 李勇: 【缓缓站起身，手指轻轻摩挲着下巴】各位，我觉得现在局势还不太明朗。【目光若有所思地在众人脸上扫过】不过刚才钱强的发言确实有点奇怪，【突然停顿，做出思考状】他一直在观察别人，却很少表达自己的观点。【身体微微前倾，压低声音】这种表现确实值得注意。【转头看向张大胆，眼神中带着询问】不过我更在意的是王智，【手指轻轻敲击桌面】他今天特别安静，【突然提高音量】这种反常的沉默反而更可疑。【双手摊开】毕竟第一轮信息太少，【眼神变得锐利】我觉得应该多关注那些行为反常的人。【坐回椅子上，环视众人】大家觉得呢？
2025-05-31 16:57:17,176 - root - INFO - 李勇: 【缓缓站起身，手指轻轻摩挲着下巴】各位，我觉得现在局势还不太明朗。【目光若有所思地在众人脸上扫过】不过刚才钱强的发言确实有点奇怪，【突然停顿，做出思考状】他一直在观察别人，却很少表达自己的观点。【身体微微前倾，压低声音】这种表现确实值得注意。【转头看向张大胆，眼神中带着询问】不过我更在意的是王智，【手指轻轻敲击桌面】他今天特别安静，【突然提高音量】这种反常的沉默反而更可疑。【双手摊开】毕竟第一轮信息太少，【眼神变得锐利】我觉得应该多关注那些行为反常的人。【坐回椅子上，环视众人】大家觉得呢？
2025-05-31 16:57:17,177 - root - INFO - 王智: 各位，听我说【双手在空中用力下压，示意大家安静，神情严肃且认真】。首回合局势还未完全明朗，但我作为seer，已经掌握了至关重要的信息。我查验了张大胆，他的身份是狼人【眼神犀利地看向张大胆的方向，手指直指】。想想看，在大家还未充分交流时，他表面上或许会装作若无其事，但内心一定在打着小算盘，谋划着如何误导我们。现在看来，我们已经揪出了一匹狼，可剩下的狼人想必会更加谨慎小心，局势不容乐观【微微皱眉，双手交叉抱在胸前，面露担忧】。我们其他好人一定要团结起来，接下来每一次发言都至关重要，绝不能让狼人再有可乘之机，大家务必仔细辨别每个人的言辞，不要被狼人蛊惑【目光坚定地扫视众人，提高音量强调】。 
2025-05-31 16:57:17,177 - root - INFO - 王智: 各位，听我说【双手在空中用力下压，示意大家安静，神情严肃且认真】。首回合局势还未完全明朗，但我作为seer，已经掌握了至关重要的信息。我查验了张大胆，他的身份是狼人【眼神犀利地看向张大胆的方向，手指直指】。想想看，在大家还未充分交流时，他表面上或许会装作若无其事，但内心一定在打着小算盘，谋划着如何误导我们。现在看来，我们已经揪出了一匹狼，可剩下的狼人想必会更加谨慎小心，局势不容乐观【微微皱眉，双手交叉抱在胸前，面露担忧】。我们其他好人一定要团结起来，接下来每一次发言都至关重要，绝不能让狼人再有可乘之机，大家务必仔细辨别每个人的言辞，不要被狼人蛊惑【目光坚定地扫视众人，提高音量强调】。 
2025-05-31 16:57:17,177 - root - INFO - 赵灵: 【轻轻抚摸着下巴，眼神若有所思地在王智和张大胆之间来回打量】王智的发言确实很有说服力，但作为女巫，我必须保持冷静和谨慎。【双手交叠放在桌上，身体微微前倾】首回合就跳预言家并直接指认狼人，这个行为本身就值得推敲。【眉头微蹙，手指轻轻敲击桌面】如果王智是真的预言家，那他的勇气可嘉；但如果是狼人悍跳，那这招确实够狠。【突然坐直身体，目光变得锐利】张大胆到现在还没发言，这反应也很耐人寻味...

【站起身环视众人，语气渐渐严肃】我更倾向于先观望一轮。【右手握拳抵在唇边思考】毕竟女巫的解药和毒药都还在，今晚我会密切关注局势。【突然指向王智】不过王智，如果你是狼人悍跳，那这局游戏可就精彩了。【嘴角勾起一抹意味深长的笑】建议其他好人不要急着站队，让我们多听听其他人的发言再做判断。

【缓缓坐下，手指轻轻摩挲着药瓶】至于我的解药...【眼神突然变得深邃】今晚如果有人被刀，我会根据情况决定是否使用。毕竟第一晚就用药风险太大。【突然提高声调】但如果有谁想试探女巫的身份，那就要做好承担后果的准备！

【最后环视全场，语气坚定】总之，我建议今天先不要急着投票，多收集些信息才是上策。【双手交叉抱胸】毕竟狼人杀不是比谁嗓门大，而是比谁看得更透彻的游戏。【意味深长地看向王智】你说对吗？
2025-05-31 16:57:17,177 - root - INFO - 赵灵: 【轻轻抚摸着下巴，眼神若有所思地在王智和张大胆之间来回打量】王智的发言确实很有说服力，但作为女巫，我必须保持冷静和谨慎。【双手交叠放在桌上，身体微微前倾】首回合就跳预言家并直接指认狼人，这个行为本身就值得推敲。【眉头微蹙，手指轻轻敲击桌面】如果王智是真的预言家，那他的勇气可嘉；但如果是狼人悍跳，那这招确实够狠。【突然坐直身体，目光变得锐利】张大胆到现在还没发言，这反应也很耐人寻味...

【站起身环视众人，语气渐渐严肃】我更倾向于先观望一轮。【右手握拳抵在唇边思考】毕竟女巫的解药和毒药都还在，今晚我会密切关注局势。【突然指向王智】不过王智，如果你是狼人悍跳，那这局游戏可就精彩了。【嘴角勾起一抹意味深长的笑】建议其他好人不要急着站队，让我们多听听其他人的发言再做判断。

【缓缓坐下，手指轻轻摩挲着药瓶】至于我的解药...【眼神突然变得深邃】今晚如果有人被刀，我会根据情况决定是否使用。毕竟第一晚就用药风险太大。【突然提高声调】但如果有谁想试探女巫的身份，那就要做好承担后果的准备！

【最后环视全场，语气坚定】总之，我建议今天先不要急着投票，多收集些信息才是上策。【双手交叉抱胸】毕竟狼人杀不是比谁嗓门大，而是比谁看得更透彻的游戏。【意味深长地看向王智】你说对吗？
2025-05-31 16:57:17,177 - root - INFO - 钱强: 【双手用力一拍桌子，猛地站起身来，神情严肃又带着几分审视】王智上来就跳预言家指认张大胆是狼人，这确实很有冲击力。但正如赵灵所说，首回合就如此笃定地指认，难免让人怀疑是狼人悍跳。赵灵作为女巫，发言比较谨慎，建议观望一轮，我觉得很有道理。张大胆到现在没说话，反应很可疑，有可能是被王智点中身份在思考对策，也可能是被冤枉了不知如何辩解。【眉头紧皱，来回踱步】目前局势不明朗，我认为不能轻信王智的一面之词，大家都要谨慎发言，仔细辨别。我作为猎人，会密切关注局势，如果真狼人想浑水摸鱼，那我猎枪可不答应！咱们不能急于投票，必须多收集信息，这样才能揪出所有狼人，赢得这局游戏。 【目光坚定地看向众人】 
2025-05-31 16:57:17,177 - root - INFO - 钱强: 【双手用力一拍桌子，猛地站起身来，神情严肃又带着几分审视】王智上来就跳预言家指认张大胆是狼人，这确实很有冲击力。但正如赵灵所说，首回合就如此笃定地指认，难免让人怀疑是狼人悍跳。赵灵作为女巫，发言比较谨慎，建议观望一轮，我觉得很有道理。张大胆到现在没说话，反应很可疑，有可能是被王智点中身份在思考对策，也可能是被冤枉了不知如何辩解。【眉头紧皱，来回踱步】目前局势不明朗，我认为不能轻信王智的一面之词，大家都要谨慎发言，仔细辨别。我作为猎人，会密切关注局势，如果真狼人想浑水摸鱼，那我猎枪可不答应！咱们不能急于投票，必须多收集信息，这样才能揪出所有狼人，赢得这局游戏。 【目光坚定地看向众人】 
2025-05-31 16:57:17,177 - root - INFO - 孙一: 【缓缓站起身，右手不自觉地摩挲着腰间的佩剑，眉头紧锁地环视众人】各位，作为守卫，我必须保持绝对的清醒和警惕。【深吸一口气，目光在王智和赵灵之间来回游移】王智首轮就跳预言家确实很反常，但更让我在意的是赵灵的反应。【突然停下脚步，右手握拳抵在下巴处】她自称女巫却表现得过于谨慎，甚至暗示要保留解药，这不像一个真女巫应有的担当。【眼神突然变得锐利】

【向前迈了一步，左手不自觉地按在剑柄上】我注意到一个细节：赵灵在质疑王智时，眼神闪烁不定，而且多次提到"观望"这个词。【冷笑一声】这分明是在为狼队友争取时间！【右手猛地指向赵灵】真正的女巫应该更关心如何保护好人，而不是一味地拖延时间！

【转身面对钱强，语气缓和了些】钱强作为猎人，发言还算中肯，但他对赵灵的信任让我有些不安。【手指轻轻敲击桌面】要知道，狼人最喜欢的就是让好人互相猜疑。【突然提高音量】我建议今晚守卫会重点保护王智，如果他是真预言家，绝不能让他被狼人刀掉！

【最后环视全场，眼神坚定】至于张大胆...【意味深长地停顿】他至今沉默确实可疑，但更可能是被狼队推出来挡刀的平民。【右手重重拍在桌上】我建议今天先投赵灵出局，她的发言漏洞太多！守卫在此立誓，今晚必定守护好人阵营！
2025-05-31 16:57:17,177 - root - INFO - 孙一: 【缓缓站起身，右手不自觉地摩挲着腰间的佩剑，眉头紧锁地环视众人】各位，作为守卫，我必须保持绝对的清醒和警惕。【深吸一口气，目光在王智和赵灵之间来回游移】王智首轮就跳预言家确实很反常，但更让我在意的是赵灵的反应。【突然停下脚步，右手握拳抵在下巴处】她自称女巫却表现得过于谨慎，甚至暗示要保留解药，这不像一个真女巫应有的担当。【眼神突然变得锐利】

【向前迈了一步，左手不自觉地按在剑柄上】我注意到一个细节：赵灵在质疑王智时，眼神闪烁不定，而且多次提到"观望"这个词。【冷笑一声】这分明是在为狼队友争取时间！【右手猛地指向赵灵】真正的女巫应该更关心如何保护好人，而不是一味地拖延时间！

【转身面对钱强，语气缓和了些】钱强作为猎人，发言还算中肯，但他对赵灵的信任让我有些不安。【手指轻轻敲击桌面】要知道，狼人最喜欢的就是让好人互相猜疑。【突然提高音量】我建议今晚守卫会重点保护王智，如果他是真预言家，绝不能让他被狼人刀掉！

【最后环视全场，眼神坚定】至于张大胆...【意味深长地停顿】他至今沉默确实可疑，但更可能是被狼队推出来挡刀的平民。【右手重重拍在桌上】我建议今天先投赵灵出局，她的发言漏洞太多！守卫在此立誓，今晚必定守护好人阵营！
2025-05-31 16:57:17,178 - root - INFO - 周二: 

【手指无意识地摩挲着木桌边缘，眉头微微皱起，目光在众人脸上一一扫过】各位，我是周二，普通村民一个，现在得好好理理这局的头绪。首先看王智（player3），他首回合就跳预言家查杀张大胆（player1），这确实需要勇气——但预言家首夜验人本来就是职责，不过张大胆到现在还没开口，这反应太反常了【身体微微前倾，指尖轻轻叩了叩桌面】。要是真被查杀的狼人，要么急着辩解，要么装无辜；要是被冤枉的平民，早该喊冤了。他这沉默，倒像在等什么信号似的。

再看赵灵（player4）的女巫发言【右手托着下巴，眼神若有所思地转向赵灵】，她说首夜保留解药，这我能理解——毕竟第一晚信息太少，随便救人可能暴露女巫身份，反而给狼人机会。可孙一（player6）跳守卫直接攻击赵灵“过于谨慎”，这就让我犯嘀咕了【突然坐直身子，目光锐利地看向孙一】。守卫的职责是守护预言家或关键神职，但孙一上来就咬死女巫发言有问题，还急着带节奏投赵灵出局……这像在转移焦点吧？真正的守卫不该这么激进地攻击另一个神职，除非他想替狼队友清障碍。

钱强（player5）作为猎人，发言倒算稳妥，支持观望，这符合猎人“有枪不怕”的底气【点头认可，嘴角微微上扬】。但现在最关键的还是张大胆的反应——【突然转头看向张大胆的方向，声音提高了些】张大胆，你倒是说说啊！被预言家查杀总该有点反应吧？是真狼人在憋话术，还是平民被冤得说不出话？要是平民，现在不辩解，等被投出局可就亏大了！

【深吸一口气，双手撑在桌上，眼神坚定】我觉得现在有两个重点：一是等张大胆发言，看他如何回应查杀；二是孙一攻击赵灵的动机存疑。狼人最擅长的就是制造矛盾，让好人内耗。如果王智是真预言家，那张大胆必是狼；如果王智是狼悍跳，那他的狼队友可能在孙一或赵灵里。但赵灵作为女巫，保留解药的逻辑没问题，反倒是孙一急着推神职出局，更像狼人在带节奏【手指缓缓指向孙一，语气逐渐严肃】。各位，别急着投票，等张大胆说话，再看孙一怎么圆他的“守卫逻辑”，咱们慢慢盘，别中了狼人的计！
2025-05-31 16:57:17,178 - root - INFO - 周二: 

【手指无意识地摩挲着木桌边缘，眉头微微皱起，目光在众人脸上一一扫过】各位，我是周二，普通村民一个，现在得好好理理这局的头绪。首先看王智（player3），他首回合就跳预言家查杀张大胆（player1），这确实需要勇气——但预言家首夜验人本来就是职责，不过张大胆到现在还没开口，这反应太反常了【身体微微前倾，指尖轻轻叩了叩桌面】。要是真被查杀的狼人，要么急着辩解，要么装无辜；要是被冤枉的平民，早该喊冤了。他这沉默，倒像在等什么信号似的。

再看赵灵（player4）的女巫发言【右手托着下巴，眼神若有所思地转向赵灵】，她说首夜保留解药，这我能理解——毕竟第一晚信息太少，随便救人可能暴露女巫身份，反而给狼人机会。可孙一（player6）跳守卫直接攻击赵灵“过于谨慎”，这就让我犯嘀咕了【突然坐直身子，目光锐利地看向孙一】。守卫的职责是守护预言家或关键神职，但孙一上来就咬死女巫发言有问题，还急着带节奏投赵灵出局……这像在转移焦点吧？真正的守卫不该这么激进地攻击另一个神职，除非他想替狼队友清障碍。

钱强（player5）作为猎人，发言倒算稳妥，支持观望，这符合猎人“有枪不怕”的底气【点头认可，嘴角微微上扬】。但现在最关键的还是张大胆的反应——【突然转头看向张大胆的方向，声音提高了些】张大胆，你倒是说说啊！被预言家查杀总该有点反应吧？是真狼人在憋话术，还是平民被冤得说不出话？要是平民，现在不辩解，等被投出局可就亏大了！

【深吸一口气，双手撑在桌上，眼神坚定】我觉得现在有两个重点：一是等张大胆发言，看他如何回应查杀；二是孙一攻击赵灵的动机存疑。狼人最擅长的就是制造矛盾，让好人内耗。如果王智是真预言家，那张大胆必是狼；如果王智是狼悍跳，那他的狼队友可能在孙一或赵灵里。但赵灵作为女巫，保留解药的逻辑没问题，反倒是孙一急着推神职出局，更像狼人在带节奏【手指缓缓指向孙一，语气逐渐严肃】。各位，别急着投票，等张大胆说话，再看孙一怎么圆他的“守卫逻辑”，咱们慢慢盘，别中了狼人的计！
2025-05-31 16:57:17,178 - root - INFO - 吴三: 

【手指无意识地摩挲着粗布短衫的衣角，从木凳上缓缓站起身，目光依次扫过王智、赵灵和孙一的方向，眉头微蹙似在梳理思绪】各位，我吴三虽是个普通庄稼汉，但这狼人杀的门道也听过些——咱们得把每个人的话掰开了揉碎了看。先看王智【右手虚点向王智的位置】，你首回合跳预言家查杀张大胆，这招确实狠，但张大胆到现在都没开口，他是被戳中身份慌了神，还是真被冤枉了？我看咱们得等张大胆说完再下结论，总不能一棒子把人打死吧？  

再瞧赵灵【转身看向赵灵，手指轻轻敲了敲桌沿】，你说自己是女巫要保留解药，我这庄稼人倒觉得合理——首夜就用药，万一救了狼人可咋整？但孙一质疑你“拖延时间”【目光转向孙一，嘴角扯出抹困惑的笑】，我倒要问问孙守卫，你说真女巫该“更关心保护好人”，可保护也得看时机不是？你急着推赵灵出局，莫不是怕她戳穿你什么？  

钱强兄弟【冲钱强点点头】说得在理，猎人确实该稳着点，但你光说“密切关注”可不够，咱们得把火力集中在可疑点上。最让我犯嘀咕的是孙一【右手握拳抵在下巴上，眼神突然锐利】——你跳守卫就罢了，还急着给王智打保票说要守他，这算哪门子逻辑？真守卫该藏着掖着保护关键角色，哪有刚开局就把守护目标明牌的？难不成你是怕王智这“预言家”活不过今晚，急着给他上保险？  

【突然提高音量，双手撑在桌沿向前倾身，脸上带着几分急切】我看呐，现在最该做的是等张大胆发言！他要是真狼人，肯定破绽百出；要是被冤枉的，王智这预言家身份可就悬了。至于赵灵和孙一，一个说观望，一个急着推人，谁更像狼？我这脑子笨，暂时分不清，但有一点我笃定——急着带节奏的，多半心里有鬼！【深吸一口气，挺直腰板】咱们庄稼人最恨撒谎的，今天谁的话站不住脚，我吴三第一个举票！
2025-05-31 16:57:17,178 - root - INFO - 吴三: 

【手指无意识地摩挲着粗布短衫的衣角，从木凳上缓缓站起身，目光依次扫过王智、赵灵和孙一的方向，眉头微蹙似在梳理思绪】各位，我吴三虽是个普通庄稼汉，但这狼人杀的门道也听过些——咱们得把每个人的话掰开了揉碎了看。先看王智【右手虚点向王智的位置】，你首回合跳预言家查杀张大胆，这招确实狠，但张大胆到现在都没开口，他是被戳中身份慌了神，还是真被冤枉了？我看咱们得等张大胆说完再下结论，总不能一棒子把人打死吧？  

再瞧赵灵【转身看向赵灵，手指轻轻敲了敲桌沿】，你说自己是女巫要保留解药，我这庄稼人倒觉得合理——首夜就用药，万一救了狼人可咋整？但孙一质疑你“拖延时间”【目光转向孙一，嘴角扯出抹困惑的笑】，我倒要问问孙守卫，你说真女巫该“更关心保护好人”，可保护也得看时机不是？你急着推赵灵出局，莫不是怕她戳穿你什么？  

钱强兄弟【冲钱强点点头】说得在理，猎人确实该稳着点，但你光说“密切关注”可不够，咱们得把火力集中在可疑点上。最让我犯嘀咕的是孙一【右手握拳抵在下巴上，眼神突然锐利】——你跳守卫就罢了，还急着给王智打保票说要守他，这算哪门子逻辑？真守卫该藏着掖着保护关键角色，哪有刚开局就把守护目标明牌的？难不成你是怕王智这“预言家”活不过今晚，急着给他上保险？  

【突然提高音量，双手撑在桌沿向前倾身，脸上带着几分急切】我看呐，现在最该做的是等张大胆发言！他要是真狼人，肯定破绽百出；要是被冤枉的，王智这预言家身份可就悬了。至于赵灵和孙一，一个说观望，一个急着推人，谁更像狼？我这脑子笨，暂时分不清，但有一点我笃定——急着带节奏的，多半心里有鬼！【深吸一口气，挺直腰板】咱们庄稼人最恨撒谎的，今天谁的话站不住脚，我吴三第一个举票！
2025-05-31 16:57:17,178 - root - INFO - 张大胆: 【缓缓站起身，双手交叉抱胸，眉头微皱】各位，我仔细听了大家的发言，有些想法想分享一下。【右手食指轻轻敲击太阳穴】王智确实表现得有些反常，总是若有所思地观察别人【突然转头看向王智的方向】，这种过度关注的行为确实值得注意。【左手无意识地整理着衣领】

【身体微微前倾，压低声音】不过我更在意的是钱强，他全程都保持沉默【摇头叹气】，在这种需要交流的游戏中，过分低调反而更可疑。【突然提高音量】毕竟狼人最喜欢躲在暗处观察了！

【环顾四周，目光在每个人脸上停留片刻】至于孙一，虽然发言积极【右手做了个下压的手势】，但总觉得他话里有话，一直在试图主导话题走向。【突然拍了下桌子】这种掌控欲太强的玩家，我们不得不防！

【慢慢坐回椅子上，双手交叉放在桌上】我个人建议，大家要多发言，让信息更透明些。【眼神突然变得锐利】特别是那些一直保持沉默的玩家，更应该主动参与讨论。【嘴角微微上扬】毕竟，只有充分交流才能找出狼人的破绽。
2025-05-31 16:57:17,178 - root - INFO - 张大胆: 【缓缓站起身，双手交叉抱胸，眉头微皱】各位，我仔细听了大家的发言，有些想法想分享一下。【右手食指轻轻敲击太阳穴】王智确实表现得有些反常，总是若有所思地观察别人【突然转头看向王智的方向】，这种过度关注的行为确实值得注意。【左手无意识地整理着衣领】

【身体微微前倾，压低声音】不过我更在意的是钱强，他全程都保持沉默【摇头叹气】，在这种需要交流的游戏中，过分低调反而更可疑。【突然提高音量】毕竟狼人最喜欢躲在暗处观察了！

【环顾四周，目光在每个人脸上停留片刻】至于孙一，虽然发言积极【右手做了个下压的手势】，但总觉得他话里有话，一直在试图主导话题走向。【突然拍了下桌子】这种掌控欲太强的玩家，我们不得不防！

【慢慢坐回椅子上，双手交叉放在桌上】我个人建议，大家要多发言，让信息更透明些。【眼神突然变得锐利】特别是那些一直保持沉默的玩家，更应该主动参与讨论。【嘴角微微上扬】毕竟，只有充分交流才能找出狼人的破绽。
2025-05-31 16:57:17,178 - root - INFO - 李勇: 【缓缓站起身，右手不自觉地摩挲着下巴】各位，我觉得现在局势确实扑朔迷离。【目光在众人脸上来回扫视，眉头微皱】钱强的表现确实引人注目，【突然停下脚步，右手食指轻点太阳穴】但我觉得王智更值得关注。【身体微微前倾，压低声音】他今天异常安静，【右手无意识地敲击桌面】这种反常的沉默反而更让人不安。【突然提高音量】第一轮信息太少，【环视众人，眼神变得锐利】我们应该多关注那些行为反常的人。【转头看向张大胆，嘴角微微上扬】不过钱强的观察确实很细致，【双手交叉抱胸】这种善于分析的人确实需要警惕。【坐回椅子上，手指轻轻敲击扶手】建议大家可以多留意这两位的后续发言。【眼神若有所思地望向天花板】毕竟第一晚要稳妥起见，不能轻易下结论。
2025-05-31 16:57:17,178 - root - INFO - 李勇: 【缓缓站起身，右手不自觉地摩挲着下巴】各位，我觉得现在局势确实扑朔迷离。【目光在众人脸上来回扫视，眉头微皱】钱强的表现确实引人注目，【突然停下脚步，右手食指轻点太阳穴】但我觉得王智更值得关注。【身体微微前倾，压低声音】他今天异常安静，【右手无意识地敲击桌面】这种反常的沉默反而更让人不安。【突然提高音量】第一轮信息太少，【环视众人，眼神变得锐利】我们应该多关注那些行为反常的人。【转头看向张大胆，嘴角微微上扬】不过钱强的观察确实很细致，【双手交叉抱胸】这种善于分析的人确实需要警惕。【坐回椅子上，手指轻轻敲击扶手】建议大家可以多留意这两位的后续发言。【眼神若有所思地望向天花板】毕竟第一晚要稳妥起见，不能轻易下结论。
2025-05-31 16:57:17,178 - root - INFO - 王智: 我再次重申【双手用力握拳，表情严肃地环顾四周】，我查验出张大胆是狼人，这是千真万确的信息。赵灵作为女巫，发言过于谨慎，多次提出观望，确实可疑，似乎有拖延时间为狼队友打掩护的嫌疑【目光犀利地看向赵灵】。钱强作为猎人，虽发言看似中肯，但过于偏向赵灵，这一点值得警惕。孙一作为守卫，能敏锐察觉赵灵的异常，提议保护我，我认为是合理的。而张大胆至今沉默不语，极有可能是因被我点出身份而心虚。目前局势虽不明朗，但我坚信只要好人团结，仔细分辨发言，一定能识破狼人阴谋【双手握拳抬起，给自己鼓劲】。希望大家相信我这个真预言家，不要被狼人误导，今天先将张大胆投出局，打破狼人的计划，为好人阵营争取优势【眼神坚定，提高音量呼吁众人】。 
2025-05-31 16:57:17,178 - root - INFO - 王智: 我再次重申【双手用力握拳，表情严肃地环顾四周】，我查验出张大胆是狼人，这是千真万确的信息。赵灵作为女巫，发言过于谨慎，多次提出观望，确实可疑，似乎有拖延时间为狼队友打掩护的嫌疑【目光犀利地看向赵灵】。钱强作为猎人，虽发言看似中肯，但过于偏向赵灵，这一点值得警惕。孙一作为守卫，能敏锐察觉赵灵的异常，提议保护我，我认为是合理的。而张大胆至今沉默不语，极有可能是因被我点出身份而心虚。目前局势虽不明朗，但我坚信只要好人团结，仔细分辨发言，一定能识破狼人阴谋【双手握拳抬起，给自己鼓劲】。希望大家相信我这个真预言家，不要被狼人误导，今天先将张大胆投出局，打破狼人的计划，为好人阵营争取优势【眼神坚定，提高音量呼吁众人】。 
2025-05-31 16:57:17,178 - root - INFO - 赵灵: 【缓缓站起身，手指轻轻摩挲着药瓶边缘，眼神在众人脸上来回扫视】各位，局势越来越有趣了。【突然冷笑一声，右手食指轻轻敲击太阳穴】让我来梳理一下目前的疑点：

【猛地转身指向王智，眼神锐利】首先，王智的预言家跳得太过急切。【左手托腮作思考状】首轮就精准指认张大胆，这要么是神级预言家，要么就是狼人悍跳。【突然拍桌】但更可疑的是，他完全没给自己留退路！【身体前倾，压低声音】真正的预言家第一晚通常会选择查验老玩家，而不是随机指认。

【转身面对孙一，眯起眼睛】至于孙一...【突然提高音量】你自称守卫却急着要投我出局？【双手抱胸，冷笑】这反应未免太激烈了！【手指轻点桌面】真正的守卫应该更关注保护对象，而不是急着带节奏。

【踱步到钱强身边，语气缓和】钱强作为猎人，发言还算中肯，【突然停顿】但...【凑近低声说】你对我的信任来得太容易，反而让我有些不安。

【突然转身面对所有人，摊开双手】最可疑的是张大胆的沉默！【眼神变得凌厉】如果他是真狼人，被指认后应该会极力辩解；如果是好人被冤枉，也该愤怒反驳。【右手握拳】这种反常的沉默，反而让我怀疑...

【从腰间取出毒药瓶把玩】作为女巫，我建议：【竖起一根手指】第一，今晚我会视情况使用解药；【又竖起第二根手指】第二，建议好人不要急着投票；【突然握紧毒药瓶】第三...【意味深长地环视】如果有人想试探女巫的底线，我的毒药可不会留情！

【最后优雅地坐回座位，手指交叉】总之，现在站队还为时过早。让我们...【突然露出神秘的微笑】再观察一轮如何？
2025-05-31 16:57:17,178 - root - INFO - 赵灵: 【缓缓站起身，手指轻轻摩挲着药瓶边缘，眼神在众人脸上来回扫视】各位，局势越来越有趣了。【突然冷笑一声，右手食指轻轻敲击太阳穴】让我来梳理一下目前的疑点：

【猛地转身指向王智，眼神锐利】首先，王智的预言家跳得太过急切。【左手托腮作思考状】首轮就精准指认张大胆，这要么是神级预言家，要么就是狼人悍跳。【突然拍桌】但更可疑的是，他完全没给自己留退路！【身体前倾，压低声音】真正的预言家第一晚通常会选择查验老玩家，而不是随机指认。

【转身面对孙一，眯起眼睛】至于孙一...【突然提高音量】你自称守卫却急着要投我出局？【双手抱胸，冷笑】这反应未免太激烈了！【手指轻点桌面】真正的守卫应该更关注保护对象，而不是急着带节奏。

【踱步到钱强身边，语气缓和】钱强作为猎人，发言还算中肯，【突然停顿】但...【凑近低声说】你对我的信任来得太容易，反而让我有些不安。

【突然转身面对所有人，摊开双手】最可疑的是张大胆的沉默！【眼神变得凌厉】如果他是真狼人，被指认后应该会极力辩解；如果是好人被冤枉，也该愤怒反驳。【右手握拳】这种反常的沉默，反而让我怀疑...

【从腰间取出毒药瓶把玩】作为女巫，我建议：【竖起一根手指】第一，今晚我会视情况使用解药；【又竖起第二根手指】第二，建议好人不要急着投票；【突然握紧毒药瓶】第三...【意味深长地环视】如果有人想试探女巫的底线，我的毒药可不会留情！

【最后优雅地坐回座位，手指交叉】总之，现在站队还为时过早。让我们...【突然露出神秘的微笑】再观察一轮如何？
2025-05-31 16:57:17,179 - root - INFO - 钱强: 【双手抱胸，微微眯起眼睛，在众人身上一一扫过】听了大家的发言，我越发觉得局势错综复杂。王智首轮就跳预言家指认张大胆，确实过于急切，像赵灵说的，真预言家首验通常会选老玩家，他这样做要么实力超强，要么就是狼人悍跳。赵灵呢，虽以女巫身份发言谨慎，但孙一质疑她拖延时间为狼队友打掩护也有几分道理。孙一作为守卫，急着投赵灵出局，带节奏的嫌疑不小，不像是专注守护的守卫该有的行为。张大胆一直沉默，不管是心虚还是被冤枉不知如何说，都很可疑。目前看来，各方说法都有可疑点，局势十分不明朗。我觉得咱们还是不能轻易投票，都再谨慎发言，从细节中找破绽，我这猎人的猎枪时刻准备着，一旦发现狼人，绝不姑息，大家务必保持警惕，仔细分辨，别让狼人阴谋得逞。 
2025-05-31 16:57:17,179 - root - INFO - 钱强: 【双手抱胸，微微眯起眼睛，在众人身上一一扫过】听了大家的发言，我越发觉得局势错综复杂。王智首轮就跳预言家指认张大胆，确实过于急切，像赵灵说的，真预言家首验通常会选老玩家，他这样做要么实力超强，要么就是狼人悍跳。赵灵呢，虽以女巫身份发言谨慎，但孙一质疑她拖延时间为狼队友打掩护也有几分道理。孙一作为守卫，急着投赵灵出局，带节奏的嫌疑不小，不像是专注守护的守卫该有的行为。张大胆一直沉默，不管是心虚还是被冤枉不知如何说，都很可疑。目前看来，各方说法都有可疑点，局势十分不明朗。我觉得咱们还是不能轻易投票，都再谨慎发言，从细节中找破绽，我这猎人的猎枪时刻准备着，一旦发现狼人，绝不姑息，大家务必保持警惕，仔细分辨，别让狼人阴谋得逞。 
2025-05-31 16:57:17,179 - root - INFO - 孙一: 【猛地拍案而起，右手紧握佩剑，目光如炬地扫视全场】诸位，局势已经逐渐明朗！【左手重重按在桌面上，身体前倾】让我来剖析当前的疑点：

【缓步走向王智，眼神锐利】王智的预言家身份确实存疑，但更可疑的是赵灵的反应！【突然转身指向赵灵】她自称女巫却处处为狼人争取时间，这绝非偶然！【右手不自觉地摩挲剑柄】我注意到她每次发言都会下意识抚摸药瓶，这分明是在暗示自己有特殊身份，想以此震慑好人！

【踱步到钱强身边，压低声音】钱强看似中立，但他对赵灵的维护太过刻意。【突然提高音量】作为猎人，他本该更警惕才对！【右手握拳重重砸在左手掌心】这种反常的信任，极可能是狼人之间的默契！

【突然停下脚步，眼神变得深邃】至于张大胆的沉默...【冷笑一声】这恰恰证明了我的判断！【右手食指轻点太阳穴】如果他是真狼人，被指认后早该跳脚了！这种反常的沉默，反而说明他是被狼队推出来挡刀的平民！

【猛地拔出佩剑插在地上，单膝跪地】以守卫之名起誓！【抬头环视众人，眼神坚定】今晚我必定守护王智，若他是真预言家，绝不能让他被狼人刀掉！【缓缓站起，剑尖直指赵灵】我坚持认为赵灵才是真正的狼人，她那些看似谨慎的发言，都是在为狼队争取时间！

【收剑入鞘，语气转为凝重】诸位好人请擦亮眼睛！【右手抚胸】守卫在此立誓，必将守护好人到最后一刻！【突然指向钱强】建议猎人今晚重点关注钱强的动向，他的中立立场太过刻意！让我们齐心协力，揪出这些狡猾的狼人！
2025-05-31 16:57:17,179 - root - INFO - 孙一: 【猛地拍案而起，右手紧握佩剑，目光如炬地扫视全场】诸位，局势已经逐渐明朗！【左手重重按在桌面上，身体前倾】让我来剖析当前的疑点：

【缓步走向王智，眼神锐利】王智的预言家身份确实存疑，但更可疑的是赵灵的反应！【突然转身指向赵灵】她自称女巫却处处为狼人争取时间，这绝非偶然！【右手不自觉地摩挲剑柄】我注意到她每次发言都会下意识抚摸药瓶，这分明是在暗示自己有特殊身份，想以此震慑好人！

【踱步到钱强身边，压低声音】钱强看似中立，但他对赵灵的维护太过刻意。【突然提高音量】作为猎人，他本该更警惕才对！【右手握拳重重砸在左手掌心】这种反常的信任，极可能是狼人之间的默契！

【突然停下脚步，眼神变得深邃】至于张大胆的沉默...【冷笑一声】这恰恰证明了我的判断！【右手食指轻点太阳穴】如果他是真狼人，被指认后早该跳脚了！这种反常的沉默，反而说明他是被狼队推出来挡刀的平民！

【猛地拔出佩剑插在地上，单膝跪地】以守卫之名起誓！【抬头环视众人，眼神坚定】今晚我必定守护王智，若他是真预言家，绝不能让他被狼人刀掉！【缓缓站起，剑尖直指赵灵】我坚持认为赵灵才是真正的狼人，她那些看似谨慎的发言，都是在为狼队争取时间！

【收剑入鞘，语气转为凝重】诸位好人请擦亮眼睛！【右手抚胸】守卫在此立誓，必将守护好人到最后一刻！【突然指向钱强】建议猎人今晚重点关注钱强的动向，他的中立立场太过刻意！让我们齐心协力，揪出这些狡猾的狼人！
2025-05-31 16:57:17,179 - root - INFO - 周二: 

【手指无意识地摩挲着木桌边缘，目光依次扫过王智、赵灵和孙一的方向，眉头渐渐拧成一道川字】各位，我这普通村民现在越听越觉得有股子不对劲的味儿。先来说说王智（player3）——首夜跳预言家查杀张大胆（player1），这事儿本身不稀奇，但张大胆到现在连个屁都不放【突然拍了下桌子，声音拔高】，这就太反常了！要是真被冤枉的平民，早该拍着胸脯喊"我是好人"了；要是狼人被查杀，也该急着找补"王智是悍跳"。他这跟被点了哑穴似的沉默，倒像在等狼队友递话呢！【身体前倾，指尖重重叩了叩桌面】

再看赵灵（player4）的女巫发言【转头看向赵灵，眼神里带着几分审视】，她反复强调"观望"、"保留解药"，乍一听像在划水，可细想其实合理——首夜信息少，随便救人容易暴露女巫身份，狼人正等着刀预言家呢，这时候藏着解药反而是保护。反倒是孙一（player6）这守卫【突然转身盯着孙一，手指微微发抖】，开口就咬死赵灵是狼，说她"为狼队争取时间"，还急着要推赵灵出局！守卫的本分是守人，不是带人节奏吧？【右手猛地攥成拳抵在腰间】我玩了这么多局，真守卫哪会一上来就追着女巫咬？他这更像狼人在搅浑水，想把水泼到神职身上，好让狼队趁机躲过去！

钱强（player5）作为猎人，发言倒算稳当【点头认可，嘴角扯出一抹淡笑】，说"局势不明朗别急着投票"，这才是猎人该有的底气——反正有枪不怕死，慢慢盘逻辑才对。但最关键的还是张大胆！【突然提高音量，身体微微发抖】张大胆（player1）你给我听好了！【手指直戳张大胆的方向】你要是好人，现在就站起来骂王智是狼；你要是狼人，就别装哑巴！再这么沉默下去，我周二第一个投你出局！

【深吸一口气，双手撑在桌上，眼神扫过全场】现在局势明摆着：要么王智是真预言家，张大胆是狼；要么王智是狼悍跳，孙一可能是他队友在帮着带节奏。但赵灵的女巫发言没毛病，孙一的守卫逻辑却漏洞百出【手指缓缓指向孙一，语气冷得像冰碴】。我建议先等张大胆发言，他要是继续装死，直接投他；要是他能说出点道理，再回头盘王智和孙一的关系。狼人最会搞内耗，咱们好人可不能跟着乱！【突然坐直身子，目光灼灼】都支棱起来！仔细听，仔细看，别让狼人钻了空子！
2025-05-31 16:57:17,179 - root - INFO - 周二: 

【手指无意识地摩挲着木桌边缘，目光依次扫过王智、赵灵和孙一的方向，眉头渐渐拧成一道川字】各位，我这普通村民现在越听越觉得有股子不对劲的味儿。先来说说王智（player3）——首夜跳预言家查杀张大胆（player1），这事儿本身不稀奇，但张大胆到现在连个屁都不放【突然拍了下桌子，声音拔高】，这就太反常了！要是真被冤枉的平民，早该拍着胸脯喊"我是好人"了；要是狼人被查杀，也该急着找补"王智是悍跳"。他这跟被点了哑穴似的沉默，倒像在等狼队友递话呢！【身体前倾，指尖重重叩了叩桌面】

再看赵灵（player4）的女巫发言【转头看向赵灵，眼神里带着几分审视】，她反复强调"观望"、"保留解药"，乍一听像在划水，可细想其实合理——首夜信息少，随便救人容易暴露女巫身份，狼人正等着刀预言家呢，这时候藏着解药反而是保护。反倒是孙一（player6）这守卫【突然转身盯着孙一，手指微微发抖】，开口就咬死赵灵是狼，说她"为狼队争取时间"，还急着要推赵灵出局！守卫的本分是守人，不是带人节奏吧？【右手猛地攥成拳抵在腰间】我玩了这么多局，真守卫哪会一上来就追着女巫咬？他这更像狼人在搅浑水，想把水泼到神职身上，好让狼队趁机躲过去！

钱强（player5）作为猎人，发言倒算稳当【点头认可，嘴角扯出一抹淡笑】，说"局势不明朗别急着投票"，这才是猎人该有的底气——反正有枪不怕死，慢慢盘逻辑才对。但最关键的还是张大胆！【突然提高音量，身体微微发抖】张大胆（player1）你给我听好了！【手指直戳张大胆的方向】你要是好人，现在就站起来骂王智是狼；你要是狼人，就别装哑巴！再这么沉默下去，我周二第一个投你出局！

【深吸一口气，双手撑在桌上，眼神扫过全场】现在局势明摆着：要么王智是真预言家，张大胆是狼；要么王智是狼悍跳，孙一可能是他队友在帮着带节奏。但赵灵的女巫发言没毛病，孙一的守卫逻辑却漏洞百出【手指缓缓指向孙一，语气冷得像冰碴】。我建议先等张大胆发言，他要是继续装死，直接投他；要是他能说出点道理，再回头盘王智和孙一的关系。狼人最会搞内耗，咱们好人可不能跟着乱！【突然坐直身子，目光灼灼】都支棱起来！仔细听，仔细看，别让狼人钻了空子！
2025-05-31 16:57:17,179 - root - INFO - 吴三: 

【粗糙的手指无意识地搓了搓后颈，从长条木凳上直起腰板，目光先扫过沉默的张大胆，又缓缓转向王智】各位，咱庄稼汉说话直，先把最扎眼的事儿摆出来——张大胆到现在都没放个响屁，这事儿太反常！【弯腰用指节敲了敲桌板，嗓门儿提了两分】要是狼人被查杀，早该跳脚喊冤或者反咬预言家了；要是好人被冤枉，也该拍桌子骂王智瞎眼。他倒好，像块儿哑木头似的杵着，要么是被戳中命门心虚，要么...【眯起眼瞥了王智一眼】保不准是有人故意拿他当靶子使。  

再瞧王智兄弟【冲王智拱了拱手】，你跳预言家查杀张大胆，这招够狠，但也太急了。【伸手挠了挠后脑勺，露出困惑神色】真预言家首夜验人，要么验熟人摸底，要么验新手防狼，哪有一上来就认准张大胆的？难不成你昨夜蹲他窗根儿底下瞅见他变身狼人了？【突然咧嘴笑了下，又板起脸】不是我不信你，可这局里狼崽子最会装正经，你得给咱多点儿实锤啊！  

要说最让我起疑的，还得数孙一兄弟【转身看向孙一，手指重重戳了戳空气】！【猛地站起身，粗布短衫被带得簌簌响】你说你是守卫，倒好，刚开局就喊着要守王智，把守护目标明明白白亮出来——狼崽子今晚要是想刀预言家，直接照着王智下黑手就行，你这守卫当得是护人还是害人？【又气又急地拍了下大腿】更离谱的是你急着推赵灵出局，人家女巫首夜藏着解药不使，那是怕救了狼崽子，多稳妥的事儿！你倒说人“拖延时间”，合着你恨不得今天就把好人全投出去？【突然压低声音凑近众人，眼神锐利】我看呐，你这守卫当得太积极，倒像狼崽子急着带节奏，把水搅浑好趁乱摸鱼！  

赵灵妹子【冲赵灵点点头】的话我听着实在，女巫首夜用药是赌命，咱们庄稼人下地还知道看天气呢，她谨慎些有啥错？钱强兄弟【转向钱强】说的也在理，猎人就得稳着点儿，别被人当枪使。  

【深吸一口气，双手撑在桌上往前探身，脸上的皱纹绷得紧紧的】现在最紧要的，是等张大胆开口！他要是能说出个一二三来，王智的预言家身份就得打个问号；要是还支支吾吾，那王智这预言家倒可能是真的。至于孙一...【冷笑一声】急着带节奏推人的，十有八九屁股不干净！咱们庄稼人最恨偷鸡摸狗的，今天谁的话站不住脚，我吴三第一个举票！【重重坐回木凳，双手抱在胸前，目光灼灼地盯着孙一】
2025-05-31 16:57:17,179 - root - INFO - 吴三: 

【粗糙的手指无意识地搓了搓后颈，从长条木凳上直起腰板，目光先扫过沉默的张大胆，又缓缓转向王智】各位，咱庄稼汉说话直，先把最扎眼的事儿摆出来——张大胆到现在都没放个响屁，这事儿太反常！【弯腰用指节敲了敲桌板，嗓门儿提了两分】要是狼人被查杀，早该跳脚喊冤或者反咬预言家了；要是好人被冤枉，也该拍桌子骂王智瞎眼。他倒好，像块儿哑木头似的杵着，要么是被戳中命门心虚，要么...【眯起眼瞥了王智一眼】保不准是有人故意拿他当靶子使。  

再瞧王智兄弟【冲王智拱了拱手】，你跳预言家查杀张大胆，这招够狠，但也太急了。【伸手挠了挠后脑勺，露出困惑神色】真预言家首夜验人，要么验熟人摸底，要么验新手防狼，哪有一上来就认准张大胆的？难不成你昨夜蹲他窗根儿底下瞅见他变身狼人了？【突然咧嘴笑了下，又板起脸】不是我不信你，可这局里狼崽子最会装正经，你得给咱多点儿实锤啊！  

要说最让我起疑的，还得数孙一兄弟【转身看向孙一，手指重重戳了戳空气】！【猛地站起身，粗布短衫被带得簌簌响】你说你是守卫，倒好，刚开局就喊着要守王智，把守护目标明明白白亮出来——狼崽子今晚要是想刀预言家，直接照着王智下黑手就行，你这守卫当得是护人还是害人？【又气又急地拍了下大腿】更离谱的是你急着推赵灵出局，人家女巫首夜藏着解药不使，那是怕救了狼崽子，多稳妥的事儿！你倒说人“拖延时间”，合着你恨不得今天就把好人全投出去？【突然压低声音凑近众人，眼神锐利】我看呐，你这守卫当得太积极，倒像狼崽子急着带节奏，把水搅浑好趁乱摸鱼！  

赵灵妹子【冲赵灵点点头】的话我听着实在，女巫首夜用药是赌命，咱们庄稼人下地还知道看天气呢，她谨慎些有啥错？钱强兄弟【转向钱强】说的也在理，猎人就得稳着点儿，别被人当枪使。  

【深吸一口气，双手撑在桌上往前探身，脸上的皱纹绷得紧紧的】现在最紧要的，是等张大胆开口！他要是能说出个一二三来，王智的预言家身份就得打个问号；要是还支支吾吾，那王智这预言家倒可能是真的。至于孙一...【冷笑一声】急着带节奏推人的，十有八九屁股不干净！咱们庄稼人最恨偷鸡摸狗的，今天谁的话站不住脚，我吴三第一个举票！【重重坐回木凳，双手抱在胸前，目光灼灼地盯着孙一】
2025-05-31 16:57:27,427 - httpx - INFO - HTTP Request: POST https://api.toiotech.com/v1/chat/completions "HTTP/1.1 200 OK"
2025-05-31 16:57:27,427 - httpx - INFO - HTTP Request: POST https://api.toiotech.com/v1/chat/completions "HTTP/1.1 200 OK"
2025-05-31 16:57:27,428 - root - INFO - 投票记录: player1 -> player6 (正确)
2025-05-31 16:57:27,428 - root - INFO - 投票记录: player1 -> player6 (正确)
2025-05-31 16:57:35,757 - httpx - INFO - HTTP Request: POST https://api.toiotech.com/v1/chat/completions "HTTP/1.1 200 OK"
2025-05-31 16:57:35,757 - httpx - INFO - HTTP Request: POST https://api.toiotech.com/v1/chat/completions "HTTP/1.1 200 OK"
2025-05-31 16:57:35,758 - root - INFO - 投票记录: player2 -> player5 (正确)
2025-05-31 16:57:35,758 - root - INFO - 投票记录: player2 -> player5 (正确)
2025-05-31 16:57:38,109 - httpx - INFO - HTTP Request: POST https://api.toiotech.com/v1/chat/completions "HTTP/1.1 200 OK"
2025-05-31 16:57:38,109 - httpx - INFO - HTTP Request: POST https://api.toiotech.com/v1/chat/completions "HTTP/1.1 200 OK"
2025-05-31 16:57:38,110 - root - INFO - 投票记录: player3 -> player1 (正确)
2025-05-31 16:57:38,110 - root - INFO - 投票记录: player3 -> player1 (正确)
2025-05-31 16:57:47,576 - httpx - INFO - HTTP Request: POST https://api.toiotech.com/v1/chat/completions "HTTP/1.1 200 OK"
2025-05-31 16:57:47,576 - httpx - INFO - HTTP Request: POST https://api.toiotech.com/v1/chat/completions "HTTP/1.1 200 OK"
2025-05-31 16:57:47,577 - root - INFO - 投票记录: player4 -> player3 (错误)
2025-05-31 16:57:47,577 - root - INFO - 投票记录: player4 -> player3 (错误)
2025-05-31 16:57:50,892 - httpx - INFO - HTTP Request: POST https://api.toiotech.com/v1/chat/completions "HTTP/1.1 200 OK"
2025-05-31 16:57:50,892 - httpx - INFO - HTTP Request: POST https://api.toiotech.com/v1/chat/completions "HTTP/1.1 200 OK"
2025-05-31 16:57:50,893 - root - INFO - 投票记录: player5 -> player1 (正确)
2025-05-31 16:57:50,893 - root - INFO - 投票记录: player5 -> player1 (正确)
2025-05-31 16:58:00,180 - httpx - INFO - HTTP Request: POST https://api.toiotech.com/v1/chat/completions "HTTP/1.1 200 OK"
2025-05-31 16:58:00,180 - httpx - INFO - HTTP Request: POST https://api.toiotech.com/v1/chat/completions "HTTP/1.1 200 OK"
2025-05-31 16:58:00,181 - root - INFO - 投票记录: player6 -> player4 (错误)
2025-05-31 16:58:00,181 - root - INFO - 投票记录: player6 -> player4 (错误)
2025-05-31 16:58:29,257 - httpx - INFO - HTTP Request: POST https://api.toiotech.com/v1/chat/completions "HTTP/1.1 200 OK"
2025-05-31 16:58:29,257 - httpx - INFO - HTTP Request: POST https://api.toiotech.com/v1/chat/completions "HTTP/1.1 200 OK"
2025-05-31 16:58:29,258 - root - INFO - 投票记录: player7 -> player1 (正确)
2025-05-31 16:58:29,258 - root - INFO - 投票记录: player7 -> player1 (正确)
2025-05-31 16:58:57,945 - httpx - INFO - HTTP Request: POST https://api.toiotech.com/v1/chat/completions "HTTP/1.1 200 OK"
2025-05-31 16:58:57,945 - httpx - INFO - HTTP Request: POST https://api.toiotech.com/v1/chat/completions "HTTP/1.1 200 OK"
2025-05-31 16:58:57,946 - root - INFO - 投票记录: player8 -> player6 (错误)
2025-05-31 16:58:57,946 - root - INFO - 投票记录: player8 -> player6 (错误)
2025-05-31 16:58:58,448 - root - INFO - 
=== 第 1 回合投票结果 ===
2025-05-31 16:58:58,448 - root - INFO - 
=== 第 1 回合投票结果 ===
2025-05-31 16:58:58,448 - root - INFO - 得票情况：
2025-05-31 16:58:58,448 - root - INFO - 得票情况：
2025-05-31 16:58:58,448 - root - INFO - - 孙一: 2 票
2025-05-31 16:58:58,448 - root - INFO - - 孙一: 2 票
2025-05-31 16:58:58,448 - root - INFO -   投票者: 张大胆, 吴三
2025-05-31 16:58:58,448 - root - INFO -   投票者: 张大胆, 吴三
2025-05-31 16:58:58,449 - root - INFO - - 钱强: 1 票
2025-05-31 16:58:58,449 - root - INFO - - 钱强: 1 票
2025-05-31 16:58:58,449 - root - INFO -   投票者: 李勇
2025-05-31 16:58:58,449 - root - INFO -   投票者: 李勇
2025-05-31 16:58:58,449 - root - INFO - - 张大胆: 3 票
2025-05-31 16:58:58,449 - root - INFO - - 张大胆: 3 票
2025-05-31 16:58:58,449 - root - INFO -   投票者: 王智, 钱强, 周二
2025-05-31 16:58:58,449 - root - INFO -   投票者: 王智, 钱强, 周二
2025-05-31 16:58:58,449 - root - INFO - - 王智: 1 票
2025-05-31 16:58:58,449 - root - INFO - - 王智: 1 票
2025-05-31 16:58:58,449 - root - INFO -   投票者: 赵灵
2025-05-31 16:58:58,449 - root - INFO -   投票者: 赵灵
2025-05-31 16:58:58,449 - root - INFO - - 赵灵: 1 票
2025-05-31 16:58:58,449 - root - INFO - - 赵灵: 1 票
2025-05-31 16:58:58,450 - root - INFO -   投票者: 孙一
2025-05-31 16:58:58,450 - root - INFO -   投票者: 孙一
2025-05-31 16:58:58,450 - root - INFO - 
投票最高的是 张大胆，得到 3 票
2025-05-31 16:58:58,450 - root - INFO - 
投票最高的是 张大胆，得到 3 票
2025-05-31 16:59:05,587 - httpx - INFO - HTTP Request: POST https://api.toiotech.com/v1/chat/completions "HTTP/1.1 200 OK"
2025-05-31 16:59:05,587 - httpx - INFO - HTTP Request: POST https://api.toiotech.com/v1/chat/completions "HTTP/1.1 200 OK"
2025-05-31 16:59:17,894 - httpx - INFO - HTTP Request: POST https://api.toiotech.com/v1/chat/completions "HTTP/1.1 200 OK"
2025-05-31 16:59:17,894 - httpx - INFO - HTTP Request: POST https://api.toiotech.com/v1/chat/completions "HTTP/1.1 200 OK"
2025-05-31 16:59:32,308 - httpx - INFO - HTTP Request: POST https://api.toiotech.com/v1/chat/completions "HTTP/1.1 200 OK"
2025-05-31 16:59:32,308 - httpx - INFO - HTTP Request: POST https://api.toiotech.com/v1/chat/completions "HTTP/1.1 200 OK"
2025-05-31 16:59:35,382 - httpx - INFO - HTTP Request: POST https://api.toiotech.com/v1/chat/completions "HTTP/1.1 200 OK"
2025-05-31 16:59:35,382 - httpx - INFO - HTTP Request: POST https://api.toiotech.com/v1/chat/completions "HTTP/1.1 200 OK"
2025-05-31 16:59:35,383 - game.roles - INFO - 预言家查验了玩家 player2，结果是狼人
2025-05-31 16:59:35,383 - game.roles - INFO - 预言家查验了玩家 player2，结果是狼人
2025-05-31 16:59:35,383 - root - INFO - 能力使用: 玩家player3使用查验 正确
2025-05-31 16:59:35,383 - root - INFO - 能力使用: 玩家player3使用查验 正确
2025-05-31 16:59:42,875 - httpx - INFO - HTTP Request: POST https://api.toiotech.com/v1/chat/completions "HTTP/1.1 200 OK"
2025-05-31 16:59:42,875 - httpx - INFO - HTTP Request: POST https://api.toiotech.com/v1/chat/completions "HTTP/1.1 200 OK"
2025-05-31 16:59:42,876 - game.roles - INFO - 女巫使用了解药
2025-05-31 16:59:42,876 - game.roles - INFO - 女巫使用了解药
2025-05-31 16:59:42,877 - root - INFO - 能力使用: 玩家player4使用救人 正确
2025-05-31 16:59:42,877 - root - INFO - 能力使用: 玩家player4使用救人 正确
2025-05-31 17:00:00,693 - httpx - INFO - HTTP Request: POST https://api.toiotech.com/v1/chat/completions "HTTP/1.1 200 OK"
2025-05-31 17:00:00,693 - httpx - INFO - HTTP Request: POST https://api.toiotech.com/v1/chat/completions "HTTP/1.1 200 OK"
2025-05-31 17:00:11,867 - httpx - INFO - HTTP Request: POST https://api.toiotech.com/v1/chat/completions "HTTP/1.1 200 OK"
2025-05-31 17:00:11,867 - httpx - INFO - HTTP Request: POST https://api.toiotech.com/v1/chat/completions "HTTP/1.1 200 OK"
2025-05-31 17:00:38,681 - httpx - INFO - HTTP Request: POST https://api.toiotech.com/v1/chat/completions "HTTP/1.1 200 OK"
2025-05-31 17:00:38,681 - httpx - INFO - HTTP Request: POST https://api.toiotech.com/v1/chat/completions "HTTP/1.1 200 OK"
2025-05-31 17:00:47,797 - httpx - INFO - HTTP Request: POST https://api.toiotech.com/v1/chat/completions "HTTP/1.1 200 OK"
2025-05-31 17:00:47,797 - httpx - INFO - HTTP Request: POST https://api.toiotech.com/v1/chat/completions "HTTP/1.1 200 OK"
2025-05-31 17:01:08,299 - httpx - INFO - HTTP Request: POST https://api.toiotech.com/v1/chat/completions "HTTP/1.1 200 OK"
2025-05-31 17:01:08,299 - httpx - INFO - HTTP Request: POST https://api.toiotech.com/v1/chat/completions "HTTP/1.1 200 OK"
2025-05-31 17:02:02,507 - httpx - INFO - HTTP Request: POST https://api.toiotech.com/v1/chat/completions "HTTP/1.1 200 OK"
2025-05-31 17:02:02,507 - httpx - INFO - HTTP Request: POST https://api.toiotech.com/v1/chat/completions "HTTP/1.1 200 OK"
2025-05-31 17:03:06,843 - httpx - INFO - HTTP Request: POST https://api.toiotech.com/v1/chat/completions "HTTP/1.1 200 OK"
2025-05-31 17:03:06,843 - httpx - INFO - HTTP Request: POST https://api.toiotech.com/v1/chat/completions "HTTP/1.1 200 OK"
2025-05-31 17:03:26,430 - httpx - INFO - HTTP Request: POST https://api.toiotech.com/v1/chat/completions "HTTP/1.1 200 OK"
2025-05-31 17:03:26,430 - httpx - INFO - HTTP Request: POST https://api.toiotech.com/v1/chat/completions "HTTP/1.1 200 OK"
2025-05-31 17:03:56,061 - httpx - INFO - HTTP Request: POST https://api.toiotech.com/v1/chat/completions "HTTP/1.1 200 OK"
2025-05-31 17:03:56,061 - httpx - INFO - HTTP Request: POST https://api.toiotech.com/v1/chat/completions "HTTP/1.1 200 OK"
2025-05-31 17:04:19,687 - httpx - INFO - HTTP Request: POST https://api.toiotech.com/v1/chat/completions "HTTP/1.1 200 OK"
2025-05-31 17:04:19,687 - httpx - INFO - HTTP Request: POST https://api.toiotech.com/v1/chat/completions "HTTP/1.1 200 OK"
2025-05-31 17:04:36,300 - httpx - INFO - HTTP Request: POST https://api.toiotech.com/v1/chat/completions "HTTP/1.1 200 OK"
2025-05-31 17:04:36,300 - httpx - INFO - HTTP Request: POST https://api.toiotech.com/v1/chat/completions "HTTP/1.1 200 OK"
2025-05-31 17:04:55,243 - httpx - INFO - HTTP Request: POST https://api.toiotech.com/v1/chat/completions "HTTP/1.1 200 OK"
2025-05-31 17:04:55,243 - httpx - INFO - HTTP Request: POST https://api.toiotech.com/v1/chat/completions "HTTP/1.1 200 OK"
2025-05-31 17:05:49,138 - httpx - INFO - HTTP Request: POST https://api.toiotech.com/v1/chat/completions "HTTP/1.1 200 OK"
2025-05-31 17:05:49,138 - httpx - INFO - HTTP Request: POST https://api.toiotech.com/v1/chat/completions "HTTP/1.1 200 OK"
2025-05-31 17:06:50,750 - httpx - INFO - HTTP Request: POST https://api.toiotech.com/v1/chat/completions "HTTP/1.1 200 OK"
2025-05-31 17:06:50,750 - httpx - INFO - HTTP Request: POST https://api.toiotech.com/v1/chat/completions "HTTP/1.1 200 OK"
2025-05-31 17:06:51,261 - root - INFO - 
=== 第 2 回合讨论记录 ===
2025-05-31 17:06:51,261 - root - INFO - 
=== 第 2 回合讨论记录 ===
2025-05-31 17:06:51,261 - root - INFO - 李勇: 【缓缓站起身，右手扶着桌面，目光凝重地环视众人】各位，今天的局势确实很微妙。【左手无意识地摩挲着下巴，眉头微皱】我注意到钱强和王智的表现都很值得关注。【突然停下脚步，右手食指轻点太阳穴】钱强一直在观察每个人的反应，【身体微微前倾】这种过于细致的观察确实让人在意。【转头看向张大胆，眼神中带着询问】

【突然直起身子，双手抱胸】但王智的反常沉默更让我不安，【踱步到player3身后，故意停顿】他今天几乎没有主动发言，【右手突然握拳】这种刻意保持低调的行为反而更可疑。【嘴角微微上扬】

【回到座位重重坐下，手指在桌面上画着圈】不过我觉得，【突然拍桌站起】现在最需要关注的是周二的表现，【眼神变得锐利】他今天的发言太过圆滑，【右手不自觉地摸向腰间】一直在附和别人却很少提出自己的见解。【深吸一口气】

【缓缓坐下，双手交叉放在桌上】建议大家可以多留意这几位玩家的后续表现，【目光若有所思地望向天花板】毕竟现在信息还太少，【突然转头看向赵灵】我觉得赵灵的分析就很中肯，【露出赞许的微笑】她的发言逻辑性很强。【手指轻轻敲击扶手】

【身体前倾，压低声音】总之现在不能轻易下结论，【环视众人】但那些过于活跃或过于沉默的人都值得重点关注。【右手握拳轻捶桌面】希望明天能有更多线索浮现。
2025-05-31 17:06:51,261 - root - INFO - 李勇: 【缓缓站起身，右手扶着桌面，目光凝重地环视众人】各位，今天的局势确实很微妙。【左手无意识地摩挲着下巴，眉头微皱】我注意到钱强和王智的表现都很值得关注。【突然停下脚步，右手食指轻点太阳穴】钱强一直在观察每个人的反应，【身体微微前倾】这种过于细致的观察确实让人在意。【转头看向张大胆，眼神中带着询问】

【突然直起身子，双手抱胸】但王智的反常沉默更让我不安，【踱步到player3身后，故意停顿】他今天几乎没有主动发言，【右手突然握拳】这种刻意保持低调的行为反而更可疑。【嘴角微微上扬】

【回到座位重重坐下，手指在桌面上画着圈】不过我觉得，【突然拍桌站起】现在最需要关注的是周二的表现，【眼神变得锐利】他今天的发言太过圆滑，【右手不自觉地摸向腰间】一直在附和别人却很少提出自己的见解。【深吸一口气】

【缓缓坐下，双手交叉放在桌上】建议大家可以多留意这几位玩家的后续表现，【目光若有所思地望向天花板】毕竟现在信息还太少，【突然转头看向赵灵】我觉得赵灵的分析就很中肯，【露出赞许的微笑】她的发言逻辑性很强。【手指轻轻敲击扶手】

【身体前倾，压低声音】总之现在不能轻易下结论，【环视众人】但那些过于活跃或过于沉默的人都值得重点关注。【右手握拳轻捶桌面】希望明天能有更多线索浮现。
2025-05-31 17:06:51,261 - root - INFO - 王智: 我再次郑重声明【双手用力挥舞，神情严肃又坚定】，我是货真价实的seer。我查验出张大胆和李勇都是狼人。先看赵灵，她以女巫身份发言，却过于谨慎，多次提议观望，不断为狼人争取时间，还刻意暗示自己有药瓶来震慑好人，嫌疑极大。钱强看似中立，实则对赵灵维护得太刻意，很可能与赵灵是狼队友。孙一作为守卫，能敏锐指出赵灵的问题，提议保护我，行为较为合理。而张大胆至今沉默，被我指认身份后既不辩解也不反驳，典型的心虚表现。李勇全程发言不多，但从赵灵和钱强的表现来看，他们极有可能是一伙的。目前局势虽错综复杂，但只要好人团结起来，相信我的查验结果，今天先将张大胆投出局，再一步步揪出其他狼人，我们好人阵营定能获胜【目光坚定地环视众人，握拳鼓劲】。 
2025-05-31 17:06:51,261 - root - INFO - 王智: 我再次郑重声明【双手用力挥舞，神情严肃又坚定】，我是货真价实的seer。我查验出张大胆和李勇都是狼人。先看赵灵，她以女巫身份发言，却过于谨慎，多次提议观望，不断为狼人争取时间，还刻意暗示自己有药瓶来震慑好人，嫌疑极大。钱强看似中立，实则对赵灵维护得太刻意，很可能与赵灵是狼队友。孙一作为守卫，能敏锐指出赵灵的问题，提议保护我，行为较为合理。而张大胆至今沉默，被我指认身份后既不辩解也不反驳，典型的心虚表现。李勇全程发言不多，但从赵灵和钱强的表现来看，他们极有可能是一伙的。目前局势虽错综复杂，但只要好人团结起来，相信我的查验结果，今天先将张大胆投出局，再一步步揪出其他狼人，我们好人阵营定能获胜【目光坚定地环视众人，握拳鼓劲】。 
2025-05-31 17:06:51,262 - root - INFO - 赵灵: 【缓缓站起身，手指轻轻摩挲着药瓶，眼神在众人脸上来回扫视】各位，局势已经越来越明朗了。【突然冷笑一声，右手食指轻点太阳穴】让我来为大家剖析几个关键点：

【猛地转身指向王智，眼神锐利】王智的预言家身份实在漏洞百出！【左手托腮作思考状】首轮就精准指认张大胆，现在又突然说查验了李勇，这查验顺序完全不合常理！【突然拍桌】更可疑的是，他一直在催促大家投票，这分明是想快速减少好人数量！【身体前倾，压低声音】真正的预言家应该更注重收集信息，而不是急着带节奏。

【转身面对孙一，眯起眼睛】至于孙一...【突然提高音量】你自称守卫却一直针对我？【双手抱胸，冷笑】这反应太过激了！【手指轻点桌面】真正的守卫应该更关注保护对象，而不是像现在这样疯狂带节奏。【突然眼神一凛】你和王智的配合未免太默契了！

【踱步到钱强身边，语气缓和】钱强作为猎人，虽然发言还算中肯，【突然停顿】但...【凑近低声说】你对局势的判断太过犹豫，这种摇摆不定的态度反而更可疑。

【突然转身面对所有人，摊开双手】最关键的证据是...【眼神变得凌厉】张大胆的持续沉默！【右手握拳】如果他是真狼人，被指认后早该跳脚了；如果是好人被冤枉，也该愤怒反驳。【从腰间取出毒药瓶把玩】这种反常的沉默，恰恰说明...

【竖起一根手指】第一，王智和孙一极可能是狼队友，一个悍跳预言家，一个假扮守卫；【又竖起第二根手指】第二，张大胆很可能是被推出来挡刀的平民；【突然握紧毒药瓶】第三...【意味深长地环视】钱强的中立立场太过刻意，需要重点关注！

【最后优雅地坐回座位，手指交叉】作为女巫，我建议：【眼神突然变得锐利】今晚我会用毒药解决最可疑的人，至于解药...【神秘一笑】要看谁值得我救。让我们...【突然提高音量】先投王智出局，撕破狼人的伪装！
2025-05-31 17:06:51,262 - root - INFO - 赵灵: 【缓缓站起身，手指轻轻摩挲着药瓶，眼神在众人脸上来回扫视】各位，局势已经越来越明朗了。【突然冷笑一声，右手食指轻点太阳穴】让我来为大家剖析几个关键点：

【猛地转身指向王智，眼神锐利】王智的预言家身份实在漏洞百出！【左手托腮作思考状】首轮就精准指认张大胆，现在又突然说查验了李勇，这查验顺序完全不合常理！【突然拍桌】更可疑的是，他一直在催促大家投票，这分明是想快速减少好人数量！【身体前倾，压低声音】真正的预言家应该更注重收集信息，而不是急着带节奏。

【转身面对孙一，眯起眼睛】至于孙一...【突然提高音量】你自称守卫却一直针对我？【双手抱胸，冷笑】这反应太过激了！【手指轻点桌面】真正的守卫应该更关注保护对象，而不是像现在这样疯狂带节奏。【突然眼神一凛】你和王智的配合未免太默契了！

【踱步到钱强身边，语气缓和】钱强作为猎人，虽然发言还算中肯，【突然停顿】但...【凑近低声说】你对局势的判断太过犹豫，这种摇摆不定的态度反而更可疑。

【突然转身面对所有人，摊开双手】最关键的证据是...【眼神变得凌厉】张大胆的持续沉默！【右手握拳】如果他是真狼人，被指认后早该跳脚了；如果是好人被冤枉，也该愤怒反驳。【从腰间取出毒药瓶把玩】这种反常的沉默，恰恰说明...

【竖起一根手指】第一，王智和孙一极可能是狼队友，一个悍跳预言家，一个假扮守卫；【又竖起第二根手指】第二，张大胆很可能是被推出来挡刀的平民；【突然握紧毒药瓶】第三...【意味深长地环视】钱强的中立立场太过刻意，需要重点关注！

【最后优雅地坐回座位，手指交叉】作为女巫，我建议：【眼神突然变得锐利】今晚我会用毒药解决最可疑的人，至于解药...【神秘一笑】要看谁值得我救。让我们...【突然提高音量】先投王智出局，撕破狼人的伪装！
2025-05-31 17:06:51,262 - root - INFO - 钱强: 【双手抱胸，微微低头，沉思片刻后缓缓抬起头，目光在众人脸上一一扫过】听了大家的发言，我越发觉得这局势扑朔迷离。王智首轮就急切跳预言家指认张大胆，之后又说查验出李勇也是狼人，查验顺序确实不合常理，很有狼人悍跳带节奏的嫌疑。赵灵虽以女巫身份发言谨慎，可孙一质疑她为狼人争取时间也并非毫无道理，她还多次暗示自己有药瓶震慑好人，行为可疑。孙一作为守卫，过于急切地针对赵灵，疯狂带节奏，和王智配合默契，同样值得怀疑。张大胆一直沉默，不管是哪种身份，这种反应都不正常。目前局势混乱，各方说法都有破绽。我认为咱们不能轻易投票，还是要从更多细节入手。我作为猎人，猎枪会瞄准最可疑之人，大家务必保持谨慎，仔细分辨，千万别被狼人误导，只有这样，我们好人阵营才有机会赢得这局游戏。 
2025-05-31 17:06:51,262 - root - INFO - 钱强: 【双手抱胸，微微低头，沉思片刻后缓缓抬起头，目光在众人脸上一一扫过】听了大家的发言，我越发觉得这局势扑朔迷离。王智首轮就急切跳预言家指认张大胆，之后又说查验出李勇也是狼人，查验顺序确实不合常理，很有狼人悍跳带节奏的嫌疑。赵灵虽以女巫身份发言谨慎，可孙一质疑她为狼人争取时间也并非毫无道理，她还多次暗示自己有药瓶震慑好人，行为可疑。孙一作为守卫，过于急切地针对赵灵，疯狂带节奏，和王智配合默契，同样值得怀疑。张大胆一直沉默，不管是哪种身份，这种反应都不正常。目前局势混乱，各方说法都有破绽。我认为咱们不能轻易投票，还是要从更多细节入手。我作为猎人，猎枪会瞄准最可疑之人，大家务必保持谨慎，仔细分辨，千万别被狼人误导，只有这样，我们好人阵营才有机会赢得这局游戏。 
2025-05-31 17:06:51,262 - root - INFO - 孙一: 【缓缓站起身，右手紧握佩剑，左手撑在桌面上，目光如鹰隼般锐利地扫视全场】诸位，经过两轮的激烈讨论，局势已经逐渐明朗！【左手不自觉地摩挲着剑鞘，眉头紧锁】

【踱步到王智身边，突然停下脚步】王智的预言家身份确实存在疑点，【右手食指轻点太阳穴】他首轮就跳预言家太过急切，而且查验顺序不合常理。【突然转身指向赵灵】但是！【提高音量】赵灵的表现更加可疑！她自称女巫却处处为狼人争取时间，【冷笑一声】每次发言都要摆弄那个药瓶，这分明是在虚张声势！

【快步走向钱强，眼神变得凌厉】钱强看似中立，【右手猛地拍在他肩上】但他对赵灵的维护太过刻意！【突然压低声音】作为猎人，这种暧昧态度实在反常！【转身面对众人，右手握拳重重砸在左手掌心】

【突然拔出佩剑插在地上，单膝跪地】以守卫之名起誓！【抬头环视众人】我注意到三个关键细节：第一，赵灵始终回避直接回应质疑；第二，钱强的中立立场太过完美；第三，张大胆的沉默恰恰证明他是被推出来挡刀的平民！

【缓缓站起，剑尖直指赵灵】现在我完全确信：【声音铿锵有力】赵灵和钱强就是那两匹隐藏最深的狼！【收剑入鞘，右手抚胸】今晚我必定守护王智，若他是真预言家，绝不能让他被刀！

【最后环视全场，语气凝重】建议好人阵营今天先投赵灵出局，【右手重重按在桌上】守卫在此立誓，必将守护好人到最后一刻！让我们齐心协力，揪出这些狡猾的狼人！
2025-05-31 17:06:51,262 - root - INFO - 孙一: 【缓缓站起身，右手紧握佩剑，左手撑在桌面上，目光如鹰隼般锐利地扫视全场】诸位，经过两轮的激烈讨论，局势已经逐渐明朗！【左手不自觉地摩挲着剑鞘，眉头紧锁】

【踱步到王智身边，突然停下脚步】王智的预言家身份确实存在疑点，【右手食指轻点太阳穴】他首轮就跳预言家太过急切，而且查验顺序不合常理。【突然转身指向赵灵】但是！【提高音量】赵灵的表现更加可疑！她自称女巫却处处为狼人争取时间，【冷笑一声】每次发言都要摆弄那个药瓶，这分明是在虚张声势！

【快步走向钱强，眼神变得凌厉】钱强看似中立，【右手猛地拍在他肩上】但他对赵灵的维护太过刻意！【突然压低声音】作为猎人，这种暧昧态度实在反常！【转身面对众人，右手握拳重重砸在左手掌心】

【突然拔出佩剑插在地上，单膝跪地】以守卫之名起誓！【抬头环视众人】我注意到三个关键细节：第一，赵灵始终回避直接回应质疑；第二，钱强的中立立场太过完美；第三，张大胆的沉默恰恰证明他是被推出来挡刀的平民！

【缓缓站起，剑尖直指赵灵】现在我完全确信：【声音铿锵有力】赵灵和钱强就是那两匹隐藏最深的狼！【收剑入鞘，右手抚胸】今晚我必定守护王智，若他是真预言家，绝不能让他被刀！

【最后环视全场，语气凝重】建议好人阵营今天先投赵灵出局，【右手重重按在桌上】守卫在此立誓，必将守护好人到最后一刻！让我们齐心协力，揪出这些狡猾的狼人！
2025-05-31 17:06:51,262 - root - INFO - 周二: 

【手指无意识地摩挲着木桌边缘，目光依次扫过王智、孙一和赵灵的方向，眉头渐渐拧成一道川字】各位，我这普通村民现在越听越觉得有股子不对劲的味儿。先来说说王智（player3）——首夜跳预言家查杀张大胆（player1），这事儿本身不稀奇，但他第二轮突然补充说"查验了李勇（player2）也是狼人"，这查验顺序实在蹊跷【突然坐直身子，指尖重重叩了叩桌面】！真预言家首夜验人通常会选发言活跃或身份存疑的玩家，哪有一上来就连续查杀两个存在感极低的角色？更可疑的是，他从第一轮开始就反复催促"今天先投张大胆出局"，这种急着推人下水的架势，倒像狼人在赶进度【身体前倾，眼神锐利地盯着王智】。

再看孙一（player6）这守卫【突然转身盯着孙一，右手不自觉地攥成拳抵在腰间】，开口闭口就要投赵灵（player4）出局。守卫的本分是守人，不是带人节奏吧？【右手猛地拍了下桌子，声音拔高】他说赵灵"摆弄药瓶是虚张声势"，可女巫首夜保留解药本就是常规操作——狼人正盯着预言家下刀，这时候暴露女巫身份才危险！反倒是孙一，每次发言都剑拔弩张，和王智一唱一和【手指在王智和孙一之间来回点动】，王智说赵灵"拖延时间"，孙一立刻接话"赵灵是狼"；王智说要保护自己，孙一马上立誓"今晚守王智"。这配合也太默契了吧？【冷笑一声，眼神里带着几分审视】我玩了这么多局，真守卫哪会一上来就追着女巫咬？他这更像狼人在搅浑水，想把水泼到神职身上，好让狼队趁机躲过去！

赵灵（player4）的女巫发言倒让我觉得踏实【转头看向赵灵，嘴角扯出一抹淡笑】。她反复强调"观望"、"保留药剂"，乍一听像划水，可细想完全符合女巫的生存逻辑——首夜信息少，随便救人容易暴露身份，狼人正等着刀预言家呢，这时候藏着解药反而是保护。她指出王智"查验顺序不合常理"、"孙一和王智配合太默契"，这才是真神职该有的敏锐【身体微微后仰，手指轻轻敲击桌面】。

最关键的还是张大胆（player1）！【突然提高音量，身体微微发抖】他被王智查杀到现在连个反驳都没有【手指直戳张大胆的方向】——要是真狼人，早该跳脚说王智是悍跳了；要是被冤枉的平民，早该拍着胸脯喊"我是好人"了。这种反常的沉默，倒像被王智这头狼选中当替死鬼了！【深吸一口气，双手撑在桌上，眼神扫过全场】

现在局势明摆着：要么王智是真预言家，张大胆是狼，但他临时加查李勇的操作太可疑；要么王智是狼悍跳，孙一就是他的狼队友，俩狼在互保带节奏！赵灵的女巫逻辑没毛病，孙一的守卫行为却漏洞百出【手指缓缓指向孙一，语气冷得像冰碴】。我建议今天先别急着投张大胆，反倒是王智和孙一的发言更值得盘——王智要是真预言家，怎么连基本的验人逻辑都不讲？孙一要是真守卫，怎么比狼人还急着推神职出局？【突然坐直身子，目光灼灼】各位好人支棱起来！仔细看、仔细听，别被这俩狼的戏码骗了！
2025-05-31 17:06:51,262 - root - INFO - 周二: 

【手指无意识地摩挲着木桌边缘，目光依次扫过王智、孙一和赵灵的方向，眉头渐渐拧成一道川字】各位，我这普通村民现在越听越觉得有股子不对劲的味儿。先来说说王智（player3）——首夜跳预言家查杀张大胆（player1），这事儿本身不稀奇，但他第二轮突然补充说"查验了李勇（player2）也是狼人"，这查验顺序实在蹊跷【突然坐直身子，指尖重重叩了叩桌面】！真预言家首夜验人通常会选发言活跃或身份存疑的玩家，哪有一上来就连续查杀两个存在感极低的角色？更可疑的是，他从第一轮开始就反复催促"今天先投张大胆出局"，这种急着推人下水的架势，倒像狼人在赶进度【身体前倾，眼神锐利地盯着王智】。

再看孙一（player6）这守卫【突然转身盯着孙一，右手不自觉地攥成拳抵在腰间】，开口闭口就要投赵灵（player4）出局。守卫的本分是守人，不是带人节奏吧？【右手猛地拍了下桌子，声音拔高】他说赵灵"摆弄药瓶是虚张声势"，可女巫首夜保留解药本就是常规操作——狼人正盯着预言家下刀，这时候暴露女巫身份才危险！反倒是孙一，每次发言都剑拔弩张，和王智一唱一和【手指在王智和孙一之间来回点动】，王智说赵灵"拖延时间"，孙一立刻接话"赵灵是狼"；王智说要保护自己，孙一马上立誓"今晚守王智"。这配合也太默契了吧？【冷笑一声，眼神里带着几分审视】我玩了这么多局，真守卫哪会一上来就追着女巫咬？他这更像狼人在搅浑水，想把水泼到神职身上，好让狼队趁机躲过去！

赵灵（player4）的女巫发言倒让我觉得踏实【转头看向赵灵，嘴角扯出一抹淡笑】。她反复强调"观望"、"保留药剂"，乍一听像划水，可细想完全符合女巫的生存逻辑——首夜信息少，随便救人容易暴露身份，狼人正等着刀预言家呢，这时候藏着解药反而是保护。她指出王智"查验顺序不合常理"、"孙一和王智配合太默契"，这才是真神职该有的敏锐【身体微微后仰，手指轻轻敲击桌面】。

最关键的还是张大胆（player1）！【突然提高音量，身体微微发抖】他被王智查杀到现在连个反驳都没有【手指直戳张大胆的方向】——要是真狼人，早该跳脚说王智是悍跳了；要是被冤枉的平民，早该拍着胸脯喊"我是好人"了。这种反常的沉默，倒像被王智这头狼选中当替死鬼了！【深吸一口气，双手撑在桌上，眼神扫过全场】

现在局势明摆着：要么王智是真预言家，张大胆是狼，但他临时加查李勇的操作太可疑；要么王智是狼悍跳，孙一就是他的狼队友，俩狼在互保带节奏！赵灵的女巫逻辑没毛病，孙一的守卫行为却漏洞百出【手指缓缓指向孙一，语气冷得像冰碴】。我建议今天先别急着投张大胆，反倒是王智和孙一的发言更值得盘——王智要是真预言家，怎么连基本的验人逻辑都不讲？孙一要是真守卫，怎么比狼人还急着推神职出局？【突然坐直身子，目光灼灼】各位好人支棱起来！仔细看、仔细听，别被这俩狼的戏码骗了！
2025-05-31 17:06:51,262 - root - INFO - 吴三: 

【粗糙的手指无意识地搓了搓后颈，从长条木凳上直起腰板，目光先扫过沉默的张大胆，又缓缓转向王智】各位，咱庄稼汉说话直，这两轮听下来，我这脑子倒比刚开局时更清醒了些——有些事儿，越搅和越能看出门道。  

先说王智兄弟【冲王智拱了拱手，眉头皱成个疙瘩】，你首回合跳预言家查杀张大胆，这招够狠，可今儿又突然说连李勇也是狼人，这查验顺序实在蹊跷！【弯腰用指节敲了敲桌板，嗓门儿提了两分】真预言家首夜验人，要么验熟手摸底，要么验新手防狼，哪有一上来就认准张大胆，第二夜又急吼吼验李勇的？难不成你昨夜蹲他窗根儿底下瞅见他变身狼人了？【突然咧嘴笑了下，又板起脸】更可疑的是，你总催着大伙儿投票，真预言家该是急着让好人信你，还是急着把人投出去？我看你这“预言家”当得太急，倒像狼崽子怕夜长梦多，急着灭口！  

再看孙一兄弟【转身看向孙一，手指重重戳了戳空气】！【猛地站起身，粗布短衫被带得簌簌响】你说你是守卫，倒好，刚开局就喊着要守王智，把守护目标明明白白亮出来——狼崽子今晚要是想刀预言家，直接照着王智下黑手就行，你这守卫当得是护人还是害人？【又气又急地拍了下大腿】更离谱的是你急着推赵灵出局，人家女巫首夜藏着解药不使，那是怕救了狼崽子，多稳妥的事儿！你倒说人“拖延时间”，合着你恨不得今天就把好人全投出去？【突然压低声音凑近众人，眼神锐利】我看呐，你俩（王智、孙一）配合得倒默契，一个跳预言家带节奏，一个跳守卫当帮凶，十有八九是狼崽子一伙儿的！  

赵灵妹子【冲赵灵点点头，眼神缓和了些】的话我听着实在，女巫首夜用药是赌命，咱们庄稼人下地还知道看天气呢，她谨慎些有啥错？【伸手挠了挠后脑勺，露出困惑神色】可她总摆弄药瓶吓唬人，倒像怕人不信她是女巫——真女巫哪用得着这么急着证明自己？  

最扎眼的还是张大胆【扭头盯着张大胆的方向，嗓门儿陡然拔高】！你被王智查杀到现在，连个响屁都没放！要是狼人被戳穿，早该跳脚喊冤或者反咬预言家了；要是好人被冤枉，也该拍桌子骂王智瞎眼。你倒好，像块儿哑木头似的杵着，要么是被戳中命门心虚，要么...【眯起眼瞥了王智一眼】保不准是有人故意拿你当靶子使！  

【深吸一口气，双手撑在桌上往前探身，脸上的皱纹绷得紧紧的】我看呐，今儿最该盯紧的是王智和孙一！一个急着带节奏投人，一个急着当“守卫”保他，他俩要是清白的，咋就容不得大伙儿多问两句？至于张大胆，等他开口再说——他要是能说出个一二三来，王智这预言家身份就得扔粪坑里；要是还支支吾吾，那王智倒可能是真预言家。【重重坐回木凳，双手抱在胸前，目光灼灼地扫过王智和孙一】咱们庄稼人最恨撒谎的，谁的话站不住脚，我吴三第一个举票！
2025-05-31 17:06:51,262 - root - INFO - 吴三: 

【粗糙的手指无意识地搓了搓后颈，从长条木凳上直起腰板，目光先扫过沉默的张大胆，又缓缓转向王智】各位，咱庄稼汉说话直，这两轮听下来，我这脑子倒比刚开局时更清醒了些——有些事儿，越搅和越能看出门道。  

先说王智兄弟【冲王智拱了拱手，眉头皱成个疙瘩】，你首回合跳预言家查杀张大胆，这招够狠，可今儿又突然说连李勇也是狼人，这查验顺序实在蹊跷！【弯腰用指节敲了敲桌板，嗓门儿提了两分】真预言家首夜验人，要么验熟手摸底，要么验新手防狼，哪有一上来就认准张大胆，第二夜又急吼吼验李勇的？难不成你昨夜蹲他窗根儿底下瞅见他变身狼人了？【突然咧嘴笑了下，又板起脸】更可疑的是，你总催着大伙儿投票，真预言家该是急着让好人信你，还是急着把人投出去？我看你这“预言家”当得太急，倒像狼崽子怕夜长梦多，急着灭口！  

再看孙一兄弟【转身看向孙一，手指重重戳了戳空气】！【猛地站起身，粗布短衫被带得簌簌响】你说你是守卫，倒好，刚开局就喊着要守王智，把守护目标明明白白亮出来——狼崽子今晚要是想刀预言家，直接照着王智下黑手就行，你这守卫当得是护人还是害人？【又气又急地拍了下大腿】更离谱的是你急着推赵灵出局，人家女巫首夜藏着解药不使，那是怕救了狼崽子，多稳妥的事儿！你倒说人“拖延时间”，合着你恨不得今天就把好人全投出去？【突然压低声音凑近众人，眼神锐利】我看呐，你俩（王智、孙一）配合得倒默契，一个跳预言家带节奏，一个跳守卫当帮凶，十有八九是狼崽子一伙儿的！  

赵灵妹子【冲赵灵点点头，眼神缓和了些】的话我听着实在，女巫首夜用药是赌命，咱们庄稼人下地还知道看天气呢，她谨慎些有啥错？【伸手挠了挠后脑勺，露出困惑神色】可她总摆弄药瓶吓唬人，倒像怕人不信她是女巫——真女巫哪用得着这么急着证明自己？  

最扎眼的还是张大胆【扭头盯着张大胆的方向，嗓门儿陡然拔高】！你被王智查杀到现在，连个响屁都没放！要是狼人被戳穿，早该跳脚喊冤或者反咬预言家了；要是好人被冤枉，也该拍桌子骂王智瞎眼。你倒好，像块儿哑木头似的杵着，要么是被戳中命门心虚，要么...【眯起眼瞥了王智一眼】保不准是有人故意拿你当靶子使！  

【深吸一口气，双手撑在桌上往前探身，脸上的皱纹绷得紧紧的】我看呐，今儿最该盯紧的是王智和孙一！一个急着带节奏投人，一个急着当“守卫”保他，他俩要是清白的，咋就容不得大伙儿多问两句？至于张大胆，等他开口再说——他要是能说出个一二三来，王智这预言家身份就得扔粪坑里；要是还支支吾吾，那王智倒可能是真预言家。【重重坐回木凳，双手抱在胸前，目光灼灼地扫过王智和孙一】咱们庄稼人最恨撒谎的，谁的话站不住脚，我吴三第一个举票！
2025-05-31 17:06:51,263 - root - INFO - 李勇: 【缓缓站起身，右手扶着额头做思考状，目光在众人脸上来回扫视】各位，今天的局势确实让人有些困惑。【左手无意识地敲击着桌面，节奏时快时慢】我注意到钱强和王智的表现都很值得玩味。【突然停下敲击，身体微微前倾】

【右手食指轻点太阳穴，眉头紧锁】钱强一直在观察每个人的反应，【突然提高音量】这种过于细致的观察确实让人在意。【转头环视众人，眼神变得锐利】但更让我在意的是周二的发言，【右手突然握拳】他一直在附和别人却很少提出自己的见解。

【踱步到player7身后，故意停顿】这种圆滑的表现反而更可疑，【嘴角微微上扬】毕竟在这种游戏中，【突然转身面对所有人】过于随波逐流的人往往别有用心。【双手抱胸，身体微微后仰】

【回到座位重重坐下，手指在桌面上画着圈】不过我觉得，【突然拍桌站起】现在最需要关注的是那些行为反常的玩家，【眼神若有所思地望向天花板】无论是过于活跃还是过于沉默的。【右手不自觉地摸向腰间】

【深吸一口气，缓缓坐下】建议大家可以多留意这几位玩家的后续表现，【目光在钱强和周二之间来回移动】毕竟现在信息还太少，【突然转头看向赵灵】但我觉得赵灵的分析就很中肯。【露出赞许的微笑】

【身体前倾，压低声音】总之现在不能轻易下结论，【环视众人】但那些行为反常的人都值得重点关注。【右手握拳轻捶桌面】希望明天能有更多线索浮现。
2025-05-31 17:06:51,263 - root - INFO - 李勇: 【缓缓站起身，右手扶着额头做思考状，目光在众人脸上来回扫视】各位，今天的局势确实让人有些困惑。【左手无意识地敲击着桌面，节奏时快时慢】我注意到钱强和王智的表现都很值得玩味。【突然停下敲击，身体微微前倾】

【右手食指轻点太阳穴，眉头紧锁】钱强一直在观察每个人的反应，【突然提高音量】这种过于细致的观察确实让人在意。【转头环视众人，眼神变得锐利】但更让我在意的是周二的发言，【右手突然握拳】他一直在附和别人却很少提出自己的见解。

【踱步到player7身后，故意停顿】这种圆滑的表现反而更可疑，【嘴角微微上扬】毕竟在这种游戏中，【突然转身面对所有人】过于随波逐流的人往往别有用心。【双手抱胸，身体微微后仰】

【回到座位重重坐下，手指在桌面上画着圈】不过我觉得，【突然拍桌站起】现在最需要关注的是那些行为反常的玩家，【眼神若有所思地望向天花板】无论是过于活跃还是过于沉默的。【右手不自觉地摸向腰间】

【深吸一口气，缓缓坐下】建议大家可以多留意这几位玩家的后续表现，【目光在钱强和周二之间来回移动】毕竟现在信息还太少，【突然转头看向赵灵】但我觉得赵灵的分析就很中肯。【露出赞许的微笑】

【身体前倾，压低声音】总之现在不能轻易下结论，【环视众人】但那些行为反常的人都值得重点关注。【右手握拳轻捶桌面】希望明天能有更多线索浮现。
2025-05-31 17:06:51,263 - root - INFO - 王智: 各位听我说【双手在空中用力挥舞，试图引起大家的全部注意力，眼神严肃且充满坚定】！从目前的局势来看，我作为货真价实的seer，查验出张大胆和李勇是狼人，这是确凿无疑的信息。先看赵灵，她以女巫身份发言，却一直过于谨慎，反复提议观望，还刻意摆弄药瓶暗示自己有特殊身份来震慑好人，很明显是在为狼人争取时间，嫌疑极大【眼神犀利地盯着赵灵】。钱强看似中立，可对赵灵维护得太刻意，这绝不是巧合，极有可能他俩就是狼队友。孙一作为守卫，能敏锐指出赵灵的问题并提议保护我，行为较为合理可信。而张大胆一直沉默，被指认身份后既不辩解也不反驳，就是典型的心虚表现，坐实了狼人的身份。李勇发言不多，但结合赵灵和钱强的表现，他们很可能是一伙的。局势虽然错综复杂，但只要我们好人团结起来，相信我的查验结果，今天先把张大胆投出局，后续再一步步揪出其他狼人，好人阵营定能获胜，大家千万不要被狼人误导【目光坚定地环视众人，握拳为大家鼓劲】！ 
2025-05-31 17:06:51,263 - root - INFO - 王智: 各位听我说【双手在空中用力挥舞，试图引起大家的全部注意力，眼神严肃且充满坚定】！从目前的局势来看，我作为货真价实的seer，查验出张大胆和李勇是狼人，这是确凿无疑的信息。先看赵灵，她以女巫身份发言，却一直过于谨慎，反复提议观望，还刻意摆弄药瓶暗示自己有特殊身份来震慑好人，很明显是在为狼人争取时间，嫌疑极大【眼神犀利地盯着赵灵】。钱强看似中立，可对赵灵维护得太刻意，这绝不是巧合，极有可能他俩就是狼队友。孙一作为守卫，能敏锐指出赵灵的问题并提议保护我，行为较为合理可信。而张大胆一直沉默，被指认身份后既不辩解也不反驳，就是典型的心虚表现，坐实了狼人的身份。李勇发言不多，但结合赵灵和钱强的表现，他们很可能是一伙的。局势虽然错综复杂，但只要我们好人团结起来，相信我的查验结果，今天先把张大胆投出局，后续再一步步揪出其他狼人，好人阵营定能获胜，大家千万不要被狼人误导【目光坚定地环视众人，握拳为大家鼓劲】！ 
2025-05-31 17:06:51,263 - root - INFO - 赵灵: 【缓缓站起身，手指轻轻摩挲着药瓶，眼神在众人脸上来回扫视】各位，局势已经非常明朗了。【突然冷笑一声，右手食指轻点太阳穴】让我来为大家做最后的分析：

【猛地转身指向王智，眼神锐利】王智的预言家身份漏洞百出！【左手托腮作思考状】首轮就精准指认张大胆，现在又突然说查验了李勇，这查验顺序完全不合常理！【突然拍桌】更可疑的是，他一直在催促大家投票，这分明是想快速减少好人数量！【身体前倾，压低声音】真正的预言家应该更注重收集信息，而不是急着带节奏。

【转身面对孙一，眯起眼睛】至于孙一...【突然提高音量】你自称守卫却一直针对我？【双手抱胸，冷笑】这反应太过激了！【手指轻点桌面】真正的守卫应该更关注保护对象，而不是像现在这样疯狂带节奏。【突然眼神一凛】你和王智的配合未免太默契了！

【踱步到钱强身边，语气缓和】钱强作为猎人，虽然发言还算中肯，【突然停顿】但...【凑近低声说】你对局势的判断太过犹豫，这种摇摆不定的态度反而更可疑。

【突然转身面对所有人，摊开双手】最关键的证据是...【眼神变得凌厉】张大胆的持续沉默！【右手握拳】如果他是真狼人，被指认后早该跳脚了；如果是好人被冤枉，也该愤怒反驳。【从腰间取出毒药瓶把玩】这种反常的沉默，恰恰说明...

【竖起一根手指】第一，王智和孙一极可能是狼队友，一个悍跳预言家，一个假扮守卫；【又竖起第二根手指】第二，张大胆很可能是被推出来挡刀的平民；【突然握紧毒药瓶】第三...【意味深长地环视】钱强的中立立场太过刻意，需要重点关注！

【最后优雅地坐回座位，手指交叉】作为女巫，我建议：【眼神突然变得锐利】今晚我会用毒药解决最可疑的人，至于解药...【神秘一笑】要看谁值得我救。让我们...【突然提高音量】先投王智出局，撕破狼人的伪装！
2025-05-31 17:06:51,263 - root - INFO - 赵灵: 【缓缓站起身，手指轻轻摩挲着药瓶，眼神在众人脸上来回扫视】各位，局势已经非常明朗了。【突然冷笑一声，右手食指轻点太阳穴】让我来为大家做最后的分析：

【猛地转身指向王智，眼神锐利】王智的预言家身份漏洞百出！【左手托腮作思考状】首轮就精准指认张大胆，现在又突然说查验了李勇，这查验顺序完全不合常理！【突然拍桌】更可疑的是，他一直在催促大家投票，这分明是想快速减少好人数量！【身体前倾，压低声音】真正的预言家应该更注重收集信息，而不是急着带节奏。

【转身面对孙一，眯起眼睛】至于孙一...【突然提高音量】你自称守卫却一直针对我？【双手抱胸，冷笑】这反应太过激了！【手指轻点桌面】真正的守卫应该更关注保护对象，而不是像现在这样疯狂带节奏。【突然眼神一凛】你和王智的配合未免太默契了！

【踱步到钱强身边，语气缓和】钱强作为猎人，虽然发言还算中肯，【突然停顿】但...【凑近低声说】你对局势的判断太过犹豫，这种摇摆不定的态度反而更可疑。

【突然转身面对所有人，摊开双手】最关键的证据是...【眼神变得凌厉】张大胆的持续沉默！【右手握拳】如果他是真狼人，被指认后早该跳脚了；如果是好人被冤枉，也该愤怒反驳。【从腰间取出毒药瓶把玩】这种反常的沉默，恰恰说明...

【竖起一根手指】第一，王智和孙一极可能是狼队友，一个悍跳预言家，一个假扮守卫；【又竖起第二根手指】第二，张大胆很可能是被推出来挡刀的平民；【突然握紧毒药瓶】第三...【意味深长地环视】钱强的中立立场太过刻意，需要重点关注！

【最后优雅地坐回座位，手指交叉】作为女巫，我建议：【眼神突然变得锐利】今晚我会用毒药解决最可疑的人，至于解药...【神秘一笑】要看谁值得我救。让我们...【突然提高音量】先投王智出局，撕破狼人的伪装！
2025-05-31 17:06:51,263 - root - INFO - 钱强: 【双手抱胸，缓缓在众人面前踱步，目光严肃地审视着每一个人】从目前的情况来看，局势确实极为复杂。王智首轮就急切跳预言家，先指认张大胆，又突然说查验出李勇是狼人，这查验顺序实在不合常理，很有狼人悍跳带节奏的嫌疑。赵灵以女巫身份发言过于谨慎，还多次摆弄药瓶暗示自己有特殊身份，孙一质疑她为狼人争取时间并非毫无道理。而孙一作为守卫，过于急切地针对赵灵，和王智配合默契，同样值得怀疑。张大胆一直沉默，不管是心虚还是被冤枉不知如何说，这种反应都很不正常。目前各方说法都破绽百出，让人难以抉择。我觉得咱们不能轻易投票，必须从更多细节入手。我作为猎人，猎枪会时刻瞄准最可疑之人。大家务必保持高度警惕，仔细分辨每个人的言辞和行为，千万别被狼人误导，只有这样，我们好人阵营才有机会赢得这局游戏。 
2025-05-31 17:06:51,263 - root - INFO - 钱强: 【双手抱胸，缓缓在众人面前踱步，目光严肃地审视着每一个人】从目前的情况来看，局势确实极为复杂。王智首轮就急切跳预言家，先指认张大胆，又突然说查验出李勇是狼人，这查验顺序实在不合常理，很有狼人悍跳带节奏的嫌疑。赵灵以女巫身份发言过于谨慎，还多次摆弄药瓶暗示自己有特殊身份，孙一质疑她为狼人争取时间并非毫无道理。而孙一作为守卫，过于急切地针对赵灵，和王智配合默契，同样值得怀疑。张大胆一直沉默，不管是心虚还是被冤枉不知如何说，这种反应都很不正常。目前各方说法都破绽百出，让人难以抉择。我觉得咱们不能轻易投票，必须从更多细节入手。我作为猎人，猎枪会时刻瞄准最可疑之人。大家务必保持高度警惕，仔细分辨每个人的言辞和行为，千万别被狼人误导，只有这样，我们好人阵营才有机会赢得这局游戏。 
2025-05-31 17:06:51,263 - root - INFO - 孙一: 【缓缓站起身，右手紧握佩剑，左手撑在桌面上，目光如炬地扫视全场】诸位，经过两轮的激烈交锋，局势已经愈发清晰！【左手不自觉地摩挲着剑鞘，眉头紧锁】

【踱步到王智身边，突然停下脚步】王智的预言家身份确实存在疑点，【右手食指轻点太阳穴】他首轮就跳预言家太过急切，而且查验顺序不合常理。【突然转身指向赵灵】但是！【提高音量】赵灵的表现更加可疑！她自称女巫却处处为狼人争取时间，【冷笑一声】每次发言都要摆弄那个药瓶，这分明是在虚张声势！

【快步走向钱强，眼神变得凌厉】钱强看似中立，【右手猛地拍在他肩上】但他对赵灵的维护太过刻意！【突然压低声音】作为猎人，这种暧昧态度实在反常！【转身面对众人，右手握拳重重砸在左手掌心】

【突然拔出佩剑插在地上，单膝跪地】以守卫之名起誓！【抬头环视众人】我注意到三个关键细节：第一，赵灵始终回避直接回应质疑；第二，钱强的中立立场太过完美；第三，张大胆的沉默恰恰证明他是被推出来挡刀的平民！

【缓缓站起，剑尖直指赵灵】现在我完全确信：【声音铿锵有力】赵灵和钱强就是那两匹隐藏最深的狼！【收剑入鞘，右手抚胸】今晚我必定守护王智，若他是真预言家，绝不能让他被刀！

【最后环视全场，语气凝重】建议好人阵营今天先投赵灵出局，【右手重重按在桌上】守卫在此立誓，必将守护好人到最后一刻！让我们齐心协力，揪出这些狡猾的狼人！
2025-05-31 17:06:51,263 - root - INFO - 孙一: 【缓缓站起身，右手紧握佩剑，左手撑在桌面上，目光如炬地扫视全场】诸位，经过两轮的激烈交锋，局势已经愈发清晰！【左手不自觉地摩挲着剑鞘，眉头紧锁】

【踱步到王智身边，突然停下脚步】王智的预言家身份确实存在疑点，【右手食指轻点太阳穴】他首轮就跳预言家太过急切，而且查验顺序不合常理。【突然转身指向赵灵】但是！【提高音量】赵灵的表现更加可疑！她自称女巫却处处为狼人争取时间，【冷笑一声】每次发言都要摆弄那个药瓶，这分明是在虚张声势！

【快步走向钱强，眼神变得凌厉】钱强看似中立，【右手猛地拍在他肩上】但他对赵灵的维护太过刻意！【突然压低声音】作为猎人，这种暧昧态度实在反常！【转身面对众人，右手握拳重重砸在左手掌心】

【突然拔出佩剑插在地上，单膝跪地】以守卫之名起誓！【抬头环视众人】我注意到三个关键细节：第一，赵灵始终回避直接回应质疑；第二，钱强的中立立场太过完美；第三，张大胆的沉默恰恰证明他是被推出来挡刀的平民！

【缓缓站起，剑尖直指赵灵】现在我完全确信：【声音铿锵有力】赵灵和钱强就是那两匹隐藏最深的狼！【收剑入鞘，右手抚胸】今晚我必定守护王智，若他是真预言家，绝不能让他被刀！

【最后环视全场，语气凝重】建议好人阵营今天先投赵灵出局，【右手重重按在桌上】守卫在此立誓，必将守护好人到最后一刻！让我们齐心协力，揪出这些狡猾的狼人！
2025-05-31 17:06:51,263 - root - INFO - 周二: 

【手指无意识地摩挲着木桌边缘，目光依次扫过王智、孙一和赵灵的方向，眉头渐渐拧成一道川字】各位，我这普通村民现在越听越觉得有股子不对劲的味儿。先来说说王智（player3）——首夜跳预言家查杀张大胆（player1），这事儿本身不稀奇，但他第二轮突然补充说"查验了李勇（player2）也是狼人"，这查验顺序实在蹊跷【突然坐直身子，指尖重重叩了叩桌面】！真预言家首夜验人通常会选发言活跃或身份存疑的玩家，哪有一上来就连续查杀两个存在感极低的角色？更可疑的是，他从第一轮开始就反复催促"今天先投张大胆出局"，这种急着推人下水的架势，倒像狼人在赶进度【身体前倾，眼神锐利地盯着王智】。

再看孙一（player6）这守卫【突然转身盯着孙一，右手不自觉地攥成拳抵在腰间】，开口闭口就要投赵灵（player4）出局。守卫的本分是守人，不是带人节奏吧？【右手猛地拍了下桌子，声音拔高】他说赵灵"摆弄药瓶是虚张声势"，可女巫首夜保留解药本就是常规操作——狼人正盯着预言家下刀，这时候暴露女巫身份才危险！反倒是孙一，每次发言都剑拔弩张，和王智一唱一和【手指在王智和孙一之间来回点动】，王智说赵灵"拖延时间"，孙一立刻接话"赵灵是狼"；王智说要保护自己，孙一马上立誓"今晚守王智"。这配合也太默契了吧？【冷笑一声，眼神里带着几分审视】我玩了这么多局，真守卫哪会一上来就追着女巫咬？他这更像狼人在搅浑水，想把水泼到神职身上，好让狼队趁机躲过去！

赵灵（player4）的女巫发言倒让我觉得踏实【转头看向赵灵，嘴角扯出一抹淡笑】。她反复强调"观望"、"保留药剂"，乍一听像划水，可细想完全符合女巫的生存逻辑——首夜信息少，随便救人容易暴露身份，狼人正等着刀预言家呢，这时候藏着解药反而是保护。她指出王智"查验顺序不合常理"、"孙一和王智配合太默契"，这才是真神职该有的敏锐【身体微微后仰，手指轻轻敲击桌面】。

最关键的还是张大胆（player1）！【突然提高音量，身体微微发抖】他被王智查杀到现在连个反驳都没有【手指直戳张大胆的方向】——要是真狼人，早该跳脚说王智是悍跳了；要是被冤枉的平民，早该拍着胸脯喊"我是好人"了。这种反常的沉默，倒像被王智这头狼选中当替死鬼了！【深吸一口气，双手撑在桌上，眼神扫过全场】

现在局势明摆着：要么王智是真预言家，张大胆是狼，但他临时加查李勇的操作太可疑；要么王智是狼悍跳，孙一就是他的狼队友，俩狼在互保带节奏！赵灵的女巫逻辑没毛病，孙一的守卫行为却漏洞百出【手指缓缓指向孙一，语气冷得像冰碴】。我建议今天先别急着投张大胆，反倒是王智和孙一的发言更值得盘——王智要是真预言家，怎么连基本的验人逻辑都不讲？孙一要是真守卫，怎么比狼人还急着推神职出局？【突然坐直身子，目光灼灼】各位好人支棱起来！仔细看、仔细听，别被这俩狼的戏码骗了！
2025-05-31 17:06:51,263 - root - INFO - 周二: 

【手指无意识地摩挲着木桌边缘，目光依次扫过王智、孙一和赵灵的方向，眉头渐渐拧成一道川字】各位，我这普通村民现在越听越觉得有股子不对劲的味儿。先来说说王智（player3）——首夜跳预言家查杀张大胆（player1），这事儿本身不稀奇，但他第二轮突然补充说"查验了李勇（player2）也是狼人"，这查验顺序实在蹊跷【突然坐直身子，指尖重重叩了叩桌面】！真预言家首夜验人通常会选发言活跃或身份存疑的玩家，哪有一上来就连续查杀两个存在感极低的角色？更可疑的是，他从第一轮开始就反复催促"今天先投张大胆出局"，这种急着推人下水的架势，倒像狼人在赶进度【身体前倾，眼神锐利地盯着王智】。

再看孙一（player6）这守卫【突然转身盯着孙一，右手不自觉地攥成拳抵在腰间】，开口闭口就要投赵灵（player4）出局。守卫的本分是守人，不是带人节奏吧？【右手猛地拍了下桌子，声音拔高】他说赵灵"摆弄药瓶是虚张声势"，可女巫首夜保留解药本就是常规操作——狼人正盯着预言家下刀，这时候暴露女巫身份才危险！反倒是孙一，每次发言都剑拔弩张，和王智一唱一和【手指在王智和孙一之间来回点动】，王智说赵灵"拖延时间"，孙一立刻接话"赵灵是狼"；王智说要保护自己，孙一马上立誓"今晚守王智"。这配合也太默契了吧？【冷笑一声，眼神里带着几分审视】我玩了这么多局，真守卫哪会一上来就追着女巫咬？他这更像狼人在搅浑水，想把水泼到神职身上，好让狼队趁机躲过去！

赵灵（player4）的女巫发言倒让我觉得踏实【转头看向赵灵，嘴角扯出一抹淡笑】。她反复强调"观望"、"保留药剂"，乍一听像划水，可细想完全符合女巫的生存逻辑——首夜信息少，随便救人容易暴露身份，狼人正等着刀预言家呢，这时候藏着解药反而是保护。她指出王智"查验顺序不合常理"、"孙一和王智配合太默契"，这才是真神职该有的敏锐【身体微微后仰，手指轻轻敲击桌面】。

最关键的还是张大胆（player1）！【突然提高音量，身体微微发抖】他被王智查杀到现在连个反驳都没有【手指直戳张大胆的方向】——要是真狼人，早该跳脚说王智是悍跳了；要是被冤枉的平民，早该拍着胸脯喊"我是好人"了。这种反常的沉默，倒像被王智这头狼选中当替死鬼了！【深吸一口气，双手撑在桌上，眼神扫过全场】

现在局势明摆着：要么王智是真预言家，张大胆是狼，但他临时加查李勇的操作太可疑；要么王智是狼悍跳，孙一就是他的狼队友，俩狼在互保带节奏！赵灵的女巫逻辑没毛病，孙一的守卫行为却漏洞百出【手指缓缓指向孙一，语气冷得像冰碴】。我建议今天先别急着投张大胆，反倒是王智和孙一的发言更值得盘——王智要是真预言家，怎么连基本的验人逻辑都不讲？孙一要是真守卫，怎么比狼人还急着推神职出局？【突然坐直身子，目光灼灼】各位好人支棱起来！仔细看、仔细听，别被这俩狼的戏码骗了！
2025-05-31 17:06:51,264 - root - INFO - 吴三: 

【粗糙的手指无意识地搓了搓后颈，从长条木凳上直起腰板，目光先扫过始终沉默的张大胆，又缓缓转向王智，粗布短衫被穿得洗得发白，袖口还沾着点草屑】各位，咱庄稼汉说话直，这两回合听下来，我这脑子倒比刚开局时更清醒了些——有些事儿，越搅和越能看出门道。  

先说王智兄弟【冲王智拱了拱手，眉头皱成个疙瘩】，你首回合跳预言家查杀张大胆，这招够狠，可今儿又突然说连李勇也是狼人，这查验顺序实在蹊跷！【弯腰用指节敲了敲桌板，嗓门儿提了两分】真预言家首夜验人，要么验熟手摸底，要么验新手防狼，哪有一上来就认准张大胆，第二夜又急吼吼验李勇的？难不成你昨夜蹲他窗根儿底下瞅见他变身狼人了？【突然咧嘴笑了下，又板起脸】更可疑的是，你总催着大伙儿投票，真预言家该是急着让好人信你，还是急着把人投出去？我看你这“预言家”当得太急，倒像狼崽子怕夜长梦多，急着灭口！  

再看孙一兄弟【转身看向孙一，手指重重戳了戳空气】！【猛地站起身，粗布短衫被带得簌簌响】你说你是守卫，倒好，刚开局就喊着要守王智，把守护目标明明白白亮出来——狼崽子今晚要是想刀预言家，直接照着王智下黑手就行，你这守卫当得是护人还是害人？【又气又急地拍了下大腿】更离谱的是你急着推赵灵出局，人家女巫首夜藏着解药不使，那是怕救了狼崽子，多稳妥的事儿！你倒说人“拖延时间”，合着你恨不得今天就把好人全投出去？【突然压低声音凑近众人，眼神锐利】我看呐，你俩（王智、孙一）配合得倒默契，一个跳预言家带节奏，一个跳守卫当帮凶，十有八九是狼崽子一伙儿的！  

赵灵妹子【冲赵灵点点头，眼神缓和了些】的话我听着实在，女巫首夜用药是赌命，咱们庄稼人下地还知道看天气呢，她谨慎些有啥错？【伸手挠了挠后脑勺，露出困惑神色】可她总摆弄药瓶吓唬人，倒像怕人不信她是女巫——真女巫哪用得着这么急着证明自己？  

最扎眼的还是张大胆【扭头盯着张大胆的方向，嗓门儿陡然拔高】！你被王智查杀到现在，连个响屁都没放！要是狼人被戳穿，早该跳脚喊冤或者反咬预言家了；要是好人被冤枉，也该拍桌子骂王智瞎眼。你倒好，像块儿哑木头似的杵着，要么是被戳中命门心虚，要么...【眯起眼瞥了王智一眼】保不准是有人故意拿你当靶子使！  

【深吸一口气，双手撑在桌上往前探身，脸上的皱纹绷得紧紧的】我看呐，今儿最该盯紧的是王智和孙一！一个急着带节奏投人，一个急着当“守卫”保他，他俩要是清白的，咋就容不得大伙儿多问两句？至于张大胆，等他开口再说——他要是能说出个一二三来，王智这预言家身份就得扔粪坑里；要是还支支吾吾，那王智倒可能是真预言家。【重重坐回木凳，双手抱在胸前，目光灼灼地扫过王智和孙一】咱们庄稼人最恨撒谎的，谁的话站不住脚，我吴三第一个举票！
2025-05-31 17:06:51,264 - root - INFO - 吴三: 

【粗糙的手指无意识地搓了搓后颈，从长条木凳上直起腰板，目光先扫过始终沉默的张大胆，又缓缓转向王智，粗布短衫被穿得洗得发白，袖口还沾着点草屑】各位，咱庄稼汉说话直，这两回合听下来，我这脑子倒比刚开局时更清醒了些——有些事儿，越搅和越能看出门道。  

先说王智兄弟【冲王智拱了拱手，眉头皱成个疙瘩】，你首回合跳预言家查杀张大胆，这招够狠，可今儿又突然说连李勇也是狼人，这查验顺序实在蹊跷！【弯腰用指节敲了敲桌板，嗓门儿提了两分】真预言家首夜验人，要么验熟手摸底，要么验新手防狼，哪有一上来就认准张大胆，第二夜又急吼吼验李勇的？难不成你昨夜蹲他窗根儿底下瞅见他变身狼人了？【突然咧嘴笑了下，又板起脸】更可疑的是，你总催着大伙儿投票，真预言家该是急着让好人信你，还是急着把人投出去？我看你这“预言家”当得太急，倒像狼崽子怕夜长梦多，急着灭口！  

再看孙一兄弟【转身看向孙一，手指重重戳了戳空气】！【猛地站起身，粗布短衫被带得簌簌响】你说你是守卫，倒好，刚开局就喊着要守王智，把守护目标明明白白亮出来——狼崽子今晚要是想刀预言家，直接照着王智下黑手就行，你这守卫当得是护人还是害人？【又气又急地拍了下大腿】更离谱的是你急着推赵灵出局，人家女巫首夜藏着解药不使，那是怕救了狼崽子，多稳妥的事儿！你倒说人“拖延时间”，合着你恨不得今天就把好人全投出去？【突然压低声音凑近众人，眼神锐利】我看呐，你俩（王智、孙一）配合得倒默契，一个跳预言家带节奏，一个跳守卫当帮凶，十有八九是狼崽子一伙儿的！  

赵灵妹子【冲赵灵点点头，眼神缓和了些】的话我听着实在，女巫首夜用药是赌命，咱们庄稼人下地还知道看天气呢，她谨慎些有啥错？【伸手挠了挠后脑勺，露出困惑神色】可她总摆弄药瓶吓唬人，倒像怕人不信她是女巫——真女巫哪用得着这么急着证明自己？  

最扎眼的还是张大胆【扭头盯着张大胆的方向，嗓门儿陡然拔高】！你被王智查杀到现在，连个响屁都没放！要是狼人被戳穿，早该跳脚喊冤或者反咬预言家了；要是好人被冤枉，也该拍桌子骂王智瞎眼。你倒好，像块儿哑木头似的杵着，要么是被戳中命门心虚，要么...【眯起眼瞥了王智一眼】保不准是有人故意拿你当靶子使！  

【深吸一口气，双手撑在桌上往前探身，脸上的皱纹绷得紧紧的】我看呐，今儿最该盯紧的是王智和孙一！一个急着带节奏投人，一个急着当“守卫”保他，他俩要是清白的，咋就容不得大伙儿多问两句？至于张大胆，等他开口再说——他要是能说出个一二三来，王智这预言家身份就得扔粪坑里；要是还支支吾吾，那王智倒可能是真预言家。【重重坐回木凳，双手抱在胸前，目光灼灼地扫过王智和孙一】咱们庄稼人最恨撒谎的，谁的话站不住脚，我吴三第一个举票！
2025-05-31 17:06:58,964 - httpx - INFO - HTTP Request: POST https://api.toiotech.com/v1/chat/completions "HTTP/1.1 200 OK"
2025-05-31 17:06:58,964 - httpx - INFO - HTTP Request: POST https://api.toiotech.com/v1/chat/completions "HTTP/1.1 200 OK"
2025-05-31 17:06:58,965 - root - INFO - 投票记录: player2 -> player5 (正确)
2025-05-31 17:06:58,965 - root - INFO - 投票记录: player2 -> player5 (正确)
2025-05-31 17:07:06,094 - httpx - INFO - HTTP Request: POST https://api.toiotech.com/v1/chat/completions "HTTP/1.1 200 OK"
2025-05-31 17:07:06,094 - httpx - INFO - HTTP Request: POST https://api.toiotech.com/v1/chat/completions "HTTP/1.1 200 OK"
2025-05-31 17:07:06,095 - root - INFO - 投票记录: player3 -> player2 (正确)
2025-05-31 17:07:06,095 - root - INFO - 投票记录: player3 -> player2 (正确)
2025-05-31 17:07:15,209 - httpx - INFO - HTTP Request: POST https://api.toiotech.com/v1/chat/completions "HTTP/1.1 200 OK"
2025-05-31 17:07:15,209 - httpx - INFO - HTTP Request: POST https://api.toiotech.com/v1/chat/completions "HTTP/1.1 200 OK"
2025-05-31 17:07:15,210 - root - INFO - 投票记录: player4 -> player3 (错误)
2025-05-31 17:07:15,210 - root - INFO - 投票记录: player4 -> player3 (错误)
2025-05-31 17:07:20,715 - httpx - INFO - HTTP Request: POST https://api.toiotech.com/v1/chat/completions "HTTP/1.1 200 OK"
2025-05-31 17:07:20,715 - httpx - INFO - HTTP Request: POST https://api.toiotech.com/v1/chat/completions "HTTP/1.1 200 OK"
2025-05-31 17:07:20,716 - root - INFO - 投票记录: player5 -> player3 (错误)
2025-05-31 17:07:20,716 - root - INFO - 投票记录: player5 -> player3 (错误)
2025-05-31 17:07:27,992 - httpx - INFO - HTTP Request: POST https://api.toiotech.com/v1/chat/completions "HTTP/1.1 200 OK"
2025-05-31 17:07:27,992 - httpx - INFO - HTTP Request: POST https://api.toiotech.com/v1/chat/completions "HTTP/1.1 200 OK"
2025-05-31 17:07:27,993 - root - INFO - 投票记录: player6 -> player4 (错误)
2025-05-31 17:07:27,993 - root - INFO - 投票记录: player6 -> player4 (错误)
2025-05-31 17:07:56,638 - httpx - INFO - HTTP Request: POST https://api.toiotech.com/v1/chat/completions "HTTP/1.1 200 OK"
2025-05-31 17:07:56,638 - httpx - INFO - HTTP Request: POST https://api.toiotech.com/v1/chat/completions "HTTP/1.1 200 OK"
2025-05-31 17:07:56,641 - root - INFO - 投票记录: player7 -> player6 (错误)
2025-05-31 17:07:56,641 - root - INFO - 投票记录: player7 -> player6 (错误)
2025-05-31 17:08:20,786 - httpx - INFO - HTTP Request: POST https://api.toiotech.com/v1/chat/completions "HTTP/1.1 200 OK"
2025-05-31 17:08:20,786 - httpx - INFO - HTTP Request: POST https://api.toiotech.com/v1/chat/completions "HTTP/1.1 200 OK"
2025-05-31 17:08:20,787 - root - INFO - 投票记录: player8 -> player3 (错误)
2025-05-31 17:08:20,787 - root - INFO - 投票记录: player8 -> player3 (错误)
2025-05-31 17:08:21,300 - root - INFO - 
=== 第 2 回合投票结果 ===
2025-05-31 17:08:21,300 - root - INFO - 
=== 第 2 回合投票结果 ===
2025-05-31 17:08:21,300 - root - INFO - 得票情况：
2025-05-31 17:08:21,300 - root - INFO - 得票情况：
2025-05-31 17:08:21,300 - root - INFO - - 钱强: 1 票
2025-05-31 17:08:21,300 - root - INFO - - 钱强: 1 票
2025-05-31 17:08:21,301 - root - INFO -   投票者: 李勇
2025-05-31 17:08:21,301 - root - INFO -   投票者: 李勇
2025-05-31 17:08:21,301 - root - INFO - - 李勇: 1 票
2025-05-31 17:08:21,301 - root - INFO - - 李勇: 1 票
2025-05-31 17:08:21,301 - root - INFO -   投票者: 王智
2025-05-31 17:08:21,301 - root - INFO -   投票者: 王智
2025-05-31 17:08:21,301 - root - INFO - - 王智: 3 票
2025-05-31 17:08:21,301 - root - INFO - - 王智: 3 票
2025-05-31 17:08:21,301 - root - INFO -   投票者: 赵灵, 钱强, 吴三
2025-05-31 17:08:21,301 - root - INFO -   投票者: 赵灵, 钱强, 吴三
2025-05-31 17:08:21,301 - root - INFO - - 赵灵: 1 票
2025-05-31 17:08:21,301 - root - INFO - - 赵灵: 1 票
2025-05-31 17:08:21,301 - root - INFO -   投票者: 孙一
2025-05-31 17:08:21,301 - root - INFO -   投票者: 孙一
2025-05-31 17:08:21,302 - root - INFO - - 孙一: 1 票
2025-05-31 17:08:21,302 - root - INFO - - 孙一: 1 票
2025-05-31 17:08:21,302 - root - INFO -   投票者: 周二
2025-05-31 17:08:21,302 - root - INFO -   投票者: 周二
2025-05-31 17:08:21,302 - root - INFO - 
投票最高的是 王智，得到 3 票
2025-05-31 17:08:21,302 - root - INFO - 
投票最高的是 王智，得到 3 票
2025-05-31 17:08:25,563 - httpx - INFO - HTTP Request: POST https://api.toiotech.com/v1/chat/completions "HTTP/1.1 200 OK"
2025-05-31 17:08:25,563 - httpx - INFO - HTTP Request: POST https://api.toiotech.com/v1/chat/completions "HTTP/1.1 200 OK"
2025-05-31 17:08:43,026 - httpx - INFO - HTTP Request: POST https://api.toiotech.com/v1/chat/completions "HTTP/1.1 200 OK"
2025-05-31 17:08:43,026 - httpx - INFO - HTTP Request: POST https://api.toiotech.com/v1/chat/completions "HTTP/1.1 200 OK"
2025-05-31 17:09:03,224 - httpx - INFO - HTTP Request: POST https://api.toiotech.com/v1/chat/completions "HTTP/1.1 200 OK"
2025-05-31 17:09:03,224 - httpx - INFO - HTTP Request: POST https://api.toiotech.com/v1/chat/completions "HTTP/1.1 200 OK"
2025-05-31 17:09:09,060 - httpx - INFO - HTTP Request: POST https://api.toiotech.com/v1/chat/completions "HTTP/1.1 200 OK"
2025-05-31 17:09:09,060 - httpx - INFO - HTTP Request: POST https://api.toiotech.com/v1/chat/completions "HTTP/1.1 200 OK"
2025-05-31 17:09:09,062 - game.ai_players - WARNING - 无法从响应中提取有效的目标ID: 不行动

理由：
1. 解药已用，无法再次使用。
2. 当前是第3回合，游戏还处于早期阶段，毒药应该保留到更关键的时刻使用。
3. 目前存活玩家较多，没有足够信息判断谁是重要角色，贸然使用毒药可能误杀好人。
4. 建议继续观察局势，等待更明确的线索或威胁出现后再使用毒药。
2025-05-31 17:09:09,062 - game.ai_players - WARNING - 无法从响应中提取有效的目标ID: 不行动

理由：
1. 解药已用，无法再次使用。
2. 当前是第3回合，游戏还处于早期阶段，毒药应该保留到更关键的时刻使用。
3. 目前存活玩家较多，没有足够信息判断谁是重要角色，贸然使用毒药可能误杀好人。
4. 建议继续观察局势，等待更明确的线索或威胁出现后再使用毒药。
2025-05-31 17:09:26,743 - httpx - INFO - HTTP Request: POST https://api.toiotech.com/v1/chat/completions "HTTP/1.1 200 OK"
2025-05-31 17:09:26,743 - httpx - INFO - HTTP Request: POST https://api.toiotech.com/v1/chat/completions "HTTP/1.1 200 OK"
2025-05-31 17:09:52,820 - httpx - INFO - HTTP Request: POST https://api.toiotech.com/v1/chat/completions "HTTP/1.1 200 OK"
2025-05-31 17:09:52,820 - httpx - INFO - HTTP Request: POST https://api.toiotech.com/v1/chat/completions "HTTP/1.1 200 OK"
2025-05-31 17:09:59,696 - httpx - INFO - HTTP Request: POST https://api.toiotech.com/v1/chat/completions "HTTP/1.1 200 OK"
2025-05-31 17:09:59,696 - httpx - INFO - HTTP Request: POST https://api.toiotech.com/v1/chat/completions "HTTP/1.1 200 OK"
2025-05-31 17:10:18,819 - httpx - INFO - HTTP Request: POST https://api.toiotech.com/v1/chat/completions "HTTP/1.1 200 OK"
2025-05-31 17:10:18,819 - httpx - INFO - HTTP Request: POST https://api.toiotech.com/v1/chat/completions "HTTP/1.1 200 OK"
2025-05-31 17:11:10,621 - httpx - INFO - HTTP Request: POST https://api.toiotech.com/v1/chat/completions "HTTP/1.1 200 OK"
2025-05-31 17:11:10,621 - httpx - INFO - HTTP Request: POST https://api.toiotech.com/v1/chat/completions "HTTP/1.1 200 OK"
2025-05-31 17:11:10,623 - __main__ - ERROR - 第 1 轮游戏运行出错: [Errno 22] Invalid argument
Traceback (most recent call last):
  File "C:\Users\Administrator\Downloads\Wolftry\main.py", line 496, in main
    game.run_game()
  File "C:\Users\Administrator\Downloads\Wolftry\game\game_controller.py", line 216, in run_game
    self.day_phase()
  File "C:\Users\Administrator\Downloads\Wolftry\game\game_controller.py", line 510, in day_phase
    self.discussion_phase()
  File "C:\Users\Administrator\Downloads\Wolftry\game\game_controller.py", line 554, in discussion_phase
    print(speech)
OSError: [Errno 22] Invalid argument
2025-05-31 17:11:10,623 - __main__ - ERROR - 第 1 轮游戏运行出错: [Errno 22] Invalid argument
Traceback (most recent call last):
  File "C:\Users\Administrator\Downloads\Wolftry\main.py", line 496, in main
    game.run_game()
  File "C:\Users\Administrator\Downloads\Wolftry\game\game_controller.py", line 216, in run_game
    self.day_phase()
  File "C:\Users\Administrator\Downloads\Wolftry\game\game_controller.py", line 510, in day_phase
    self.discussion_phase()
  File "C:\Users\Administrator\Downloads\Wolftry\game\game_controller.py", line 554, in discussion_phase
    print(speech)
OSError: [Errno 22] Invalid argument
